#
# There is insufficient memory for the Java Runtime Environment to continue.
# Native memory allocation (malloc) failed to allocate 758736 bytes for Chunk::new
# Possible reasons:
#   The system is out of physical RAM or swap space
#   The process is running with CompressedOops enabled, and the Java Heap may be blocking the growth of the native heap
# Possible solutions:
#   Reduce memory load on the system
#   Increase physical memory or swap space
#   Check if swap backing store is full
#   Decrease Java heap size (-Xmx/-Xms)
#   Decrease number of Java threads
#   Decrease Java thread stack sizes (-Xss)
#   Set larger code cache with -XX:ReservedCodeCacheSize=
#   JVM is running with Unscaled Compressed Oops mode in which the Java heap is
#     placed in the first 4GB address space. The Java Heap base address is the
#     maximum limit for the native heap growth. Please use -XX:HeapBaseMinAddress
#     to set the Java Heap base and to place the Java Heap above 4GB virtual address.
# This output file may be truncated or incomplete.
#
#  Out of Memory Error (allocation.cpp:389), pid=24660, tid=0x0000000000003c80
#
# JRE version: OpenJDK Runtime Environment (8.0_242-b01) (build 1.8.0_242-release-1644-b01)
# Java VM: OpenJDK 64-Bit Server VM (25.242-b01 mixed mode windows-amd64 compressed oops)
# Failed to write core dump. Minidumps are not enabled by default on client versions of Windows
#

---------------  T H R E A D  ---------------

Current thread (0x000000001a4cd000):  JavaThread "C2 CompilerThread2" daemon [_thread_in_native, id=15488, stack(0x000000001c240000,0x000000001c340000)]

Stack: [0x000000001c240000,0x000000001c340000]
[error occurred during error reporting (printing stack bounds), id 0xc0000005]

Native frames: (J=compiled Java code, j=interpreted, Vv=VM code, C=native code)


Current CompileTask:
C2:  14995 10693 %     4       com.android.tools.r8.dex.DexParser::a @ 59 (1971 bytes)


---------------  P R O C E S S  ---------------

Java Threads: ( => current thread )
  0x000000001f16f800 JavaThread "ForkJoinPool-2-worker-0" daemon [_thread_blocked, id=20312, stack(0x0000000033060000,0x0000000033160000)]
  0x000000001f16f000 JavaThread "ForkJoinPool-2-worker-7" daemon [_thread_blocked, id=18140, stack(0x0000000032f60000,0x0000000033060000)]
  0x000000001f16c800 JavaThread "ForkJoinPool-2-worker-14" daemon [_thread_blocked, id=24376, stack(0x0000000032e60000,0x0000000032f60000)]
  0x000000001f16e000 JavaThread "ForkJoinPool-2-worker-5" daemon [_thread_blocked, id=21036, stack(0x0000000032d60000,0x0000000032e60000)]
  0x000000001f165800 JavaThread "ForkJoinPool-2-worker-12" daemon [_thread_blocked, id=23288, stack(0x0000000032c60000,0x0000000032d60000)]
  0x000000001f165000 JavaThread "ForkJoinPool-2-worker-3" daemon [_thread_blocked, id=25460, stack(0x0000000032b60000,0x0000000032c60000)]
  0x000000001f16c000 JavaThread "ForkJoinPool-2-worker-10" daemon [_thread_blocked, id=4340, stack(0x0000000032a60000,0x0000000032b60000)]
  0x000000001f166800 JavaThread "ForkJoinPool-2-worker-1" daemon [_thread_blocked, id=28560, stack(0x0000000032960000,0x0000000032a60000)]
  0x000000001f164000 JavaThread "ForkJoinPool-2-worker-8" daemon [_thread_blocked, id=18224, stack(0x0000000032860000,0x0000000032960000)]
  0x000000001f16b000 JavaThread "ForkJoinPool-2-worker-15" daemon [_thread_blocked, id=23640, stack(0x0000000032760000,0x0000000032860000)]
  0x000000001f163800 JavaThread "ForkJoinPool-2-worker-6" daemon [_thread_blocked, id=24924, stack(0x0000000032660000,0x0000000032760000)]
  0x000000001f16a800 JavaThread "ForkJoinPool-2-worker-13" daemon [_thread_blocked, id=22368, stack(0x0000000032560000,0x0000000032660000)]
  0x000000001f169800 JavaThread "ForkJoinPool-2-worker-4" daemon [_thread_blocked, id=24436, stack(0x0000000032460000,0x0000000032560000)]
  0x000000001f168000 JavaThread "ForkJoinPool-2-worker-11" daemon [_thread_blocked, id=16080, stack(0x0000000032360000,0x0000000032460000)]
  0x000000001f169000 JavaThread "ForkJoinPool-2-worker-2" daemon [_thread_blocked, id=27552, stack(0x0000000032260000,0x0000000032360000)]
  0x000000001f167800 JavaThread "ForkJoinPool-2-worker-9" daemon [_thread_blocked, id=14560, stack(0x0000000032160000,0x0000000032260000)]
  0x000000002371c000 JavaThread "WorkerExecutor Queue Thread 10" [_thread_blocked, id=24976, stack(0x0000000031f50000,0x0000000032050000)]
  0x0000000023719800 JavaThread "WorkerExecutor Queue Thread 9" [_thread_in_Java, id=3128, stack(0x0000000031850000,0x0000000031950000)]
  0x000000002371d800 JavaThread "WorkerExecutor Queue Thread 8" [_thread_blocked, id=7232, stack(0x0000000031750000,0x0000000031850000)]
  0x0000000023718000 JavaThread "WorkerExecutor Queue Thread 7" [_thread_blocked, id=14804, stack(0x0000000031650000,0x0000000031750000)]
  0x0000000023719000 JavaThread "WorkerExecutor Queue Thread 6" [_thread_blocked, id=19960, stack(0x0000000031550000,0x0000000031650000)]
  0x0000000023717800 JavaThread "WorkerExecutor Queue Thread 5" [_thread_blocked, id=27140, stack(0x0000000031450000,0x0000000031550000)]
  0x0000000023716800 JavaThread "WorkerExecutor Queue Thread 4" [_thread_blocked, id=8220, stack(0x0000000031350000,0x0000000031450000)]
  0x000000002371d000 JavaThread "WorkerExecutor Queue Thread 3" [_thread_blocked, id=27300, stack(0x0000000031250000,0x0000000031350000)]
  0x000000001f053800 JavaThread "WorkerExecutor Queue Thread 2" [_thread_blocked, id=11340, stack(0x0000000031150000,0x0000000031250000)]
  0x0000000023553000 JavaThread "WorkerExecutor Queue" [_thread_blocked, id=19620, stack(0x0000000030f30000,0x0000000031030000)]
  0x0000000023559000 JavaThread "ForkJoinPool.commonPool-worker-9" daemon [_thread_blocked, id=26260, stack(0x0000000031050000,0x0000000031150000)]
  0x0000000023557000 JavaThread "Exec process Thread 3" [_thread_blocked, id=21664, stack(0x0000000030c30000,0x0000000030d30000)]
  0x0000000023551800 JavaThread "Exec process Thread 2" [_thread_blocked, id=16824, stack(0x0000000030b30000,0x0000000030c30000)]
  0x0000000023558800 JavaThread "Exec process" [_thread_blocked, id=20812, stack(0x0000000030a30000,0x0000000030b30000)]
  0x000000002354d000 JavaThread "Cache worker for execution history cache (C:\camera-samples-main\MyApplication1125_1\.gradle\6.5\executionHistory)" [_thread_blocked, id=20548, stack(0x0000000030730000,0x0000000030830000)]
  0x000000002354b000 JavaThread "Execution worker for ':' Thread 15" [_thread_blocked, id=22736, stack(0x0000000030330000,0x0000000030430000)]
  0x000000002354f800 JavaThread "Execution worker for ':' Thread 14" [_thread_blocked, id=18548, stack(0x0000000030230000,0x0000000030330000)]
  0x000000002354b800 JavaThread "Execution worker for ':' Thread 13" [_thread_blocked, id=17312, stack(0x0000000030130000,0x0000000030230000)]
  0x0000000023551000 JavaThread "Execution worker for ':' Thread 12" [_thread_blocked, id=19920, stack(0x0000000030030000,0x0000000030130000)]
  0x0000000023550000 JavaThread "Execution worker for ':' Thread 11" [_thread_blocked, id=28592, stack(0x000000002ff30000,0x0000000030030000)]
  0x000000002354c800 JavaThread "Execution worker for ':' Thread 10" [_thread_blocked, id=25344, stack(0x000000002fe30000,0x000000002ff30000)]
  0x000000002354a000 JavaThread "Execution worker for ':' Thread 9" [_thread_blocked, id=14064, stack(0x000000002fd30000,0x000000002fe30000)]
  0x000000002354e000 JavaThread "Execution worker for ':' Thread 8" [_thread_blocked, id=3796, stack(0x000000002fc30000,0x000000002fd30000)]
  0x000000002354e800 JavaThread "Execution worker for ':' Thread 7" [_thread_blocked, id=15096, stack(0x000000002fb30000,0x000000002fc30000)]
  0x0000000021671800 JavaThread "Execution worker for ':' Thread 6" [_thread_blocked, id=27524, stack(0x000000002fa30000,0x000000002fb30000)]
  0x0000000021670000 JavaThread "Execution worker for ':' Thread 5" [_thread_blocked, id=13708, stack(0x000000002f930000,0x000000002fa30000)]
  0x0000000021671000 JavaThread "Execution worker for ':' Thread 4" [_thread_blocked, id=1068, stack(0x000000002f830000,0x000000002f930000)]
  0x0000000021673000 JavaThread "Execution worker for ':' Thread 3" [_thread_blocked, id=27956, stack(0x000000002f730000,0x000000002f830000)]
  0x000000002166f800 JavaThread "Execution worker for ':' Thread 2" [_thread_blocked, id=18852, stack(0x000000002f630000,0x000000002f730000)]
  0x000000002166e800 JavaThread "Execution worker for ':'" [_thread_blocked, id=27016, stack(0x000000002f530000,0x000000002f630000)]
  0x000000002166e000 JavaThread "Cache worker for file content cache (C:\camera-samples-main\MyApplication1125_1\.gradle\6.5\fileContent)" [_thread_blocked, id=28440, stack(0x000000002dc60000,0x000000002dd60000)]
  0x0000000021672800 JavaThread "Memory manager" [_thread_blocked, id=19680, stack(0x000000002db60000,0x000000002dc60000)]
  0x0000000021665800 JavaThread "Cache worker for Build Output Cleanup Cache (C:\camera-samples-main\MyApplication1125_1\.gradle\buildOutputCleanup)" [_thread_blocked, id=14248, stack(0x000000002d060000,0x000000002d160000)]
  0x000000002166b800 JavaThread "jar transforms Thread 83" [_thread_blocked, id=15064, stack(0x000000002c960000,0x000000002ca60000)]
  0x0000000021664000 JavaThread "jar transforms Thread 82" [_thread_blocked, id=21620, stack(0x000000002c860000,0x000000002c960000)]
  0x000000002166b000 JavaThread "jar transforms Thread 81" [_thread_blocked, id=25508, stack(0x000000002c760000,0x000000002c860000)]
  0x0000000021667000 JavaThread "jar transforms Thread 80" [_thread_blocked, id=11736, stack(0x000000002c660000,0x000000002c760000)]
  0x0000000021668000 JavaThread "jar transforms Thread 79" [_thread_blocked, id=10920, stack(0x000000002c560000,0x000000002c660000)]
  0x0000000021665000 JavaThread "jar transforms Thread 78" [_thread_blocked, id=19848, stack(0x000000002c460000,0x000000002c560000)]
  0x000000002166a000 JavaThread "jar transforms Thread 77" [_thread_blocked, id=17216, stack(0x000000002c360000,0x000000002c460000)]
  0x0000000021669800 JavaThread "jar transforms Thread 76" [_thread_blocked, id=15700, stack(0x000000002c260000,0x000000002c360000)]
  0x0000000021668800 JavaThread "jar transforms Thread 75" [_thread_blocked, id=28004, stack(0x000000002c160000,0x000000002c260000)]
  0x000000001edbf800 JavaThread "jar transforms Thread 74" [_thread_blocked, id=24960, stack(0x000000002c060000,0x000000002c160000)]
  0x000000001edbe800 JavaThread "jar transforms Thread 73" [_thread_blocked, id=3360, stack(0x000000002bf60000,0x000000002c060000)]
  0x000000001edbe000 JavaThread "jar transforms Thread 72" [_thread_blocked, id=22480, stack(0x000000002be60000,0x000000002bf60000)]
  0x000000001edbd000 JavaThread "jar transforms Thread 71" [_thread_blocked, id=17416, stack(0x000000002bd60000,0x000000002be60000)]
  0x000000001edb5800 JavaThread "jar transforms Thread 70" [_thread_blocked, id=11696, stack(0x000000002bc60000,0x000000002bd60000)]
  0x000000001edbc800 JavaThread "jar transforms Thread 69" [_thread_blocked, id=13388, stack(0x000000002bb60000,0x000000002bc60000)]
  0x000000001edb5000 JavaThread "jar transforms Thread 68" [_thread_blocked, id=3904, stack(0x000000002ba60000,0x000000002bb60000)]
  0x000000001edbb000 JavaThread "jar transforms Thread 67" [_thread_blocked, id=14592, stack(0x000000002b960000,0x000000002ba60000)]
  0x000000001edba000 JavaThread "jar transforms Thread 66" [_thread_blocked, id=16728, stack(0x000000002b860000,0x000000002b960000)]
  0x000000001edb9800 JavaThread "jar transforms Thread 65" [_thread_blocked, id=13376, stack(0x000000002b760000,0x000000002b860000)]
  0x000000001edb8800 JavaThread "jar transforms Thread 64" [_thread_blocked, id=9392, stack(0x000000002b660000,0x000000002b760000)]
  0x000000001edbb800 JavaThread "jar transforms Thread 63" [_thread_blocked, id=17720, stack(0x000000002b560000,0x000000002b660000)]
  0x000000001edb7000 JavaThread "jar transforms Thread 62" [_thread_blocked, id=13532, stack(0x000000002b460000,0x000000002b560000)]
  0x000000001edb6800 JavaThread "jar transforms Thread 61" [_thread_blocked, id=16156, stack(0x000000002b360000,0x000000002b460000)]
  0x000000001edb8000 JavaThread "jar transforms Thread 60" [_thread_blocked, id=26488, stack(0x000000002b260000,0x000000002b360000)]
  0x000000001edb0800 JavaThread "jar transforms Thread 59" [_thread_blocked, id=28544, stack(0x000000002b160000,0x000000002b260000)]
  0x000000001edb2800 JavaThread "jar transforms Thread 58" [_thread_blocked, id=23304, stack(0x000000002b060000,0x000000002b160000)]
  0x000000001edb2000 JavaThread "jar transforms Thread 57" [_thread_blocked, id=27572, stack(0x000000002af60000,0x000000002b060000)]
  0x000000001edb4000 JavaThread "jar transforms Thread 56" [_thread_blocked, id=13004, stack(0x000000002ae60000,0x000000002af60000)]
  0x000000001edb3800 JavaThread "jar transforms Thread 55" [_thread_blocked, id=7260, stack(0x000000002ad60000,0x000000002ae60000)]
  0x000000001f479000 JavaThread "jar transforms Thread 54" [_thread_blocked, id=23204, stack(0x000000002ac60000,0x000000002ad60000)]
  0x000000001f478800 JavaThread "jar transforms Thread 53" [_thread_blocked, id=26196, stack(0x000000002ab60000,0x000000002ac60000)]
  0x000000001f477000 JavaThread "jar transforms Thread 52" [_thread_blocked, id=23160, stack(0x000000002aa60000,0x000000002ab60000)]
  0x000000001f476000 JavaThread "jar transforms Thread 51" [_thread_blocked, id=21900, stack(0x000000002a960000,0x000000002aa60000)]
  0x000000001f475800 JavaThread "jar transforms Thread 50" [_thread_blocked, id=14328, stack(0x000000002a860000,0x000000002a960000)]
  0x000000001f477800 JavaThread "jar transforms Thread 49" [_thread_blocked, id=25192, stack(0x000000002a760000,0x000000002a860000)]
  0x000000001f474800 JavaThread "jar transforms Thread 48" [_thread_blocked, id=24896, stack(0x000000002a660000,0x000000002a760000)]
  0x000000001f46e000 JavaThread "jar transforms Thread 47" [_thread_blocked, id=17592, stack(0x000000002a560000,0x000000002a660000)]
  0x000000001f474000 JavaThread "jar transforms Thread 46" [_thread_blocked, id=26464, stack(0x000000002a460000,0x000000002a560000)]
  0x000000001f46c800 JavaThread "jar transforms Thread 45" [_thread_blocked, id=9700, stack(0x000000002a360000,0x000000002a460000)]
  0x000000001f473000 JavaThread "jar transforms Thread 44" [_thread_blocked, id=11884, stack(0x000000002a260000,0x000000002a360000)]
  0x000000001f46b800 JavaThread "jar transforms Thread 43" [_thread_blocked, id=12380, stack(0x000000002a160000,0x000000002a260000)]
  0x000000001f472800 JavaThread "jar transforms Thread 42" [_thread_blocked, id=20504, stack(0x000000002a060000,0x000000002a160000)]
  0x000000001f471800 JavaThread "jar transforms Thread 41" [_thread_blocked, id=1424, stack(0x0000000029f60000,0x000000002a060000)]
  0x000000001f46d000 JavaThread "jar transforms Thread 40" [_thread_blocked, id=16164, stack(0x0000000029e60000,0x0000000029f60000)]
  0x000000001f46a800 JavaThread "jar transforms Thread 39" [_thread_blocked, id=21192, stack(0x0000000029d60000,0x0000000029e60000)]
  0x000000001f46a000 JavaThread "jar transforms Thread 38" [_thread_blocked, id=16060, stack(0x0000000029c60000,0x0000000029d60000)]
  0x000000001f46f800 JavaThread "jar transforms Thread 37" [_thread_blocked, id=9540, stack(0x0000000029b60000,0x0000000029c60000)]
  0x000000001f471000 JavaThread "jar transforms Thread 36" [_thread_blocked, id=24692, stack(0x0000000029a60000,0x0000000029b60000)]
  0x000000001f470000 JavaThread "jar transforms Thread 35" [_thread_blocked, id=27904, stack(0x0000000029960000,0x0000000029a60000)]
  0x000000001f46e800 JavaThread "jar transforms Thread 34" [_thread_blocked, id=24708, stack(0x0000000029860000,0x0000000029960000)]
  0x00000000211f2000 JavaThread "jar transforms Thread 33" [_thread_blocked, id=23272, stack(0x0000000029760000,0x0000000029860000)]
  0x00000000211f1000 JavaThread "jar transforms Thread 32" [_thread_blocked, id=2400, stack(0x0000000029660000,0x0000000029760000)]
  0x00000000211f0800 JavaThread "jar transforms Thread 31" [_thread_blocked, id=9668, stack(0x0000000029560000,0x0000000029660000)]
  0x00000000211ef000 JavaThread "jar transforms Thread 30" [_thread_blocked, id=12372, stack(0x0000000029460000,0x0000000029560000)]
  0x00000000211f4000 JavaThread "jar transforms Thread 29" [_thread_blocked, id=19716, stack(0x0000000029360000,0x0000000029460000)]
  0x00000000211f3800 JavaThread "jar transforms Thread 28" [_thread_blocked, id=26076, stack(0x0000000029260000,0x0000000029360000)]
  0x00000000211f2800 JavaThread "jar transforms Thread 27" [_thread_blocked, id=9008, stack(0x0000000029160000,0x0000000029260000)]
  0x00000000211ef800 JavaThread "jar transforms Thread 26" [_thread_blocked, id=27704, stack(0x0000000029060000,0x0000000029160000)]
  0x00000000211e7800 JavaThread "jar transforms Thread 25" [_thread_blocked, id=26616, stack(0x0000000028f60000,0x0000000029060000)]
  0x00000000211ee000 JavaThread "jar transforms Thread 24" [_thread_blocked, id=15164, stack(0x0000000028e60000,0x0000000028f60000)]
  0x00000000211ea800 JavaThread "jar transforms Thread 23" [_thread_blocked, id=14472, stack(0x0000000028d60000,0x0000000028e60000)]
  0x00000000211e6800 JavaThread "jar transforms Thread 22" [_thread_blocked, id=15248, stack(0x0000000028c60000,0x0000000028d60000)]
  0x00000000211ed800 JavaThread "jar transforms Thread 21" [_thread_blocked, id=27948, stack(0x0000000028b60000,0x0000000028c60000)]
  0x00000000211ec800 JavaThread "jar transforms Thread 20" [_thread_blocked, id=28636, stack(0x0000000028a60000,0x0000000028b60000)]
  0x00000000211e9800 JavaThread "jar transforms Thread 19" [_thread_blocked, id=17772, stack(0x0000000028960000,0x0000000028a60000)]
  0x00000000211e5000 JavaThread "jar transforms Thread 18" [_thread_blocked, id=23216, stack(0x0000000028860000,0x0000000028960000)]
  0x00000000211e6000 JavaThread "jar transforms Thread 17" [_thread_blocked, id=5700, stack(0x0000000028760000,0x0000000028860000)]
  0x00000000211e9000 JavaThread "jar transforms Thread 16" [_thread_blocked, id=22500, stack(0x0000000028660000,0x0000000028760000)]
  0x00000000211eb000 JavaThread "jar transforms Thread 15" [_thread_blocked, id=20340, stack(0x0000000028560000,0x0000000028660000)]
  0x00000000211ec000 JavaThread "jar transforms Thread 14" [_thread_blocked, id=27768, stack(0x0000000028460000,0x0000000028560000)]
  0x00000000211e8000 JavaThread "jar transforms Thread 13" [_thread_blocked, id=23020, stack(0x0000000028360000,0x0000000028460000)]
  0x000000001deb6800 JavaThread "jar transforms Thread 12" [_thread_blocked, id=9004, stack(0x0000000028260000,0x0000000028360000)]
  0x000000001debb800 JavaThread "jar transforms Thread 11" [_thread_blocked, id=28160, stack(0x0000000028160000,0x0000000028260000)]
  0x000000001deba000 JavaThread "jar transforms Thread 10" [_thread_blocked, id=17560, stack(0x0000000028060000,0x0000000028160000)]
  0x000000001debd000 JavaThread "jar transforms Thread 9" [_thread_blocked, id=16004, stack(0x0000000027f60000,0x0000000028060000)]
  0x000000001deb8000 JavaThread "jar transforms Thread 8" [_thread_blocked, id=11300, stack(0x0000000027e60000,0x0000000027f60000)]
  0x000000001deb9800 JavaThread "jar transforms Thread 7" [_thread_blocked, id=14660, stack(0x0000000027d60000,0x0000000027e60000)]
  0x000000001debc800 JavaThread "Build operations Thread 16" [_thread_blocked, id=16756, stack(0x0000000027a60000,0x0000000027b60000)]
  0x000000001deb8800 JavaThread "Build operations Thread 15" [_thread_blocked, id=1316, stack(0x0000000027960000,0x0000000027a60000)]
  0x000000001debb000 JavaThread "Build operations Thread 14" [_thread_blocked, id=27036, stack(0x0000000027860000,0x0000000027960000)]
  0x000000001deb7000 JavaThread "Build operations Thread 13" [_thread_blocked, id=15020, stack(0x0000000027760000,0x0000000027860000)]
  0x000000001f056800 JavaThread "Build operations Thread 12" [_thread_blocked, id=26816, stack(0x0000000027660000,0x0000000027760000)]
  0x000000001f05a800 JavaThread "Build operations Thread 11" [_thread_blocked, id=13960, stack(0x0000000027560000,0x0000000027660000)]
  0x000000001f059800 JavaThread "Build operations Thread 10" [_thread_blocked, id=25636, stack(0x0000000027460000,0x0000000027560000)]
  0x000000001f056000 JavaThread "Build operations Thread 9" [_thread_blocked, id=27104, stack(0x0000000027360000,0x0000000027460000)]
  0x000000001f057800 JavaThread "Build operations Thread 8" [_thread_blocked, id=13564, stack(0x0000000027260000,0x0000000027360000)]
  0x000000001f058000 JavaThread "Build operations Thread 7" [_thread_blocked, id=14960, stack(0x0000000027160000,0x0000000027260000)]
  0x000000001f055000 JavaThread "Build operations Thread 6" [_thread_blocked, id=2300, stack(0x0000000027060000,0x0000000027160000)]
  0x000000001f05b000 JavaThread "Build operations Thread 5" [_thread_blocked, id=27668, stack(0x0000000026f60000,0x0000000027060000)]
  0x000000001f059000 JavaThread "Build operations Thread 4" [_thread_blocked, id=26140, stack(0x0000000026e60000,0x0000000026f60000)]
  0x000000001f04d800 JavaThread "Build operations Thread 3" [_thread_blocked, id=9592, stack(0x0000000026d60000,0x0000000026e60000)]
  0x000000001f04e000 JavaThread "Build operations Thread 2" [_thread_blocked, id=4320, stack(0x0000000025830000,0x0000000025930000)]
  0x000000001f04f800 JavaThread "Build operations" [_thread_blocked, id=20940, stack(0x0000000025510000,0x0000000025610000)]
  0x000000001f050800 JavaThread "Cache worker for file content cache (C:\Users\1403\.gradle\caches\6.5\fileContent)" [_thread_blocked, id=27796, stack(0x0000000025410000,0x0000000025510000)]
  0x000000001f04c000 JavaThread "Cache worker for execution history cache (C:\Users\1403\.gradle\caches\6.5\executionHistory)" [_thread_blocked, id=22020, stack(0x0000000024f10000,0x0000000025010000)]
  0x000000001f053000 JavaThread "Cache worker for cache directory md-rule (C:\Users\1403\.gradle\caches\6.5\md-rule)" [_thread_blocked, id=23100, stack(0x0000000024c10000,0x0000000024d10000)]
  0x000000001f04f000 JavaThread "Cache worker for cache directory md-supplier (C:\Users\1403\.gradle\caches\6.5\md-supplier)" [_thread_blocked, id=11012, stack(0x0000000024b10000,0x0000000024c10000)]
  0x000000001eac2800 JavaThread "Cache worker for checksums cache (C:\camera-samples-main\MyApplication1125_1\.gradle\checksums)" [_thread_blocked, id=19116, stack(0x0000000024a10000,0x0000000024b10000)]
  0x000000001eac4000 JavaThread "jar transforms Thread 6" [_thread_blocked, id=27820, stack(0x0000000024710000,0x0000000024810000)]
  0x000000001eabf800 JavaThread "jar transforms Thread 5" [_thread_blocked, id=25660, stack(0x0000000024610000,0x0000000024710000)]
  0x000000001eac1800 JavaThread "jar transforms Thread 4" [_thread_blocked, id=17400, stack(0x0000000024510000,0x0000000024610000)]
  0x000000001eabe800 JavaThread "jar transforms Thread 3" [_thread_blocked, id=18168, stack(0x0000000024410000,0x0000000024510000)]
  0x000000001eabe000 JavaThread "jar transforms Thread 2" [_thread_blocked, id=21776, stack(0x0000000024150000,0x0000000024250000)]
  0x000000001eac0000 JavaThread "jar transforms" [_thread_blocked, id=22936, stack(0x0000000024050000,0x0000000024150000)]
  0x000000001eac4800 JavaThread "Cache worker for file hash cache (C:\camera-samples-main\MyApplication1125_1\.gradle\6.5\fileHashes)" [_thread_blocked, id=24884, stack(0x0000000024310000,0x0000000024410000)]
  0x000000001eac3000 JavaThread "Cache worker for file hash cache (C:\Users\1403\.gradle\caches\6.5\fileHashes)" [_thread_blocked, id=17764, stack(0x0000000020be0000,0x0000000020ce0000)]
  0x000000001eac1000 JavaThread "File lock request listener" [_thread_in_native, id=27592, stack(0x0000000020ae0000,0x0000000020be0000)]
  0x000000001e957000 JavaThread "Cache worker for journal cache (C:\Users\1403\.gradle\caches\journal-1)" [_thread_blocked, id=12648, stack(0x00000000209e0000,0x0000000020ae0000)]
  0x000000001d3e6800 JavaThread "Thread-9" [_thread_blocked, id=17640, stack(0x00000000206e0000,0x00000000207e0000)]
  0x000000001e917800 JavaThread "Stdin handler" [_thread_blocked, id=27144, stack(0x00000000205e0000,0x00000000206e0000)]
  0x000000001e916800 JavaThread "Asynchronous log dispatcher for DefaultDaemonConnection: socket connection from /127.0.0.1:64044 to /127.0.0.1:64045" [_thread_blocked, id=3380, stack(0x00000000204e0000,0x00000000205e0000)]
  0x000000001d3e1000 JavaThread "Daemon worker" [_thread_blocked, id=21856, stack(0x00000000203e0000,0x00000000204e0000)]
  0x000000001d344000 JavaThread "Cancel handler" [_thread_blocked, id=9164, stack(0x00000000202e0000,0x00000000203e0000)]
  0x000000001d222000 JavaThread "Handler for socket connection from /127.0.0.1:64044 to /127.0.0.1:64045" [_thread_in_native, id=20692, stack(0x00000000201e0000,0x00000000202e0000)]
  0x000000001e926000 JavaThread "Daemon" [_thread_blocked, id=12712, stack(0x00000000200e0000,0x00000000201e0000)]
  0x000000001e8d7800 JavaThread "Daemon periodic checks" [_thread_blocked, id=14708, stack(0x000000001fde0000,0x000000001fee0000)]
  0x000000001e8d6000 JavaThread "Incoming local TCP Connector on port 64044" [_thread_in_native, id=19304, stack(0x000000001fc00000,0x000000001fd00000)]
  0x000000001e7bf000 JavaThread "Daemon health stats" [_thread_blocked, id=28364, stack(0x000000001f8e0000,0x000000001f9e0000)]
  0x000000001a599000 JavaThread "Service Thread" daemon [_thread_blocked, id=20244, stack(0x000000001cd40000,0x000000001ce40000)]
  0x000000001a57a800 JavaThread "C1 CompilerThread11" daemon [_thread_blocked, id=3732, stack(0x000000001cc40000,0x000000001cd40000)]
  0x000000001a56a000 JavaThread "C1 CompilerThread10" daemon [_thread_blocked, id=2992, stack(0x000000001cb40000,0x000000001cc40000)]
  0x000000001a569000 JavaThread "C1 CompilerThread9" daemon [_thread_blocked, id=15240, stack(0x000000001c940000,0x000000001ca40000)]
  0x000000001a554800 JavaThread "C1 CompilerThread8" daemon [_thread_blocked, id=7240, stack(0x000000001c840000,0x000000001c940000)]
  0x000000001a551800 JavaThread "C2 CompilerThread7" daemon [_thread_in_native, id=5516, stack(0x000000001c740000,0x000000001c840000)]
  0x000000001a533800 JavaThread "C2 CompilerThread6" daemon [_thread_in_native, id=15260, stack(0x000000001c640000,0x000000001c740000)]
  0x000000001a526000 JavaThread "C2 CompilerThread5" daemon [_thread_in_native, id=17540, stack(0x000000001c540000,0x000000001c640000)]
  0x000000001a4fc800 JavaThread "C2 CompilerThread4" daemon [_thread_in_native, id=16028, stack(0x000000001c440000,0x000000001c540000)]
  0x000000001a4cf800 JavaThread "C2 CompilerThread3" daemon [_thread_in_native, id=25224, stack(0x000000001c340000,0x000000001c440000)]
=>0x000000001a4cd000 JavaThread "C2 CompilerThread2" daemon [_thread_in_native, id=15488, stack(0x000000001c240000,0x000000001c340000)]
  0x000000001a4cc000 JavaThread "C2 CompilerThread1" daemon [_thread_in_vm, id=23728, stack(0x000000001c140000,0x000000001c240000)]
  0x000000001a4c0000 JavaThread "C2 CompilerThread0" daemon [_thread_in_vm, id=17628, stack(0x000000001c040000,0x000000001c140000)]
  0x000000001a4be000 JavaThread "Attach Listener" daemon [_thread_blocked, id=14908, stack(0x000000001bf40000,0x000000001c040000)]
  0x000000001a466800 JavaThread "Signal Dispatcher" daemon [_thread_blocked, id=13264, stack(0x000000001be40000,0x000000001bf40000)]
  0x00000000189d3000 JavaThread "Finalizer" daemon [_thread_blocked, id=16924, stack(0x000000001bcb0000,0x000000001bdb0000)]
  0x000000001a445800 JavaThread "Reference Handler" daemon [_thread_blocked, id=15568, stack(0x000000001bbb0000,0x000000001bcb0000)]
  0x0000000003332800 JavaThread "main" [_thread_blocked, id=24520, stack(0x0000000003230000,0x0000000003330000)]

Other Threads:
  0x000000001a423000 VMThread [stack: 0x000000001bab0000,0x000000001bbb0000] [id=19572]
  0x000000001a59d800 WatcherThread [stack: 0x000000001ce40000,0x000000001cf40000] [id=12836]

VM state:not at safepoint (normal execution)

VM Mutex/Monitor currently owned by a thread: None

heap address: 0x0000000080000000, size: 2048 MB, Compressed Oops mode: 32-bit
Narrow klass base: 0x0000000000000000, Narrow klass shift: 3
Compressed class space size: 1073741824 Address: 0x0000000100000000

Heap:
 PSYoungGen      total 239616K, used 42382K [0x00000000d5580000, 0x00000000e5580000, 0x0000000100000000)
  eden space 222208K, 12% used [0x00000000d5580000,0x00000000d70764a0,0x00000000e2e80000)
  from space 17408K, 84% used [0x00000000e4480000,0x00000000e52ed3c8,0x00000000e5580000)
  to   space 19968K, 0% used [0x00000000e2e80000,0x00000000e2e80000,0x00000000e4200000)
 ParOldGen       total 133120K, used 45086K [0x0000000080000000, 0x0000000088200000, 0x00000000d5580000)
  object space 133120K, 33% used [0x0000000080000000,0x0000000082c07ac0,0x0000000088200000)
 Metaspace       used 76214K, capacity 82430K, committed 82648K, reserved 1120256K
  class space    used 10704K, capacity 11750K, committed 11776K, reserved 1048576K

Card table byte_map: [0x00000000127f0000,0x0000000012c00000] byte_map_base: 0x00000000123f0000

Marking Bits: (ParMarkBitMap*) 0x000000006d62f030
 Begin Bits: [0x0000000013bb0000, 0x0000000015bb0000)
 End Bits:   [0x0000000015bb0000, 0x0000000017bb0000)

Polling page: 0x0000000001670000

CodeCache: size=245760Kb used=30764Kb max_used=30858Kb free=214995Kb
 bounds [0x0000000003430000, 0x00000000052a0000, 0x0000000012430000]
 total_blobs=10363 nmethods=9541 adapters=731
 compilation: enabled

Compilation events (10 events):
Event: 14.991 Thread 0x000000001a56a000 nmethod 10794 0x0000000003e0fe50 code [0x0000000003e10020, 0x0000000003e10bf8]
Event: 14.991 Thread 0x000000001a526000 nmethod 10775 0x0000000004216310 code [0x0000000004216460, 0x0000000004216598]
Event: 14.991 Thread 0x000000001a56a000 10799       3       com.android.tools.r8.code.Format21c::hashCode (24 bytes)
Event: 14.991 Thread 0x000000001a526000 10781       4       com.android.tools.r8.graph.C::<init> (5 bytes)
Event: 14.991 Thread 0x000000001a554800 nmethod 10792 0x0000000003da1110 code [0x0000000003da12a0, 0x0000000003da17d8]
Event: 14.991 Thread 0x000000001a569000 10796       3       com.android.tools.r8.code.Format21c::<init> (22 bytes)
Event: 14.991 Thread 0x000000001a526000 nmethod 10781 0x00000000041e5e50 code [0x00000000041e5f80, 0x00000000041e5fd8]
Event: 14.991 Thread 0x000000001a4c0000 nmethod 10772 0x000000000450b450 code [0x000000000450b5a0, 0x000000000450b6d8]
Event: 14.991 Thread 0x000000001a56a000 nmethod 10799 0x0000000004705cd0 code [0x0000000004705e60, 0x0000000004706358]
Event: 14.991 Thread 0x000000001a4c0000 10771       4       com.android.tools.r8.dex.DexParser$$Lambda$1555/1913772353::get (4 bytes)

GC Heap History (10 events):
Event: 8.267 GC heap before
{Heap before GC invocations=13 (full 2):
 PSYoungGen      total 154112K, used 154056K [0x00000000d5580000, 0x00000000e0600000, 0x0000000100000000)
  eden space 143872K, 100% used [0x00000000d5580000,0x00000000de200000,0x00000000de200000)
  from space 10240K, 99% used [0x00000000dfc00000,0x00000000e05f20e8,0x00000000e0600000)
  to   space 12288K, 0% used [0x00000000dee00000,0x00000000dee00000,0x00000000dfa00000)
 ParOldGen       total 82432K, used 14808K [0x0000000080000000, 0x0000000085080000, 0x00000000d5580000)
  object space 82432K, 17% used [0x0000000080000000,0x0000000080e76120,0x0000000085080000)
 Metaspace       used 51859K, capacity 54308K, committed 54360K, reserved 1095680K
  class space    used 7006K, capacity 7541K, committed 7552K, reserved 1048576K
Event: 8.284 GC heap after
Heap after GC invocations=13 (full 2):
 PSYoungGen      total 168448K, used 12268K [0x00000000d5580000, 0x00000000e2f00000, 0x0000000100000000)
  eden space 156160K, 0% used [0x00000000d5580000,0x00000000d5580000,0x00000000dee00000)
  from space 12288K, 99% used [0x00000000dee00000,0x00000000df9fb320,0x00000000dfa00000)
  to   space 17408K, 0% used [0x00000000e1e00000,0x00000000e1e00000,0x00000000e2f00000)
 ParOldGen       total 82432K, used 24940K [0x0000000080000000, 0x0000000085080000, 0x00000000d5580000)
  object space 82432K, 30% used [0x0000000080000000,0x000000008185b1f8,0x0000000085080000)
 Metaspace       used 51859K, capacity 54308K, committed 54360K, reserved 1095680K
  class space    used 7006K, capacity 7541K, committed 7552K, reserved 1048576K
}
Event: 8.884 GC heap before
{Heap before GC invocations=14 (full 2):
 PSYoungGen      total 168448K, used 78996K [0x00000000d5580000, 0x00000000e2f00000, 0x0000000100000000)
  eden space 156160K, 42% used [0x00000000d5580000,0x00000000d96a9f08,0x00000000dee00000)
  from space 12288K, 99% used [0x00000000dee00000,0x00000000df9fb320,0x00000000dfa00000)
  to   space 17408K, 0% used [0x00000000e1e00000,0x00000000e1e00000,0x00000000e2f00000)
 ParOldGen       total 82432K, used 24940K [0x0000000080000000, 0x0000000085080000, 0x00000000d5580000)
  object space 82432K, 30% used [0x0000000080000000,0x000000008185b1f8,0x0000000085080000)
 Metaspace       used 56149K, capacity 58850K, committed 58968K, reserved 1099776K
  class space    used 7661K, capacity 8242K, committed 8320K, reserved 1048576K
Event: 8.899 GC heap after
Heap after GC invocations=14 (full 2):
 PSYoungGen      total 205824K, used 8091K [0x00000000d5580000, 0x00000000e4000000, 0x0000000100000000)
  eden space 188416K, 0% used [0x00000000d5580000,0x00000000d5580000,0x00000000e0d80000)
  from space 17408K, 46% used [0x00000000e1e00000,0x00000000e25e6e58,0x00000000e2f00000)
  to   space 16896K, 0% used [0x00000000e0d80000,0x00000000e0d80000,0x00000000e1e00000)
 ParOldGen       total 82432K, used 37144K [0x0000000080000000, 0x0000000085080000, 0x00000000d5580000)
  object space 82432K, 45% used [0x0000000080000000,0x0000000082446340,0x0000000085080000)
 Metaspace       used 56149K, capacity 58850K, committed 58968K, reserved 1099776K
  class space    used 7661K, capacity 8242K, committed 8320K, reserved 1048576K
}
Event: 8.899 GC heap before
{Heap before GC invocations=15 (full 3):
 PSYoungGen      total 205824K, used 8091K [0x00000000d5580000, 0x00000000e4000000, 0x0000000100000000)
  eden space 188416K, 0% used [0x00000000d5580000,0x00000000d5580000,0x00000000e0d80000)
  from space 17408K, 46% used [0x00000000e1e00000,0x00000000e25e6e58,0x00000000e2f00000)
  to   space 16896K, 0% used [0x00000000e0d80000,0x00000000e0d80000,0x00000000e1e00000)
 ParOldGen       total 82432K, used 37144K [0x0000000080000000, 0x0000000085080000, 0x00000000d5580000)
  object space 82432K, 45% used [0x0000000080000000,0x0000000082446340,0x0000000085080000)
 Metaspace       used 56149K, capacity 58850K, committed 58968K, reserved 1099776K
  class space    used 7661K, capacity 8242K, committed 8320K, reserved 1048576K
Event: 9.098 GC heap after
Heap after GC invocations=15 (full 3):
 PSYoungGen      total 205824K, used 0K [0x00000000d5580000, 0x00000000e4000000, 0x0000000100000000)
  eden space 188416K, 0% used [0x00000000d5580000,0x00000000d5580000,0x00000000e0d80000)
  from space 17408K, 0% used [0x00000000e1e00000,0x00000000e1e00000,0x00000000e2f00000)
  to   space 16896K, 0% used [0x00000000e0d80000,0x00000000e0d80000,0x00000000e1e00000)
 ParOldGen       total 133120K, used 34105K [0x0000000080000000, 0x0000000088200000, 0x00000000d5580000)
  object space 133120K, 25% used [0x0000000080000000,0x000000008214e458,0x0000000088200000)
 Metaspace       used 56050K, capacity 58514K, committed 58968K, reserved 1099776K
  class space    used 7631K, capacity 8186K, committed 8320K, reserved 1048576K
}
Event: 11.537 GC heap before
{Heap before GC invocations=16 (full 3):
 PSYoungGen      total 205824K, used 188416K [0x00000000d5580000, 0x00000000e4000000, 0x0000000100000000)
  eden space 188416K, 100% used [0x00000000d5580000,0x00000000e0d80000,0x00000000e0d80000)
  from space 17408K, 0% used [0x00000000e1e00000,0x00000000e1e00000,0x00000000e2f00000)
  to   space 16896K, 0% used [0x00000000e0d80000,0x00000000e0d80000,0x00000000e1e00000)
 ParOldGen       total 133120K, used 34105K [0x0000000080000000, 0x0000000088200000, 0x00000000d5580000)
  object space 133120K, 25% used [0x0000000080000000,0x000000008214e458,0x0000000088200000)
 Metaspace       used 66143K, capacity 70996K, committed 71256K, reserved 1110016K
  class space    used 9180K, capacity 10025K, committed 10112K, reserved 1048576K
Event: 11.556 GC heap after
Heap after GC invocations=16 (full 3):
 PSYoungGen      total 205312K, used 16876K [0x00000000d5580000, 0x00000000e5700000, 0x0000000100000000)
  eden space 188416K, 0% used [0x00000000d5580000,0x00000000d5580000,0x00000000e0d80000)
  from space 16896K, 99% used [0x00000000e0d80000,0x00000000e1dfb250,0x00000000e1e00000)
  to   space 18944K, 0% used [0x00000000e4480000,0x00000000e4480000,0x00000000e5700000)
 ParOldGen       total 133120K, used 34281K [0x0000000080000000, 0x0000000088200000, 0x00000000d5580000)
  object space 133120K, 25% used [0x0000000080000000,0x000000008217a638,0x0000000088200000)
 Metaspace       used 66143K, capacity 70996K, committed 71256K, reserved 1110016K
  class space    used 9180K, capacity 10025K, committed 10112K, reserved 1048576K
}
Event: 14.681 GC heap before
{Heap before GC invocations=17 (full 3):
 PSYoungGen      total 205312K, used 205292K [0x00000000d5580000, 0x00000000e5700000, 0x0000000100000000)
  eden space 188416K, 100% used [0x00000000d5580000,0x00000000e0d80000,0x00000000e0d80000)
  from space 16896K, 99% used [0x00000000e0d80000,0x00000000e1dfb250,0x00000000e1e00000)
  to   space 18944K, 0% used [0x00000000e4480000,0x00000000e4480000,0x00000000e5700000)
 ParOldGen       total 133120K, used 34281K [0x0000000080000000, 0x0000000088200000, 0x00000000d5580000)
  object space 133120K, 25% used [0x0000000080000000,0x000000008217a638,0x0000000088200000)
 Metaspace       used 75449K, capacity 81486K, committed 81752K, reserved 1120256K
  class space    used 10552K, capacity 11568K, committed 11648K, reserved 1048576K
Event: 14.702 GC heap after
Heap after GC invocations=17 (full 3):
 PSYoungGen      total 239616K, used 14772K [0x00000000d5580000, 0x00000000e5580000, 0x0000000100000000)
  eden space 222208K, 0% used [0x00000000d5580000,0x00000000d5580000,0x00000000e2e80000)
  from space 17408K, 84% used [0x00000000e4480000,0x00000000e52ed3c8,0x00000000e5580000)
  to   space 19968K, 0% used [0x00000000e2e80000,0x00000000e2e80000,0x00000000e4200000)
 ParOldGen       total 133120K, used 45086K [0x0000000080000000, 0x0000000088200000, 0x00000000d5580000)
  object space 133120K, 33% used [0x0000000080000000,0x0000000082c07ac0,0x0000000088200000)
 Metaspace       used 75449K, capacity 81486K, committed 81752K, reserved 1120256K
  class space    used 10552K, capacity 11568K, committed 11648K, reserved 1048576K
}

Deoptimization events (10 events):
Event: 14.973 Thread 0x000000001f163800 Uncommon trap: reason=unstable_if action=reinterpret pc=0x0000000003f96a78 method=java.util.Arrays.hashCode([Ljava/lang/Object;)I @ 1
Event: 14.973 Thread 0x000000001f16b000 Uncommon trap: reason=unstable_if action=reinterpret pc=0x0000000003f96a78 method=java.util.Arrays.hashCode([Ljava/lang/Object;)I @ 1
Event: 14.973 Thread 0x000000001f166800 Uncommon trap: reason=unstable_if action=reinterpret pc=0x0000000003f96a78 method=java.util.Arrays.hashCode([Ljava/lang/Object;)I @ 1
Event: 14.973 Thread 0x000000001f168000 Uncommon trap: reason=unstable_if action=reinterpret pc=0x0000000003f96a78 method=java.util.Arrays.hashCode([Ljava/lang/Object;)I @ 1
Event: 14.973 Thread 0x000000001f16a800 Uncommon trap: reason=unstable_if action=reinterpret pc=0x0000000003f96a78 method=java.util.Arrays.hashCode([Ljava/lang/Object;)I @ 1
Event: 14.973 Thread 0x000000001f167800 Uncommon trap: reason=unstable_if action=reinterpret pc=0x0000000003f96a78 method=java.util.Arrays.hashCode([Ljava/lang/Object;)I @ 1
Event: 14.973 Thread 0x000000001f16c800 Uncommon trap: reason=unstable_if action=reinterpret pc=0x0000000003f96a78 method=java.util.Arrays.hashCode([Ljava/lang/Object;)I @ 1
Event: 14.973 Thread 0x000000001f169000 Uncommon trap: reason=unstable_if action=reinterpret pc=0x0000000003f96a78 method=java.util.Arrays.hashCode([Ljava/lang/Object;)I @ 1
Event: 14.978 Thread 0x000000001f16b000 Uncommon trap: reason=unstable_if action=reinterpret pc=0x0000000003c0d888 method=java.util.concurrent.ConcurrentLinkedQueue.offer(Ljava/lang/Object;)Z @ 40
Event: 14.978 Thread 0x000000001f16e000 Uncommon trap: reason=unstable_if action=reinterpret pc=0x0000000003c0d888 method=java.util.concurrent.ConcurrentLinkedQueue.offer(Ljava/lang/Object;)Z @ 40

Classes redefined (0 events):
No events

Internal exceptions (10 events):
Event: 14.973 Thread 0x000000001f169800 Implicit null exception at 0x0000000003f9696f to 0x0000000003f96a69
Event: 14.973 Thread 0x000000001f164000 Implicit null exception at 0x0000000003f9696f to 0x0000000003f96a69
Event: 14.973 Thread 0x000000001f163800 Implicit null exception at 0x0000000003f9696f to 0x0000000003f96a69
Event: 14.973 Thread 0x000000001f16c800 Implicit null exception at 0x0000000003f9696f to 0x0000000003f96a69
Event: 14.973 Thread 0x000000001f16b000 Implicit null exception at 0x0000000003f9696f to 0x0000000003f96a69
Event: 14.973 Thread 0x000000001f166800 Implicit null exception at 0x0000000003f9696f to 0x0000000003f96a69
Event: 14.973 Thread 0x000000001f168000 Implicit null exception at 0x0000000003f9696f to 0x0000000003f96a69
Event: 14.973 Thread 0x000000001f16a800 Implicit null exception at 0x0000000003f9696f to 0x0000000003f96a69
Event: 14.973 Thread 0x000000001f169000 Implicit null exception at 0x0000000003f9696f to 0x0000000003f96a69
Event: 14.973 Thread 0x000000001f167800 Implicit null exception at 0x0000000003f9696f to 0x0000000003f96a69

Events (10 events):
Event: 14.989 Thread 0x000000001a569000 flushing nmethod 0x00000000044e6390
Event: 14.989 Thread 0x000000001a569000 flushing nmethod 0x00000000044f5ed0
Event: 14.989 Thread 0x000000001a569000 flushing nmethod 0x000000000450b450
Event: 14.989 Thread 0x000000001a569000 flushing nmethod 0x0000000004510350
Event: 14.990 Thread 0x000000001a569000 flushing nmethod 0x0000000004596810
Event: 14.990 Thread 0x000000001a569000 flushing nmethod 0x0000000004650410
Event: 14.991 Thread 0x000000001a569000 flushing nmethod 0x000000000467b890
Event: 14.991 Thread 0x000000001a554800 flushing nmethod 0x0000000004704490
Event: 14.991 Thread 0x000000001a554800 flushing nmethod 0x0000000004705790
Event: 14.991 Thread 0x000000001a554800 flushing nmethod 0x0000000004706b10


Dynamic libraries:
0x00007ff6235d0000 - 0x00007ff623601000 	C:\Program Files\Android\Android Studio\jre\bin\java.exe
0x00007ffc6c7f0000 - 0x00007ffc6c9e6000 	C:\WINDOWS\SYSTEM32\ntdll.dll
0x00007ffc49500000 - 0x00007ffc49512000 	C:\Program Files\Avast Software\Avast\aswhook.dll
0x00007ffc6a980000 - 0x00007ffc6aa3d000 	C:\WINDOWS\System32\KERNEL32.DLL
0x00007ffc6a320000 - 0x00007ffc6a5e9000 	C:\WINDOWS\System32\KERNELBASE.dll
0x00007ffc6c540000 - 0x00007ffc6c5ec000 	C:\WINDOWS\System32\ADVAPI32.dll
0x00007ffc6bce0000 - 0x00007ffc6bd7e000 	C:\WINDOWS\System32\msvcrt.dll
0x00007ffc6c060000 - 0x00007ffc6c0fc000 	C:\WINDOWS\System32\sechost.dll
0x00007ffc6a850000 - 0x00007ffc6a97b000 	C:\WINDOWS\System32\RPCRT4.dll
0x00007ffc6ba30000 - 0x00007ffc6bbd0000 	C:\WINDOWS\System32\USER32.dll
0x00007ffc6a140000 - 0x00007ffc6a162000 	C:\WINDOWS\System32\win32u.dll
0x00007ffc6ba00000 - 0x00007ffc6ba2a000 	C:\WINDOWS\System32\GDI32.dll
0x00007ffc6a210000 - 0x00007ffc6a319000 	C:\WINDOWS\System32\gdi32full.dll
0x00007ffc6a170000 - 0x00007ffc6a20d000 	C:\WINDOWS\System32\msvcp_win.dll
0x00007ffc69f30000 - 0x00007ffc6a030000 	C:\WINDOWS\System32\ucrtbase.dll
0x00007ffc693d0000 - 0x00007ffc6966b000 	C:\WINDOWS\WinSxS\amd64_microsoft.windows.common-controls_6595b64144ccf1df_6.0.19041.488_none_ca04af081b815d21\COMCTL32.dll
0x00007ffc6c720000 - 0x00007ffc6c750000 	C:\WINDOWS\System32\IMM32.DLL
0x000000006cca0000 - 0x000000006cd72000 	C:\Program Files\Android\Android Studio\jre\jre\bin\msvcr100.dll
0x000000006ce60000 - 0x000000006d6ab000 	C:\Program Files\Android\Android Studio\jre\jre\bin\server\jvm.dll
0x00007ffc6aa40000 - 0x00007ffc6aa48000 	C:\WINDOWS\System32\PSAPI.DLL
0x00007ffc5e230000 - 0x00007ffc5e239000 	C:\WINDOWS\SYSTEM32\WSOCK32.dll
0x00007ffc6b980000 - 0x00007ffc6b9eb000 	C:\WINDOWS\System32\WS2_32.dll
0x00007ffc59180000 - 0x00007ffc591a7000 	C:\WINDOWS\SYSTEM32\WINMM.dll
0x00007ffc680d0000 - 0x00007ffc680da000 	C:\WINDOWS\SYSTEM32\VERSION.dll
0x00007ffc696f0000 - 0x00007ffc696ff000 	C:\Program Files\Android\Android Studio\jre\jre\bin\verify.dll
0x00007ffc63350000 - 0x00007ffc63379000 	C:\Program Files\Android\Android Studio\jre\jre\bin\java.dll
0x00007ffc615a0000 - 0x00007ffc615b6000 	C:\Program Files\Android\Android Studio\jre\jre\bin\zip.dll
0x00007ffc6aa50000 - 0x00007ffc6b192000 	C:\WINDOWS\System32\SHELL32.dll
0x00007ffc67930000 - 0x00007ffc680c5000 	C:\WINDOWS\SYSTEM32\windows.storage.dll
0x00007ffc6c100000 - 0x00007ffc6c456000 	C:\WINDOWS\System32\combase.dll
0x00007ffc69120000 - 0x00007ffc6914c000 	C:\WINDOWS\SYSTEM32\Wldp.dll
0x00007ffc6bbd0000 - 0x00007ffc6bc7e000 	C:\WINDOWS\System32\SHCORE.dll
0x00007ffc6bc80000 - 0x00007ffc6bcd5000 	C:\WINDOWS\System32\shlwapi.dll
0x00007ffc69e60000 - 0x00007ffc69e86000 	C:\WINDOWS\SYSTEM32\profapi.dll
0x00007ffc60ed0000 - 0x00007ffc60eea000 	C:\Program Files\Android\Android Studio\jre\jre\bin\net.dll
0x00007ffc68fa0000 - 0x00007ffc6900a000 	C:\WINDOWS\system32\mswsock.dll
0x00007ffc60680000 - 0x00007ffc60693000 	C:\Program Files\Android\Android Studio\jre\jre\bin\nio.dll
0x00007ffc60ba0000 - 0x00007ffc60bc7000 	C:\Users\1403\.gradle\native\f6784746aeab05261644944871eae4fe03e0ef1612fff0a4a95f87b438bc6780\windows-amd64\native-platform.dll
0x00007ffc68160000 - 0x00007ffc6816d000 	C:\Program Files\Android\Android Studio\jre\jre\bin\management.dll
0x00007ffc69bf0000 - 0x00007ffc69c08000 	C:\WINDOWS\SYSTEM32\CRYPTSP.dll
0x00007ffc68980000 - 0x00007ffc689b4000 	C:\WINDOWS\system32\rsaenh.dll
0x00007ffc6a5f0000 - 0x00007ffc6a617000 	C:\WINDOWS\System32\bcrypt.dll
0x00007ffc69e20000 - 0x00007ffc69e4e000 	C:\WINDOWS\SYSTEM32\USERENV.dll
0x00007ffc6a7d0000 - 0x00007ffc6a850000 	C:\WINDOWS\System32\bcryptprimitives.dll
0x00007ffc69240000 - 0x00007ffc6924c000 	C:\WINDOWS\SYSTEM32\CRYPTBASE.dll
0x00007ffc68cc0000 - 0x00007ffc68cfb000 	C:\WINDOWS\SYSTEM32\IPHLPAPI.DLL
0x00007ffc6bf30000 - 0x00007ffc6bf38000 	C:\WINDOWS\System32\NSI.dll
0x00007ffc63bb0000 - 0x00007ffc63bc7000 	C:\WINDOWS\SYSTEM32\dhcpcsvc6.DLL
0x00007ffc63920000 - 0x00007ffc6393d000 	C:\WINDOWS\SYSTEM32\dhcpcsvc.DLL
0x00007ffc68d00000 - 0x00007ffc68dcb000 	C:\WINDOWS\SYSTEM32\DNSAPI.dll
0x00007ffc63bf0000 - 0x00007ffc63bfb000 	C:\WINDOWS\SYSTEM32\WINNSI.DLL

VM Arguments:
jvm_args: -Xmx2048m -Dfile.encoding=UTF-8 -Duser.country=KR -Duser.language=ko -Duser.variant 
java_command: org.gradle.launcher.daemon.bootstrap.GradleDaemon 6.5
java_class_path (initial): C:\Users\1403\.gradle\wrapper\dists\gradle-6.5-bin\6nifqtx7604sqp1q6g8wikw7p\gradle-6.5\lib\gradle-launcher-6.5.jar
Launcher Type: SUN_STANDARD

Environment Variables:
JAVA_HOME=C:\Program Files\Android\Android Studio\jre
PATH=C:\Users\1403\bin;C:\Users\1403\utils\bin;C:\Program Files (x86)\Common Files\Oracle\Java\javapath;C:\app\1403\product\11.2.0\dbhome_1\bin;C:\ProgramData\Oracle\Java\javapath;C:\WINDOWS\system32;C:\WINDOWS;C:\WINDOWS\System32\Wbem;C:\WINDOWS\System32\WindowsPowerShell\v1.0\;C:\Program Files\dotnet\;C:\Program Files\Microsoft SQL Server\130\Tools\Binn\;C:\Program Files (x86)\Windows Kits\8.1\Windows Performance Toolkit\;C:\WINDOWS\System32\OpenSSH\;C:\opencv\build\x64\vc14\bin;C:\Program Files\MATLAB\R2020a\runtime\win64;C:\Program Files\MATLAB\R2020a\bin;C:\Program Files\Point Grey Research\FlyCapture2\bin64;C:\Program Files\Point Grey Research\FlyCap2 Viewer\bin64\vs2013;C:\Program Files\Point Grey Research\FlyCapture2\bin64;C:\Program Files\Point Grey Research\FlyCap2 Viewer\bin64;%FC2PATH\vs2013;C:\Program Files\Point Grey Research\FlyCapture2\bin64;C:\Program Files\Point Grey Research\FlyCap2 Viewer\bin64\vs2015;C:\Program Files\Point Grey Research\FlyCapture2\bin64\vs2015;c:\ninja;C:\Program Files\Android\Android Studio\jre\bin;C:\Program Files\Git\cmd;C:\OrCAD\OrCAD_16.6_Lite\OpenAccess\bin\win32\opt;C:\OrCAD\OrCAD_16.6_Lite\tools\pcb\bin;C:\OrCAD\OrCAD_16.6_Lite\tools\fet\bin;C:\OrCAD\OrCAD_16.6_Lite\tools\Capture;C:\OrCAD\OrCAD_16.6_Lite\tools\PSpice;C:\OrCAD\OrCAD_16.6_Lite\tools\specctra\bin;C:\OrCAD\OrCAD_16.6_Lite\tools\bin;C:\Users\1403\Desktop\opencv\build\x64\vc14\bin\WindowsApps;C:\Program Files\Point Grey Research\FlyCapture2\bin64\vs2015;C:\Users\1403\AppData\Local\Microsoft\WindowsApps
USERNAME=1403
OS=Windows_NT
PROCESSOR_IDENTIFIER=AMD64 Family 23 Model 1 Stepping 1, AuthenticAMD



---------------  S Y S T E M  ---------------

OS: Windows 10.0 , 64 bit Build 19041 (10.0.19041.662)

CPU:total 16 (initial active 16) (16 cores per cpu, 1 threads per core) family 23 model 1 stepping 1, cmov, cx8, fxsr, mmx, sse, sse2, sse3, ssse3, sse4.1, sse4.2, popcnt, avx, avx2, aes, clmul, mmxext, 3dnowpref, lzcnt, sse4a, tsc, tscinvbit, tscinv, bmi1

Memory: 4k page, physical 8319776k(1328476k free), swap 33485600k(4332k free)

vm_info: OpenJDK 64-Bit Server VM (25.242-b01) for windows-amd64 JRE (1.8.0_242-release-1644-b01), built by "builder" with MS VC++ 10.0 (VS2010)

time: Wed Jan 06 17:57:08 2021
timezone: 대한민국 표준시
elapsed time: 15 seconds (0d 0h 0m 15s)

