#
# There is insufficient memory for the Java Runtime Environment to continue.
# Native memory allocation (malloc) failed to allocate 32744 bytes for ChunkPool::allocate
# Possible reasons:
#   The system is out of physical RAM or swap space
#   The process is running with CompressedOops enabled, and the Java Heap may be blocking the growth of the native heap
# Possible solutions:
#   Reduce memory load on the system
#   Increase physical memory or swap space
#   Check if swap backing store is full
#   Decrease Java heap size (-Xmx/-Xms)
#   Decrease number of Java threads
#   Decrease Java thread stack sizes (-Xss)
#   Set larger code cache with -XX:ReservedCodeCacheSize=
#   JVM is running with Unscaled Compressed Oops mode in which the Java heap is
#     placed in the first 4GB address space. The Java Heap base address is the
#     maximum limit for the native heap growth. Please use -XX:HeapBaseMinAddress
#     to set the Java Heap base and to place the Java Heap above 4GB virtual address.
# This output file may be truncated or incomplete.
#
#  Out of Memory Error (allocation.cpp:272), pid=12936, tid=0x0000000000006684
#
# JRE version: OpenJDK Runtime Environment (8.0_242-b01) (build 1.8.0_242-release-1644-b01)
# Java VM: OpenJDK 64-Bit Server VM (25.242-b01 mixed mode windows-amd64 compressed oops)
# Failed to write core dump. Minidumps are not enabled by default on client versions of Windows
#

---------------  T H R E A D  ---------------

Current thread (0x0000000019b80000):  JavaThread "C2 CompilerThread7" daemon [_thread_in_native, id=26244, stack(0x000000001bd70000,0x000000001be70000)]

Stack: [0x000000001bd70000,0x000000001be70000]
[error occurred during error reporting (printing stack bounds), id 0xc0000005]

Native frames: (J=compiled Java code, j=interpreted, Vv=VM code, C=native code)


Current CompileTask:
C2:  91603 11603       4       org.gradle.internal.operations.DefaultBuildOperationExecutor$3::stop (148 bytes)


---------------  P R O C E S S  ---------------

Java Threads: ( => current thread )
  0x0000000021a1a000 JavaThread "Cache worker for file content cache (C:\camera-samples-main\MyApplication1125_1\.gradle\6.5\fileContent)" [_thread_blocked, id=27452, stack(0x0000000030210000,0x0000000030310000)]
  0x0000000021a19800 JavaThread "Cache worker for Build Output Cleanup Cache (C:\camera-samples-main\MyApplication1125_1\.gradle\buildOutputCleanup)" [_thread_blocked, id=11044, stack(0x000000002ff10000,0x0000000030010000)]
  0x0000000022e8b000 JavaThread "Build operations Thread 16" [_thread_blocked, id=25112, stack(0x000000002f810000,0x000000002f910000)]
  0x0000000022e8a800 JavaThread "Build operations Thread 15" [_thread_blocked, id=23408, stack(0x00000000283c0000,0x00000000284c0000)]
  0x0000000022e89800 JavaThread "Build operations Thread 14" [_thread_blocked, id=9636, stack(0x00000000282c0000,0x00000000283c0000)]
  0x0000000022e90800 JavaThread "Build operations Thread 13" [_thread_blocked, id=28456, stack(0x00000000281c0000,0x00000000282c0000)]
  0x0000000022e8f000 JavaThread "Build operations Thread 12" [_thread_blocked, id=28608, stack(0x00000000280c0000,0x00000000281c0000)]
  0x0000000022e8d800 JavaThread "Build operations Thread 11" [_thread_blocked, id=14564, stack(0x0000000027fc0000,0x00000000280c0000)]
  0x0000000022e8e000 JavaThread "Build operations Thread 10" [_thread_blocked, id=25740, stack(0x0000000027ec0000,0x0000000027fc0000)]
  0x0000000022e8f800 JavaThread "Build operations Thread 9" [_thread_blocked, id=20360, stack(0x0000000027dc0000,0x0000000027ec0000)]
  0x0000000022e82000 JavaThread "Build operations Thread 8" [_thread_blocked, id=27940, stack(0x0000000027cc0000,0x0000000027dc0000)]
  0x0000000022e89000 JavaThread "Build operations Thread 7" [_thread_blocked, id=10204, stack(0x0000000027bc0000,0x0000000027cc0000)]
  0x0000000022e85800 JavaThread "Build operations Thread 6" [_thread_blocked, id=27952, stack(0x0000000027ac0000,0x0000000027bc0000)]
  0x0000000022e82800 JavaThread "Build operations Thread 5" [_thread_blocked, id=24124, stack(0x00000000279c0000,0x0000000027ac0000)]
  0x0000000022e88000 JavaThread "Build operations Thread 4" [_thread_blocked, id=21140, stack(0x00000000278c0000,0x00000000279c0000)]
  0x000000001e1db800 JavaThread "Build operations Thread 3" [_thread_blocked, id=16624, stack(0x00000000277c0000,0x00000000278c0000)]
  0x000000001e1dd800 JavaThread "Build operations Thread 2" [_thread_blocked, id=23428, stack(0x00000000276c0000,0x00000000277c0000)]
  0x000000001e1de800 JavaThread "Build operations" [_thread_blocked, id=21612, stack(0x00000000275c0000,0x00000000276c0000)]
  0x000000001e1da000 JavaThread "Cache worker for cache directory md-rule (C:\Users\1403\.gradle\caches\6.5\md-rule)" [_thread_blocked, id=28588, stack(0x00000000274c0000,0x00000000275c0000)]
  0x000000001e1dd000 JavaThread "Cache worker for cache directory md-supplier (C:\Users\1403\.gradle\caches\6.5\md-supplier)" [_thread_blocked, id=9596, stack(0x0000000025930000,0x0000000025a30000)]
  0x000000001e1dc000 JavaThread "Cache worker for checksums cache (C:\camera-samples-main\MyApplication1125_1\.gradle\checksums)" [_thread_blocked, id=23016, stack(0x0000000025030000,0x0000000025130000)]
  0x000000001e1d2800 JavaThread "Cache worker for file hash cache (C:\camera-samples-main\MyApplication1125_1\.gradle\6.5\fileHashes)" [_thread_blocked, id=8244, stack(0x0000000024f30000,0x0000000025030000)]
  0x000000001e1d9000 JavaThread "Thread-164" [_thread_blocked, id=11316, stack(0x0000000024e30000,0x0000000024f30000)]
  0x000000001e1d8800 JavaThread "Stdin handler" [_thread_blocked, id=12460, stack(0x0000000023880000,0x0000000023980000)]
  0x000000001e1d1000 JavaThread "Asynchronous log dispatcher for DefaultDaemonConnection: socket connection from /127.0.0.1:64054 to /127.0.0.1:64075" [_thread_blocked, id=20024, stack(0x000000001fd10000,0x000000001fe10000)]
  0x000000001e1d3000 JavaThread "Cancel handler" [_thread_blocked, id=17600, stack(0x000000001fc10000,0x000000001fd10000)]
  0x000000001e1d7800 JavaThread "Handler for socket connection from /127.0.0.1:64054 to /127.0.0.1:64075" [_thread_in_native, id=16344, stack(0x000000001fb10000,0x000000001fc10000)]
  0x0000000021a18800 JavaThread "Memory manager" [_thread_blocked, id=8584, stack(0x000000002c8c0000,0x000000002c9c0000)]
  0x0000000021a17000 JavaThread "jar transforms Thread 83" [_thread_blocked, id=25948, stack(0x000000002c2c0000,0x000000002c3c0000)]
  0x0000000021a18000 JavaThread "jar transforms Thread 82" [_thread_blocked, id=324, stack(0x000000002c1c0000,0x000000002c2c0000)]
  0x0000000021a12800 JavaThread "jar transforms Thread 81" [_thread_blocked, id=10340, stack(0x000000002c0c0000,0x000000002c1c0000)]
  0x0000000021a12000 JavaThread "jar transforms Thread 80" [_thread_blocked, id=28180, stack(0x000000002bfc0000,0x000000002c0c0000)]
  0x0000000021a10800 JavaThread "jar transforms Thread 79" [_thread_blocked, id=26112, stack(0x000000002bec0000,0x000000002bfc0000)]
  0x0000000021ed7000 JavaThread "jar transforms Thread 78" [_thread_blocked, id=11052, stack(0x000000002bdc0000,0x000000002bec0000)]
  0x0000000021ed7800 JavaThread "jar transforms Thread 77" [_thread_blocked, id=23372, stack(0x000000002bcc0000,0x000000002bdc0000)]
  0x0000000021ed6000 JavaThread "jar transforms Thread 76" [_thread_blocked, id=15972, stack(0x000000002bbc0000,0x000000002bcc0000)]
  0x0000000021ed5800 JavaThread "jar transforms Thread 75" [_thread_blocked, id=28112, stack(0x000000002bac0000,0x000000002bbc0000)]
  0x0000000021ed4800 JavaThread "jar transforms Thread 74" [_thread_blocked, id=26880, stack(0x000000002b9c0000,0x000000002bac0000)]
  0x0000000021ed4000 JavaThread "jar transforms Thread 73" [_thread_blocked, id=27224, stack(0x000000002b8c0000,0x000000002b9c0000)]
  0x0000000021ed3000 JavaThread "jar transforms Thread 72" [_thread_blocked, id=18820, stack(0x000000002b7c0000,0x000000002b8c0000)]
  0x0000000021ed8800 JavaThread "jar transforms Thread 71" [_thread_blocked, id=18624, stack(0x000000002b6c0000,0x000000002b7c0000)]
  0x0000000021ecb800 JavaThread "jar transforms Thread 70" [_thread_blocked, id=26908, stack(0x000000002b5c0000,0x000000002b6c0000)]
  0x0000000021ed2800 JavaThread "jar transforms Thread 69" [_thread_blocked, id=8880, stack(0x000000002b4c0000,0x000000002b5c0000)]
  0x0000000021ecb000 JavaThread "jar transforms Thread 68" [_thread_blocked, id=10356, stack(0x000000002b3c0000,0x000000002b4c0000)]
  0x0000000021ece000 JavaThread "jar transforms Thread 67" [_thread_blocked, id=8712, stack(0x000000002b2c0000,0x000000002b3c0000)]
  0x0000000021ed1800 JavaThread "jar transforms Thread 66" [_thread_blocked, id=23576, stack(0x000000002b1c0000,0x000000002b2c0000)]
  0x0000000021ecd000 JavaThread "jar transforms Thread 65" [_thread_blocked, id=11968, stack(0x000000002b0c0000,0x000000002b1c0000)]
  0x0000000021ecc800 JavaThread "jar transforms Thread 64" [_thread_blocked, id=8368, stack(0x000000002afc0000,0x000000002b0c0000)]
  0x0000000021eca000 JavaThread "jar transforms Thread 63" [_thread_blocked, id=11028, stack(0x000000002aec0000,0x000000002afc0000)]
  0x0000000021ed1000 JavaThread "jar transforms Thread 62" [_thread_blocked, id=3436, stack(0x000000002adc0000,0x000000002aec0000)]
  0x0000000021ed0000 JavaThread "jar transforms Thread 61" [_thread_blocked, id=6628, stack(0x000000002acc0000,0x000000002adc0000)]
  0x0000000021ec9000 JavaThread "jar transforms Thread 60" [_thread_blocked, id=14364, stack(0x000000002abc0000,0x000000002acc0000)]
  0x0000000021ecf800 JavaThread "jar transforms Thread 59" [_thread_blocked, id=25916, stack(0x000000002aac0000,0x000000002abc0000)]
  0x0000000021ece800 JavaThread "jar transforms Thread 58" [_thread_blocked, id=13660, stack(0x000000002a9c0000,0x000000002aac0000)]
  0x000000002276f000 JavaThread "jar transforms Thread 57" [_thread_blocked, id=21072, stack(0x000000002a8c0000,0x000000002a9c0000)]
  0x0000000022771800 JavaThread "jar transforms Thread 56" [_thread_blocked, id=26356, stack(0x000000002a7c0000,0x000000002a8c0000)]
  0x000000002276e800 JavaThread "jar transforms Thread 55" [_thread_blocked, id=4996, stack(0x000000002a6c0000,0x000000002a7c0000)]
  0x000000002276d800 JavaThread "jar transforms Thread 54" [_thread_blocked, id=10928, stack(0x000000002a5c0000,0x000000002a6c0000)]
  0x000000002276d000 JavaThread "jar transforms Thread 53" [_thread_blocked, id=788, stack(0x000000002a4c0000,0x000000002a5c0000)]
  0x000000002276c000 JavaThread "jar transforms Thread 52" [_thread_blocked, id=28376, stack(0x000000002a3c0000,0x000000002a4c0000)]
  0x0000000022770800 JavaThread "jar transforms Thread 51" [_thread_blocked, id=8320, stack(0x000000002a2c0000,0x000000002a3c0000)]
  0x0000000022772800 JavaThread "jar transforms Thread 50" [_thread_blocked, id=20280, stack(0x000000002a1c0000,0x000000002a2c0000)]
  0x0000000022770000 JavaThread "jar transforms Thread 49" [_thread_blocked, id=26984, stack(0x000000002a0c0000,0x000000002a1c0000)]
  0x0000000022764800 JavaThread "jar transforms Thread 48" [_thread_blocked, id=18988, stack(0x0000000029fc0000,0x000000002a0c0000)]
  0x000000002276b800 JavaThread "jar transforms Thread 47" [_thread_blocked, id=16520, stack(0x0000000029ec0000,0x0000000029fc0000)]
  0x000000002276a800 JavaThread "jar transforms Thread 46" [_thread_blocked, id=24096, stack(0x0000000029dc0000,0x0000000029ec0000)]
  0x0000000022763000 JavaThread "jar transforms Thread 45" [_thread_blocked, id=13652, stack(0x0000000029cc0000,0x0000000029dc0000)]
  0x000000002276a000 JavaThread "jar transforms Thread 44" [_thread_blocked, id=28184, stack(0x0000000029bc0000,0x0000000029cc0000)]
  0x0000000022767800 JavaThread "jar transforms Thread 43" [_thread_blocked, id=22112, stack(0x0000000029ac0000,0x0000000029bc0000)]
  0x0000000022767000 JavaThread "jar transforms Thread 42" [_thread_blocked, id=16760, stack(0x00000000299c0000,0x0000000029ac0000)]
  0x0000000022769000 JavaThread "jar transforms Thread 41" [_thread_blocked, id=28668, stack(0x00000000298c0000,0x00000000299c0000)]
  0x0000000022768800 JavaThread "jar transforms Thread 40" [_thread_blocked, id=12856, stack(0x00000000297c0000,0x00000000298c0000)]
  0x0000000022766000 JavaThread "jar transforms Thread 39" [_thread_blocked, id=27408, stack(0x00000000296c0000,0x00000000297c0000)]
  0x0000000022765800 JavaThread "jar transforms Thread 38" [_thread_blocked, id=1648, stack(0x00000000295c0000,0x00000000296c0000)]
  0x0000000022764000 JavaThread "jar transforms Thread 37" [_thread_blocked, id=25680, stack(0x00000000294c0000,0x00000000295c0000)]
  0x00000000264a1000 JavaThread "jar transforms Thread 36" [_thread_blocked, id=7092, stack(0x00000000293c0000,0x00000000294c0000)]
  0x00000000264a0000 JavaThread "jar transforms Thread 35" [_thread_blocked, id=10836, stack(0x00000000292c0000,0x00000000293c0000)]
  0x000000002649f800 JavaThread "jar transforms Thread 34" [_thread_blocked, id=19164, stack(0x00000000291c0000,0x00000000292c0000)]
  0x000000002649e800 JavaThread "jar transforms Thread 33" [_thread_blocked, id=27908, stack(0x00000000290c0000,0x00000000291c0000)]
  0x000000002649e000 JavaThread "jar transforms Thread 32" [_thread_blocked, id=26212, stack(0x0000000028fc0000,0x00000000290c0000)]
  0x000000002649d000 JavaThread "jar transforms Thread 31" [_thread_blocked, id=26644, stack(0x0000000028ec0000,0x0000000028fc0000)]
  0x0000000026495800 JavaThread "jar transforms Thread 30" [_thread_blocked, id=21008, stack(0x0000000028dc0000,0x0000000028ec0000)]
  0x000000002649c800 JavaThread "jar transforms Thread 29" [_thread_blocked, id=27828, stack(0x0000000028cc0000,0x0000000028dc0000)]
  0x0000000026495000 JavaThread "jar transforms Thread 28" [_thread_blocked, id=11976, stack(0x0000000028bc0000,0x0000000028cc0000)]
  0x000000002649a000 JavaThread "jar transforms Thread 27" [_thread_blocked, id=22996, stack(0x0000000028ac0000,0x0000000028bc0000)]
  0x000000002649b000 JavaThread "jar transforms Thread 26" [_thread_blocked, id=14864, stack(0x00000000289c0000,0x0000000028ac0000)]
  0x0000000026498800 JavaThread "jar transforms Thread 25" [_thread_blocked, id=26088, stack(0x00000000288c0000,0x00000000289c0000)]
  0x000000002649b800 JavaThread "jar transforms Thread 24" [_thread_blocked, id=9648, stack(0x00000000287c0000,0x00000000288c0000)]
  0x0000000026492800 JavaThread "jar transforms Thread 23" [_thread_blocked, id=27712, stack(0x00000000286c0000,0x00000000287c0000)]
  0x0000000026493800 JavaThread "jar transforms Thread 22" [_thread_blocked, id=28416, stack(0x00000000285c0000,0x00000000286c0000)]
  0x0000000026494000 JavaThread "jar transforms Thread 21" [_thread_blocked, id=10164, stack(0x00000000284c0000,0x00000000285c0000)]
  0x000000001e1d1800 JavaThread "Cache worker for file content cache (C:\Users\1403\.gradle\caches\6.5\fileContent)" [_thread_blocked, id=16336, stack(0x0000000025830000,0x0000000025930000)]
  0x000000001e1d4000 JavaThread "Cache worker for execution history cache (C:\Users\1403\.gradle\caches\6.5\executionHistory)" [_thread_blocked, id=14100, stack(0x0000000025330000,0x0000000025430000)]
  0x0000000020663800 JavaThread "jar transforms Thread 20" [_thread_blocked, id=26592, stack(0x0000000024b30000,0x0000000024c30000)]
  0x0000000020666800 JavaThread "jar transforms Thread 19" [_thread_blocked, id=22248, stack(0x0000000024a30000,0x0000000024b30000)]
  0x0000000020665800 JavaThread "jar transforms Thread 18" [_thread_blocked, id=12376, stack(0x0000000024930000,0x0000000024a30000)]
  0x0000000020667000 JavaThread "jar transforms Thread 17" [_thread_blocked, id=9644, stack(0x0000000024830000,0x0000000024930000)]
  0x0000000020662800 JavaThread "jar transforms Thread 16" [_thread_blocked, id=22976, stack(0x0000000024730000,0x0000000024830000)]
  0x0000000020668800 JavaThread "jar transforms Thread 15" [_thread_blocked, id=15276, stack(0x0000000024630000,0x0000000024730000)]
  0x000000002065b000 JavaThread "jar transforms Thread 14" [_thread_blocked, id=20184, stack(0x0000000024530000,0x0000000024630000)]
  0x0000000020662000 JavaThread "jar transforms Thread 13" [_thread_blocked, id=14896, stack(0x0000000024430000,0x0000000024530000)]
  0x000000002065a800 JavaThread "jar transforms Thread 12" [_thread_blocked, id=20912, stack(0x0000000024330000,0x0000000024430000)]
  0x0000000020661000 JavaThread "jar transforms Thread 11" [_thread_blocked, id=15256, stack(0x0000000024230000,0x0000000024330000)]
  0x000000002065d800 JavaThread "jar transforms Thread 10" [_thread_blocked, id=26492, stack(0x0000000024130000,0x0000000024230000)]
  0x0000000020659800 JavaThread "jar transforms Thread 9" [_thread_blocked, id=13440, stack(0x0000000024030000,0x0000000024130000)]
  0x0000000020660800 JavaThread "jar transforms Thread 8" [_thread_blocked, id=13900, stack(0x0000000023f30000,0x0000000024030000)]
  0x000000002065c800 JavaThread "jar transforms Thread 7" [_thread_blocked, id=25076, stack(0x0000000023e30000,0x0000000023f30000)]
  0x000000002065c000 JavaThread "jar transforms Thread 6" [_thread_blocked, id=25052, stack(0x0000000023d30000,0x0000000023e30000)]
  0x000000002065f800 JavaThread "jar transforms Thread 5" [_thread_blocked, id=18924, stack(0x0000000023c30000,0x0000000023d30000)]
  0x000000002065f000 JavaThread "jar transforms Thread 4" [_thread_blocked, id=12952, stack(0x0000000023b30000,0x0000000023c30000)]
  0x000000002065e000 JavaThread "jar transforms Thread 3" [_thread_blocked, id=9300, stack(0x0000000023a30000,0x0000000023b30000)]
  0x0000000019b87000 JavaThread "jar transforms Thread 2" [_thread_blocked, id=14528, stack(0x0000000023780000,0x0000000023880000)]
  0x0000000019b86000 JavaThread "jar transforms" [_thread_blocked, id=3800, stack(0x0000000023680000,0x0000000023780000)]
  0x0000000019b81800 JavaThread "Cache worker for file hash cache (C:\Users\1403\.gradle\caches\6.5\fileHashes)" [_thread_blocked, id=8364, stack(0x0000000020210000,0x0000000020310000)]
  0x0000000019b85800 JavaThread "File lock request listener" [_thread_in_native, id=11496, stack(0x0000000020110000,0x0000000020210000)]
  0x000000001deda800 JavaThread "Cache worker for journal cache (C:\Users\1403\.gradle\caches\journal-1)" [_thread_blocked, id=15784, stack(0x0000000020010000,0x0000000020110000)]
  0x000000001d464000 JavaThread "Daemon worker" [_thread_in_vm, id=24056, stack(0x000000001fa10000,0x000000001fb10000)]
  0x000000001c9bf800 JavaThread "Daemon" [_thread_blocked, id=17672, stack(0x000000001f710000,0x000000001f810000)]
  0x000000001de97000 JavaThread "Daemon periodic checks" [_thread_blocked, id=10136, stack(0x000000001f410000,0x000000001f510000)]
  0x000000001de95000 JavaThread "Incoming local TCP Connector on port 64054" [_thread_in_native, id=7044, stack(0x000000001f230000,0x000000001f330000)]
  0x000000001dd3e000 JavaThread "Daemon health stats" [_thread_blocked, id=8448, stack(0x000000001ef10000,0x000000001f010000)]
  0x0000000019be8800 JavaThread "Service Thread" daemon [_thread_blocked, id=24036, stack(0x000000001c370000,0x000000001c470000)]
  0x0000000019b84800 JavaThread "C1 CompilerThread11" daemon [_thread_in_native, id=3500, stack(0x000000001c270000,0x000000001c370000)]
  0x0000000019b83000 JavaThread "C1 CompilerThread10" daemon [_thread_in_native, id=15520, stack(0x000000001c170000,0x000000001c270000)]
  0x0000000019b81000 JavaThread "C1 CompilerThread9" daemon [_thread_in_vm, id=27372, stack(0x000000001bf70000,0x000000001c070000)]
  0x0000000019b84000 JavaThread "C1 CompilerThread8" daemon [_thread_in_native, id=21824, stack(0x000000001be70000,0x000000001bf70000)]
=>0x0000000019b80000 JavaThread "C2 CompilerThread7" daemon [_thread_in_native, id=26244, stack(0x000000001bd70000,0x000000001be70000)]
  0x0000000019b6e000 JavaThread "C2 CompilerThread6" daemon [_thread_blocked, id=3336, stack(0x000000001bc70000,0x000000001bd70000)]
  0x0000000019b58800 JavaThread "C2 CompilerThread5" daemon [_thread_in_native, id=20600, stack(0x000000001bb70000,0x000000001bc70000)]
  0x0000000019b37000 JavaThread "C2 CompilerThread4" daemon [_thread_in_native, id=23620, stack(0x000000001ba70000,0x000000001bb70000)]
  0x0000000019b0a000 JavaThread "C2 CompilerThread3" daemon [_thread_blocked, id=26364, stack(0x000000001b970000,0x000000001ba70000)]
  0x0000000019b07800 JavaThread "C2 CompilerThread2" daemon [_thread_blocked, id=8596, stack(0x000000001b870000,0x000000001b970000)]
  0x0000000019b05800 JavaThread "C2 CompilerThread1" daemon [_thread_in_native, id=22836, stack(0x000000001b770000,0x000000001b870000)]
  0x0000000019b01000 JavaThread "C2 CompilerThread0" daemon [_thread_blocked, id=16828, stack(0x000000001b670000,0x000000001b770000)]
  0x0000000019aab000 JavaThread "Attach Listener" daemon [_thread_blocked, id=22720, stack(0x000000001b570000,0x000000001b670000)]
  0x0000000019a94000 JavaThread "Signal Dispatcher" daemon [_thread_blocked, id=10188, stack(0x000000001b470000,0x000000001b570000)]
  0x0000000018025000 JavaThread "Finalizer" daemon [_thread_blocked, id=10620, stack(0x000000001b2e0000,0x000000001b3e0000)]
  0x0000000019a85800 JavaThread "Reference Handler" daemon [_thread_blocked, id=26180, stack(0x000000001b1e0000,0x000000001b2e0000)]
  0x00000000029b2800 JavaThread "main" [_thread_blocked, id=26700, stack(0x0000000002500000,0x0000000002600000)]

Other Threads:
  0x0000000019a64000 VMThread [stack: 0x000000001b0e0000,0x000000001b1e0000] [id=3684]
  0x0000000019bd7000 WatcherThread [stack: 0x000000001c470000,0x000000001c570000] [id=18872]

VM state:not at safepoint (normal execution)

VM Mutex/Monitor currently owned by a thread: None

heap address: 0x0000000080000000, size: 2048 MB, Compressed Oops mode: 32-bit
Narrow klass base: 0x0000000000000000, Narrow klass shift: 3
Compressed class space size: 1073741824 Address: 0x0000000100000000

Heap:
 PSYoungGen      total 239104K, used 168151K [0x00000000d5580000, 0x00000000e5500000, 0x0000000100000000)
  eden space 221696K, 69% used [0x00000000d5580000,0x00000000deb6e640,0x00000000e2e00000)
  from space 17408K, 83% used [0x00000000e4400000,0x00000000e5247798,0x00000000e5500000)
  to   space 19968K, 0% used [0x00000000e2e00000,0x00000000e2e00000,0x00000000e4180000)
 ParOldGen       total 134656K, used 49612K [0x0000000080000000, 0x0000000088380000, 0x00000000d5580000)
  object space 134656K, 36% used [0x0000000080000000,0x00000000830732c8,0x0000000088380000)
 Metaspace       used 84759K, capacity 90965K, committed 91096K, reserved 1128448K
  class space    used 11384K, capacity 12501K, committed 12544K, reserved 1048576K

Card table byte_map: [0x0000000011e70000,0x0000000012280000] byte_map_base: 0x0000000011a70000

Marking Bits: (ParMarkBitMap*) 0x000000006d62f030
 Begin Bits: [0x0000000013230000, 0x0000000015230000)
 End Bits:   [0x0000000015230000, 0x0000000017230000)

Polling page: 0x0000000000cb0000

CodeCache: size=245760Kb used=34198Kb max_used=34347Kb free=211561Kb
 bounds [0x0000000002ab0000, 0x0000000004c70000, 0x0000000011ab0000]
 total_blobs=11094 nmethods=10228 adapters=775
 compilation: enabled

Compilation events (10 events):
Event: 91.548 Thread 0x0000000019b84800 11644       3       com.android.build.gradle.internal.pipeline.OriginalStream$Builder::addScope (13 bytes)
Event: 91.548 Thread 0x0000000019b84800 nmethod 11644 0x0000000004c574d0 code [0x0000000004c57640, 0x0000000004c57868]
Event: 91.548 Thread 0x0000000019b84000 11645       3       com.android.build.gradle.internal.scope.ProducersMap$Producers::<init> (170 bytes)
Event: 91.549 Thread 0x0000000019b83000 11646       1       com.android.build.gradle.internal.publishing.VariantPublishingSpecImpl::getTestingSpecs (5 bytes)
Event: 91.549 Thread 0x0000000019b07800 11647       4       org.gradle.internal.logging.sink.OutputEventListenerManager$1::onOutput (33 bytes)
Event: 91.549 Thread 0x0000000019b81000 11648       3       com.android.build.gradle.internal.scope.BuildArtifactsHolder::appendArtifact (53 bytes)
Event: 91.549 Thread 0x0000000019b84800 11649       3       com.android.build.gradle.internal.scope.BuildArtifactsHolder::createFile$gradle (59 bytes)
Event: 91.549 Thread 0x0000000019b83000 nmethod 11646 0x0000000004c57210 code [0x0000000004c57360, 0x0000000004c57470]
Event: 91.549 Thread 0x0000000019b6e000 11650   !   4       org.gradle.internal.logging.sink.OutputEventRenderer::onOutput (101 bytes)
Event: 91.550 Thread 0x0000000019b83000 11651       1       org.gradle.api.internal.provider.AbstractProperty$NonFinalizedValue::explicitValue (7 bytes)

GC Heap History (10 events):
Event: 10.296 GC heap before
{Heap before GC invocations=13 (full 2):
 PSYoungGen      total 152064K, used 151700K [0x00000000d5580000, 0x00000000dfb80000, 0x0000000100000000)
  eden space 142336K, 100% used [0x00000000d5580000,0x00000000de080000,0x00000000de080000)
  from space 9728K, 96% used [0x00000000df200000,0x00000000dfb25380,0x00000000dfb80000)
  to   space 12288K, 0% used [0x00000000de380000,0x00000000de380000,0x00000000def80000)
 ParOldGen       total 82944K, used 15748K [0x0000000080000000, 0x0000000085100000, 0x00000000d5580000)
  object space 82944K, 18% used [0x0000000080000000,0x0000000080f61160,0x0000000085100000)
 Metaspace       used 49816K, capacity 52158K, committed 52568K, reserved 1095680K
  class space    used 6709K, capacity 7176K, committed 7296K, reserved 1048576K
Event: 10.314 GC heap after
Heap after GC invocations=13 (full 2):
 PSYoungGen      total 157696K, used 12276K [0x00000000d5580000, 0x00000000e3080000, 0x0000000100000000)
  eden space 145408K, 0% used [0x00000000d5580000,0x00000000d5580000,0x00000000de380000)
  from space 12288K, 99% used [0x00000000de380000,0x00000000def7d338,0x00000000def80000)
  to   space 17408K, 0% used [0x00000000e1f80000,0x00000000e1f80000,0x00000000e3080000)
 ParOldGen       total 82944K, used 25277K [0x0000000080000000, 0x0000000085100000, 0x00000000d5580000)
  object space 82944K, 30% used [0x0000000080000000,0x00000000818af6d8,0x0000000085100000)
 Metaspace       used 49816K, capacity 52158K, committed 52568K, reserved 1095680K
  class space    used 6709K, capacity 7176K, committed 7296K, reserved 1048576K
}
Event: 11.055 GC heap before
{Heap before GC invocations=14 (full 2):
 PSYoungGen      total 157696K, used 98431K [0x00000000d5580000, 0x00000000e3080000, 0x0000000100000000)
  eden space 145408K, 59% used [0x00000000d5580000,0x00000000da9a2988,0x00000000de380000)
  from space 12288K, 99% used [0x00000000de380000,0x00000000def7d338,0x00000000def80000)
  to   space 17408K, 0% used [0x00000000e1f80000,0x00000000e1f80000,0x00000000e3080000)
 ParOldGen       total 82944K, used 25277K [0x0000000080000000, 0x0000000085100000, 0x00000000d5580000)
  object space 82944K, 30% used [0x0000000080000000,0x00000000818af6d8,0x0000000085100000)
 Metaspace       used 56259K, capacity 59011K, committed 59028K, reserved 1099776K
  class space    used 7648K, capacity 8192K, committed 8192K, reserved 1048576K
Event: 11.071 GC heap after
Heap after GC invocations=14 (full 2):
 PSYoungGen      total 207872K, used 8809K [0x00000000d5580000, 0x00000000e3700000, 0x0000000100000000)
  eden space 190464K, 0% used [0x00000000d5580000,0x00000000d5580000,0x00000000e0f80000)
  from space 17408K, 50% used [0x00000000e1f80000,0x00000000e281a470,0x00000000e3080000)
  to   space 16384K, 0% used [0x00000000e0f80000,0x00000000e0f80000,0x00000000e1f80000)
 ParOldGen       total 82944K, used 33904K [0x0000000080000000, 0x0000000085100000, 0x00000000d5580000)
  object space 82944K, 40% used [0x0000000080000000,0x000000008211c050,0x0000000085100000)
 Metaspace       used 56259K, capacity 59011K, committed 59028K, reserved 1099776K
  class space    used 7648K, capacity 8192K, committed 8192K, reserved 1048576K
}
Event: 11.071 GC heap before
{Heap before GC invocations=15 (full 3):
 PSYoungGen      total 207872K, used 8809K [0x00000000d5580000, 0x00000000e3700000, 0x0000000100000000)
  eden space 190464K, 0% used [0x00000000d5580000,0x00000000d5580000,0x00000000e0f80000)
  from space 17408K, 50% used [0x00000000e1f80000,0x00000000e281a470,0x00000000e3080000)
  to   space 16384K, 0% used [0x00000000e0f80000,0x00000000e0f80000,0x00000000e1f80000)
 ParOldGen       total 82944K, used 33904K [0x0000000080000000, 0x0000000085100000, 0x00000000d5580000)
  object space 82944K, 40% used [0x0000000080000000,0x000000008211c050,0x0000000085100000)
 Metaspace       used 56259K, capacity 59011K, committed 59028K, reserved 1099776K
  class space    used 7648K, capacity 8192K, committed 8192K, reserved 1048576K
Event: 11.290 GC heap after
Heap after GC invocations=15 (full 3):
 PSYoungGen      total 207872K, used 0K [0x00000000d5580000, 0x00000000e3700000, 0x0000000100000000)
  eden space 190464K, 0% used [0x00000000d5580000,0x00000000d5580000,0x00000000e0f80000)
  from space 17408K, 0% used [0x00000000e1f80000,0x00000000e1f80000,0x00000000e3080000)
  to   space 16384K, 0% used [0x00000000e0f80000,0x00000000e0f80000,0x00000000e1f80000)
 ParOldGen       total 134656K, used 36254K [0x0000000080000000, 0x0000000088380000, 0x00000000d5580000)
  object space 134656K, 26% used [0x0000000080000000,0x0000000082367800,0x0000000088380000)
 Metaspace       used 56169K, capacity 58705K, committed 59028K, reserved 1099776K
  class space    used 7620K, capacity 8141K, committed 8192K, reserved 1048576K
}
Event: 13.683 GC heap before
{Heap before GC invocations=16 (full 3):
 PSYoungGen      total 207872K, used 190464K [0x00000000d5580000, 0x00000000e3700000, 0x0000000100000000)
  eden space 190464K, 100% used [0x00000000d5580000,0x00000000e0f80000,0x00000000e0f80000)
  from space 17408K, 0% used [0x00000000e1f80000,0x00000000e1f80000,0x00000000e3080000)
  to   space 16384K, 0% used [0x00000000e0f80000,0x00000000e0f80000,0x00000000e1f80000)
 ParOldGen       total 134656K, used 36254K [0x0000000080000000, 0x0000000088380000, 0x00000000d5580000)
  object space 134656K, 26% used [0x0000000080000000,0x0000000082367800,0x0000000088380000)
 Metaspace       used 66367K, capacity 69719K, committed 69976K, reserved 1110016K
  class space    used 9090K, capacity 9748K, committed 9856K, reserved 1048576K
Event: 13.700 GC heap after
Heap after GC invocations=16 (full 3):
 PSYoungGen      total 206848K, used 16360K [0x00000000d5580000, 0x00000000e5680000, 0x0000000100000000)
  eden space 190464K, 0% used [0x00000000d5580000,0x00000000d5580000,0x00000000e0f80000)
  from space 16384K, 99% used [0x00000000e0f80000,0x00000000e1f7a0c0,0x00000000e1f80000)
  to   space 18944K, 0% used [0x00000000e4400000,0x00000000e4400000,0x00000000e5680000)
 ParOldGen       total 134656K, used 37501K [0x0000000080000000, 0x0000000088380000, 0x00000000d5580000)
  object space 134656K, 27% used [0x0000000080000000,0x000000008249f6a8,0x0000000088380000)
 Metaspace       used 66367K, capacity 69719K, committed 69976K, reserved 1110016K
  class space    used 9090K, capacity 9748K, committed 9856K, reserved 1048576K
}
Event: 17.522 GC heap before
{Heap before GC invocations=17 (full 3):
 PSYoungGen      total 206848K, used 206824K [0x00000000d5580000, 0x00000000e5680000, 0x0000000100000000)
  eden space 190464K, 100% used [0x00000000d5580000,0x00000000e0f80000,0x00000000e0f80000)
  from space 16384K, 99% used [0x00000000e0f80000,0x00000000e1f7a0c0,0x00000000e1f80000)
  to   space 18944K, 0% used [0x00000000e4400000,0x00000000e4400000,0x00000000e5680000)
 ParOldGen       total 134656K, used 37501K [0x0000000080000000, 0x0000000088380000, 0x00000000d5580000)
  object space 134656K, 27% used [0x0000000080000000,0x000000008249f6a8,0x0000000088380000)
 Metaspace       used 75972K, capacity 81415K, committed 81752K, reserved 1120256K
  class space    used 10513K, capacity 11526K, committed 11648K, reserved 1048576K
Event: 17.543 GC heap after
Heap after GC invocations=17 (full 3):
 PSYoungGen      total 239104K, used 14621K [0x00000000d5580000, 0x00000000e5500000, 0x0000000100000000)
  eden space 221696K, 0% used [0x00000000d5580000,0x00000000d5580000,0x00000000e2e00000)
  from space 17408K, 83% used [0x00000000e4400000,0x00000000e5247798,0x00000000e5500000)
  to   space 19968K, 0% used [0x00000000e2e00000,0x00000000e2e00000,0x00000000e4180000)
 ParOldGen       total 134656K, used 49612K [0x0000000080000000, 0x0000000088380000, 0x00000000d5580000)
  object space 134656K, 36% used [0x0000000080000000,0x00000000830732c8,0x0000000088380000)
 Metaspace       used 75972K, capacity 81415K, committed 81752K, reserved 1120256K
  class space    used 10513K, capacity 11526K, committed 11648K, reserved 1048576K
}

Deoptimization events (10 events):
Event: 49.110 Thread 0x000000001d464000 Uncommon trap: reason=unstable_if action=reinterpret pc=0x00000000034f82d4 method=org.gradle.api.internal.AbstractTask.compareTo(Lorg/gradle/api/Task;)I @ 17
Event: 49.126 Thread 0x000000001d464000 Uncommon trap: reason=class_check action=maybe_recompile pc=0x000000000452b604 method=org.gradle.internal.operations.logging.LoggingBuildOperationProgressBroadcaster.onOutput(Lorg/gradle/internal/logging/events/OutputEvent;)V @ 8
Event: 49.166 Thread 0x000000001d464000 Uncommon trap: reason=unstable_if action=reinterpret pc=0x0000000004669238 method=com.google.common.collect.RegularImmutableMap.createHashTable([Ljava/lang/Object;III)[I @ 2
Event: 49.188 Thread 0x000000001d464000 Uncommon trap: reason=class_check action=maybe_recompile pc=0x000000000452b604 method=org.gradle.internal.operations.logging.LoggingBuildOperationProgressBroadcaster.onOutput(Lorg/gradle/internal/logging/events/OutputEvent;)V @ 8
Event: 49.340 Thread 0x000000001d464000 Uncommon trap: reason=bimorphic action=maybe_recompile pc=0x0000000002f4c164 method=java.util.HashMap.removeNode(ILjava/lang/Object;Ljava/lang/Object;ZZ)Ljava/util/HashMap$Node; @ 68
Event: 49.345 Thread 0x0000000022e8f800 Uncommon trap: reason=unstable_if action=reinterpret pc=0x000000000346b688 method=java.util.concurrent.locks.AbstractQueuedSynchronizer.acquire(I)V @ 20
Event: 49.346 Thread 0x0000000022e8c000 Uncommon trap: reason=unstable_if action=reinterpret pc=0x000000000346b688 method=java.util.concurrent.locks.AbstractQueuedSynchronizer.acquire(I)V @ 20
Event: 49.396 Thread 0x0000000022e82800 Uncommon trap: reason=unstable_if action=reinterpret pc=0x00000000031bdad4 method=com.esotericsoftware.kryo.io.Input.require(I)I @ 180
Event: 83.456 Thread 0x000000001de97000 Uncommon trap: reason=bimorphic action=maybe_recompile pc=0x0000000002f4c0ec method=java.util.HashMap.removeNode(ILjava/lang/Object;Ljava/lang/Object;ZZ)Ljava/util/HashMap$Node; @ 283
Event: 83.456 Thread 0x000000001de97000 Uncommon trap: reason=bimorphic action=maybe_recompile pc=0x0000000002f4c0ec method=java.util.HashMap.removeNode(ILjava/lang/Object;Ljava/lang/Object;ZZ)Ljava/util/HashMap$Node; @ 283

Classes redefined (0 events):
No events

Internal exceptions (10 events):
Event: 48.897 Thread 0x0000000022e82000 Exception <a 'java/lang/NoSuchMethodError': <clinit>> (0x00000000dc008848) thrown at [C:\src\AOSP-openjdk-git\hotspot\src\share\vm\prims\jni.cpp, line 1615]
Event: 49.015 Thread 0x000000001d464000 Exception <a 'java/lang/NoSuchMethodError': java.lang.Object.lambda$static$0(Lorg/gradle/api/internal/tasks/TaskDependencyResolveContext;)V> (0x00000000dc7e0998) thrown at [C:\src\AOSP-openjdk-git\hotspot\src\share\vm\interpreter\linkResolver.cpp, line 62
Event: 49.116 Thread 0x000000001d464000 Exception <a 'java/io/FileNotFoundException'> (0x00000000dcbf81a0) thrown at [C:\src\AOSP-openjdk-git\hotspot\src\share\vm\prims\jni.cpp, line 710]
Event: 49.119 Thread 0x000000001d464000 Exception <a 'java/io/FileNotFoundException'> (0x00000000dcc0d720) thrown at [C:\src\AOSP-openjdk-git\hotspot\src\share\vm\prims\jni.cpp, line 710]
Event: 49.179 Thread 0x000000001d464000 Exception <a 'java/io/FileNotFoundException'> (0x00000000dcd2a298) thrown at [C:\src\AOSP-openjdk-git\hotspot\src\share\vm\prims\jni.cpp, line 710]
Event: 49.181 Thread 0x000000001d464000 Exception <a 'java/io/FileNotFoundException'> (0x00000000dcd3fa00) thrown at [C:\src\AOSP-openjdk-git\hotspot\src\share\vm\prims\jni.cpp, line 710]
Event: 49.307 Thread 0x000000001d464000 Exception <a 'java/lang/reflect/InvocationTargetException'> (0x00000000dcd825d0) thrown at [C:\src\AOSP-openjdk-git\hotspot\src\share\vm\runtime\reflection.cpp, line 1092]
Event: 49.313 Thread 0x000000001d464000 Exception <a 'sun/nio/fs/WindowsException'> (0x00000000dcda6498) thrown at [C:\src\AOSP-openjdk-git\hotspot\src\share\vm\prims\jni.cpp, line 710]
Event: 49.317 Thread 0x000000001d464000 Exception <a 'sun/nio/fs/WindowsException'> (0x00000000dcda7d60) thrown at [C:\src\AOSP-openjdk-git\hotspot\src\share\vm\prims\jni.cpp, line 710]
Event: 91.163 Thread 0x000000001e1d7800 Exception <a 'java/lang/NoSuchMethodError': <clinit>> (0x00000000dcfe8dd8) thrown at [C:\src\AOSP-openjdk-git\hotspot\src\share\vm\prims\jni.cpp, line 1615]

Events (10 events):
Event: 91.370 Thread 0x0000000022e8f000 Thread added: 0x0000000022e8f000
Event: 91.370 Thread 0x0000000022e90800 Thread added: 0x0000000022e90800
Event: 91.370 Thread 0x0000000022e89800 Thread added: 0x0000000022e89800
Event: 91.371 Thread 0x0000000022e8a800 Thread added: 0x0000000022e8a800
Event: 91.371 Thread 0x0000000022e8b000 Thread added: 0x0000000022e8b000
Event: 91.371 Executing VM operation: RevokeBias
Event: 91.371 Executing VM operation: RevokeBias done
Event: 91.371 Executing VM operation: RevokeBias
Event: 91.372 Executing VM operation: RevokeBias done
Event: 91.472 Thread 0x0000000021a19800 Thread added: 0x0000000021a19800


Dynamic libraries:
0x00007ff6235d0000 - 0x00007ff623601000 	C:\Program Files\Android\Android Studio\jre\bin\java.exe
0x00007ffc6c7f0000 - 0x00007ffc6c9e6000 	C:\WINDOWS\SYSTEM32\ntdll.dll
0x00007ffc49500000 - 0x00007ffc49512000 	C:\Program Files\Avast Software\Avast\aswhook.dll
0x00007ffc6a980000 - 0x00007ffc6aa3d000 	C:\WINDOWS\System32\KERNEL32.DLL
0x00007ffc6a320000 - 0x00007ffc6a5e9000 	C:\WINDOWS\System32\KERNELBASE.dll
0x00007ffc6c540000 - 0x00007ffc6c5ec000 	C:\WINDOWS\System32\ADVAPI32.dll
0x00007ffc6bce0000 - 0x00007ffc6bd7e000 	C:\WINDOWS\System32\msvcrt.dll
0x00007ffc6c060000 - 0x00007ffc6c0fc000 	C:\WINDOWS\System32\sechost.dll
0x00007ffc6a850000 - 0x00007ffc6a97b000 	C:\WINDOWS\System32\RPCRT4.dll
0x00007ffc6ba30000 - 0x00007ffc6bbd0000 	C:\WINDOWS\System32\USER32.dll
0x00007ffc6a140000 - 0x00007ffc6a162000 	C:\WINDOWS\System32\win32u.dll
0x00007ffc6ba00000 - 0x00007ffc6ba2a000 	C:\WINDOWS\System32\GDI32.dll
0x00007ffc6a210000 - 0x00007ffc6a319000 	C:\WINDOWS\System32\gdi32full.dll
0x00007ffc6a170000 - 0x00007ffc6a20d000 	C:\WINDOWS\System32\msvcp_win.dll
0x00007ffc69f30000 - 0x00007ffc6a030000 	C:\WINDOWS\System32\ucrtbase.dll
0x00007ffc693d0000 - 0x00007ffc6966b000 	C:\WINDOWS\WinSxS\amd64_microsoft.windows.common-controls_6595b64144ccf1df_6.0.19041.488_none_ca04af081b815d21\COMCTL32.dll
0x00007ffc6c720000 - 0x00007ffc6c750000 	C:\WINDOWS\System32\IMM32.DLL
0x000000006cca0000 - 0x000000006cd72000 	C:\Program Files\Android\Android Studio\jre\jre\bin\msvcr100.dll
0x000000006ce60000 - 0x000000006d6ab000 	C:\Program Files\Android\Android Studio\jre\jre\bin\server\jvm.dll
0x00007ffc6aa40000 - 0x00007ffc6aa48000 	C:\WINDOWS\System32\PSAPI.DLL
0x00007ffc5e230000 - 0x00007ffc5e239000 	C:\WINDOWS\SYSTEM32\WSOCK32.dll
0x00007ffc6b980000 - 0x00007ffc6b9eb000 	C:\WINDOWS\System32\WS2_32.dll
0x00007ffc59180000 - 0x00007ffc591a7000 	C:\WINDOWS\SYSTEM32\WINMM.dll
0x00007ffc680d0000 - 0x00007ffc680da000 	C:\WINDOWS\SYSTEM32\VERSION.dll
0x00007ffc696f0000 - 0x00007ffc696ff000 	C:\Program Files\Android\Android Studio\jre\jre\bin\verify.dll
0x00007ffc63350000 - 0x00007ffc63379000 	C:\Program Files\Android\Android Studio\jre\jre\bin\java.dll
0x00007ffc615a0000 - 0x00007ffc615b6000 	C:\Program Files\Android\Android Studio\jre\jre\bin\zip.dll
0x00007ffc6aa50000 - 0x00007ffc6b192000 	C:\WINDOWS\System32\SHELL32.dll
0x00007ffc67930000 - 0x00007ffc680c5000 	C:\WINDOWS\SYSTEM32\windows.storage.dll
0x00007ffc6c100000 - 0x00007ffc6c456000 	C:\WINDOWS\System32\combase.dll
0x00007ffc69120000 - 0x00007ffc6914c000 	C:\WINDOWS\SYSTEM32\Wldp.dll
0x00007ffc6bbd0000 - 0x00007ffc6bc7e000 	C:\WINDOWS\System32\SHCORE.dll
0x00007ffc6bc80000 - 0x00007ffc6bcd5000 	C:\WINDOWS\System32\shlwapi.dll
0x00007ffc69e60000 - 0x00007ffc69e86000 	C:\WINDOWS\SYSTEM32\profapi.dll
0x00007ffc60ed0000 - 0x00007ffc60eea000 	C:\Program Files\Android\Android Studio\jre\jre\bin\net.dll
0x00007ffc68fa0000 - 0x00007ffc6900a000 	C:\WINDOWS\system32\mswsock.dll
0x00007ffc60680000 - 0x00007ffc60693000 	C:\Program Files\Android\Android Studio\jre\jre\bin\nio.dll
0x00007ffc60ba0000 - 0x00007ffc60bc7000 	C:\Users\1403\.gradle\native\f6784746aeab05261644944871eae4fe03e0ef1612fff0a4a95f87b438bc6780\windows-amd64\native-platform.dll
0x00007ffc68160000 - 0x00007ffc6816d000 	C:\Program Files\Android\Android Studio\jre\jre\bin\management.dll
0x00007ffc69bf0000 - 0x00007ffc69c08000 	C:\WINDOWS\SYSTEM32\CRYPTSP.dll
0x00007ffc68980000 - 0x00007ffc689b4000 	C:\WINDOWS\system32\rsaenh.dll
0x00007ffc6a5f0000 - 0x00007ffc6a617000 	C:\WINDOWS\System32\bcrypt.dll
0x00007ffc69e20000 - 0x00007ffc69e4e000 	C:\WINDOWS\SYSTEM32\USERENV.dll
0x00007ffc6a7d0000 - 0x00007ffc6a850000 	C:\WINDOWS\System32\bcryptprimitives.dll
0x00007ffc69240000 - 0x00007ffc6924c000 	C:\WINDOWS\SYSTEM32\CRYPTBASE.dll
0x00007ffc68cc0000 - 0x00007ffc68cfb000 	C:\WINDOWS\SYSTEM32\IPHLPAPI.DLL
0x00007ffc6bf30000 - 0x00007ffc6bf38000 	C:\WINDOWS\System32\NSI.dll
0x00007ffc63bb0000 - 0x00007ffc63bc7000 	C:\WINDOWS\SYSTEM32\dhcpcsvc6.DLL
0x00007ffc63920000 - 0x00007ffc6393d000 	C:\WINDOWS\SYSTEM32\dhcpcsvc.DLL
0x00007ffc68d00000 - 0x00007ffc68dcb000 	C:\WINDOWS\SYSTEM32\DNSAPI.dll
0x00007ffc63bf0000 - 0x00007ffc63bfb000 	C:\WINDOWS\SYSTEM32\WINNSI.DLL
0x00007ffc53330000 - 0x00007ffc53354000 	C:\Program Files\Android\Android Studio\jre\jre\bin\sunec.dll
0x00007ffc5a1d0000 - 0x00007ffc5a1da000 	C:\Windows\System32\rasadhlp.dll
0x00007ffc63040000 - 0x00007ffc630bf000 	C:\WINDOWS\System32\fwpuclnt.dll
0x00007ffc64f70000 - 0x00007ffc64f7b000 	C:\Program Files\Android\Android Studio\jre\jre\bin\sunmscapi.dll
0x00007ffc6a670000 - 0x00007ffc6a7cd000 	C:\WINDOWS\System32\CRYPT32.dll

VM Arguments:
jvm_args: -Xmx2048m -Dfile.encoding=UTF-8 -Duser.country=KR -Duser.language=ko -Duser.variant 
java_command: org.gradle.launcher.daemon.bootstrap.GradleDaemon 6.5
java_class_path (initial): C:\Users\1403\.gradle\wrapper\dists\gradle-6.5-bin\6nifqtx7604sqp1q6g8wikw7p\gradle-6.5\lib\gradle-launcher-6.5.jar
Launcher Type: SUN_STANDARD

Environment Variables:
JAVA_HOME=C:\Program Files\Android\Android Studio\jre
PATH=C:\Users\1403\bin;C:\Users\1403\utils\bin;C:\Program Files (x86)\Common Files\Oracle\Java\javapath;C:\app\1403\product\11.2.0\dbhome_1\bin;C:\ProgramData\Oracle\Java\javapath;C:\WINDOWS\system32;C:\WINDOWS;C:\WINDOWS\System32\Wbem;C:\WINDOWS\System32\WindowsPowerShell\v1.0\;C:\Program Files\dotnet\;C:\Program Files\Microsoft SQL Server\130\Tools\Binn\;C:\Program Files (x86)\Windows Kits\8.1\Windows Performance Toolkit\;C:\WINDOWS\System32\OpenSSH\;C:\opencv\build\x64\vc14\bin;C:\Program Files\MATLAB\R2020a\runtime\win64;C:\Program Files\MATLAB\R2020a\bin;C:\Program Files\Point Grey Research\FlyCapture2\bin64;C:\Program Files\Point Grey Research\FlyCap2 Viewer\bin64\vs2013;C:\Program Files\Point Grey Research\FlyCapture2\bin64;C:\Program Files\Point Grey Research\FlyCap2 Viewer\bin64;%FC2PATH\vs2013;C:\Program Files\Point Grey Research\FlyCapture2\bin64;C:\Program Files\Point Grey Research\FlyCap2 Viewer\bin64\vs2015;C:\Program Files\Point Grey Research\FlyCapture2\bin64\vs2015;c:\ninja;C:\Program Files\Android\Android Studio\jre\bin;C:\Program Files\Git\cmd;C:\OrCAD\OrCAD_16.6_Lite\OpenAccess\bin\win32\opt;C:\OrCAD\OrCAD_16.6_Lite\tools\pcb\bin;C:\OrCAD\OrCAD_16.6_Lite\tools\fet\bin;C:\OrCAD\OrCAD_16.6_Lite\tools\Capture;C:\OrCAD\OrCAD_16.6_Lite\tools\PSpice;C:\OrCAD\OrCAD_16.6_Lite\tools\specctra\bin;C:\OrCAD\OrCAD_16.6_Lite\tools\bin;C:\Users\1403\Desktop\opencv\build\x64\vc14\bin\WindowsApps;C:\Program Files\Point Grey Research\FlyCapture2\bin64\vs2015;C:\Users\1403\AppData\Local\Microsoft\WindowsApps
USERNAME=1403
OS=Windows_NT
PROCESSOR_IDENTIFIER=AMD64 Family 23 Model 1 Stepping 1, AuthenticAMD



---------------  S Y S T E M  ---------------

OS: Windows 10.0 , 64 bit Build 19041 (10.0.19041.662)

CPU:total 16 (initial active 16) (16 cores per cpu, 1 threads per core) family 23 model 1 stepping 1, cmov, cx8, fxsr, mmx, sse, sse2, sse3, ssse3, sse4.1, sse4.2, popcnt, avx, avx2, aes, clmul, mmxext, 3dnowpref, lzcnt, sse4a, tsc, tscinvbit, tscinv, bmi1

Memory: 4k page, physical 8319776k(969416k free), swap 33485600k(4316k free)

vm_info: OpenJDK 64-Bit Server VM (25.242-b01) for windows-amd64 JRE (1.8.0_242-release-1644-b01), built by "builder" with MS VC++ 10.0 (VS2010)

time: Wed Jan 06 17:59:00 2021
timezone: 대한민국 표준시
elapsed time: 91 seconds (0d 0h 1m 31s)

