#
# There is insufficient memory for the Java Runtime Environment to continue.
# Native memory allocation (malloc) failed to allocate 957296 bytes for Chunk::new
# Possible reasons:
#   The system is out of physical RAM or swap space
#   The process is running with CompressedOops enabled, and the Java Heap may be blocking the growth of the native heap
# Possible solutions:
#   Reduce memory load on the system
#   Increase physical memory or swap space
#   Check if swap backing store is full
#   Decrease Java heap size (-Xmx/-Xms)
#   Decrease number of Java threads
#   Decrease Java thread stack sizes (-Xss)
#   Set larger code cache with -XX:ReservedCodeCacheSize=
#   JVM is running with Unscaled Compressed Oops mode in which the Java heap is
#     placed in the first 4GB address space. The Java Heap base address is the
#     maximum limit for the native heap growth. Please use -XX:HeapBaseMinAddress
#     to set the Java Heap base and to place the Java Heap above 4GB virtual address.
# This output file may be truncated or incomplete.
#
#  Out of Memory Error (allocation.cpp:389), pid=19272, tid=0x000000000000552c
#
# JRE version: OpenJDK Runtime Environment (8.0_242-b01) (build 1.8.0_242-release-1644-b01)
# Java VM: OpenJDK 64-Bit Server VM (25.242-b01 mixed mode windows-amd64 compressed oops)
# Failed to write core dump. Minidumps are not enabled by default on client versions of Windows
#

---------------  T H R E A D  ---------------

Current thread (0x0000000019f3d800):  JavaThread "C2 CompilerThread3" daemon [_thread_in_native, id=21804, stack(0x000000001bdb0000,0x000000001beb0000)]

Stack: [0x000000001bdb0000,0x000000001beb0000]
[error occurred during error reporting (printing stack bounds), id 0xc0000005]

Native frames: (J=compiled Java code, j=interpreted, Vv=VM code, C=native code)


Current CompileTask:
C2:  14159 10395       4       org.gradle.internal.snapshot.AbstractIncompleteSnapshotWithChildren::getSnapshot (15 bytes)


---------------  P R O C E S S  ---------------

Java Threads: ( => current thread )
  0x000000001daba000 JavaThread "Exec process Thread 3" [_thread_in_native, id=27488, stack(0x0000000031df0000,0x0000000031ef0000)]
  0x000000001dac1000 JavaThread "Exec process Thread 2" [_thread_in_native, id=18992, stack(0x0000000031cf0000,0x0000000031df0000)]
  0x000000001dab9800 JavaThread "Exec process" [_thread_in_native, id=12976, stack(0x0000000031bf0000,0x0000000031cf0000)]
  0x000000001dabf800 JavaThread "Cache worker for Java compile cache (C:\camera-samples-main\MyApplication1125_1\.gradle\6.5\javaCompile)" [_thread_blocked, id=19176, stack(0x0000000030520000,0x0000000030620000)]
  0x000000001dab8000 JavaThread "Cache worker for Java compile cache (C:\Users\1403\.gradle\caches\6.5\javaCompile)" [_thread_blocked, id=5676, stack(0x0000000030420000,0x0000000030520000)]
  0x000000001dabe000 JavaThread "Cache worker for execution history cache (C:\camera-samples-main\MyApplication1125_1\.gradle\6.5\executionHistory)" [_thread_blocked, id=27500, stack(0x0000000030120000,0x0000000030220000)]
  0x000000001dabb000 JavaThread "Execution worker for ':' Thread 15" [_thread_blocked, id=14036, stack(0x000000002fe20000,0x000000002ff20000)]
  0x000000001dabb800 JavaThread "Execution worker for ':' Thread 14" [_thread_blocked, id=19120, stack(0x000000002fd20000,0x000000002fe20000)]
  0x0000000025c8e800 JavaThread "Execution worker for ':' Thread 13" [_thread_blocked, id=20744, stack(0x000000002fc20000,0x000000002fd20000)]
  0x0000000025c8d800 JavaThread "Execution worker for ':' Thread 12" [_thread_blocked, id=15424, stack(0x000000002fb20000,0x000000002fc20000)]
  0x0000000025c92000 JavaThread "Execution worker for ':' Thread 11" [_thread_blocked, id=19000, stack(0x000000002fa20000,0x000000002fb20000)]
  0x0000000025c93800 JavaThread "Execution worker for ':' Thread 10" [_thread_blocked, id=6608, stack(0x000000002f920000,0x000000002fa20000)]
  0x0000000025c8d000 JavaThread "Execution worker for ':' Thread 9" [_thread_blocked, id=17644, stack(0x000000002f820000,0x000000002f920000)]
  0x0000000025c91800 JavaThread "Execution worker for ':' Thread 8" [_thread_blocked, id=27772, stack(0x000000002f720000,0x000000002f820000)]
  0x0000000025c93000 JavaThread "Execution worker for ':' Thread 7" [_thread_blocked, id=27800, stack(0x000000002f620000,0x000000002f720000)]
  0x0000000025c90800 JavaThread "Execution worker for ':' Thread 6" [_thread_blocked, id=18612, stack(0x000000002f520000,0x000000002f620000)]
  0x0000000025c8f000 JavaThread "Execution worker for ':' Thread 5" [_thread_blocked, id=9552, stack(0x000000002f420000,0x000000002f520000)]
  0x0000000025c90000 JavaThread "Execution worker for ':' Thread 4" [_thread_blocked, id=23268, stack(0x000000002f320000,0x000000002f420000)]
  0x000000001e65a800 JavaThread "Execution worker for ':' Thread 3" [_thread_blocked, id=848, stack(0x000000002f220000,0x000000002f320000)]
  0x000000001e659800 JavaThread "Execution worker for ':' Thread 2" [_thread_blocked, id=22944, stack(0x000000002f120000,0x000000002f220000)]
  0x000000001e660800 JavaThread "Execution worker for ':'" [_thread_blocked, id=18272, stack(0x000000002f020000,0x000000002f120000)]
  0x000000001e65f800 JavaThread "Cache worker for file content cache (C:\camera-samples-main\MyApplication1125_1\.gradle\6.5\fileContent)" [_thread_blocked, id=15244, stack(0x000000002ed20000,0x000000002ee20000)]
  0x000000001e65f000 JavaThread "Memory manager" [_thread_blocked, id=18860, stack(0x000000002d550000,0x000000002d650000)]
  0x000000001e65b000 JavaThread "Cache worker for Build Output Cleanup Cache (C:\camera-samples-main\MyApplication1125_1\.gradle\buildOutputCleanup)" [_thread_blocked, id=14092, stack(0x000000002ca50000,0x000000002cb50000)]
  0x000000001e653800 JavaThread "jar transforms Thread 83" [_thread_blocked, id=19616, stack(0x000000002c350000,0x000000002c450000)]
  0x000000001e659000 JavaThread "jar transforms Thread 82" [_thread_blocked, id=20428, stack(0x000000002c250000,0x000000002c350000)]
  0x000000001e651800 JavaThread "jar transforms Thread 81" [_thread_blocked, id=26472, stack(0x000000002c150000,0x000000002c250000)]
  0x000000001e653000 JavaThread "jar transforms Thread 80" [_thread_blocked, id=28064, stack(0x000000002c050000,0x000000002c150000)]
  0x000000001e657800 JavaThread "jar transforms Thread 79" [_thread_blocked, id=27108, stack(0x000000002bf50000,0x000000002c050000)]
  0x000000001e655000 JavaThread "jar transforms Thread 78" [_thread_blocked, id=25840, stack(0x000000002be50000,0x000000002bf50000)]
  0x000000001e658000 JavaThread "jar transforms Thread 77" [_thread_blocked, id=7688, stack(0x000000002bd50000,0x000000002be50000)]
  0x000000001e656800 JavaThread "jar transforms Thread 76" [_thread_blocked, id=28268, stack(0x000000002bc50000,0x000000002bd50000)]
  0x00000000220d3000 JavaThread "jar transforms Thread 75" [_thread_blocked, id=4132, stack(0x000000002bb50000,0x000000002bc50000)]
  0x00000000220d2800 JavaThread "jar transforms Thread 74" [_thread_blocked, id=2456, stack(0x000000002ba50000,0x000000002bb50000)]
  0x00000000220d7000 JavaThread "jar transforms Thread 73" [_thread_blocked, id=27760, stack(0x000000002b950000,0x000000002ba50000)]
  0x00000000220d7800 JavaThread "jar transforms Thread 72" [_thread_blocked, id=15500, stack(0x000000002b850000,0x000000002b950000)]
  0x00000000220d6000 JavaThread "jar transforms Thread 71" [_thread_blocked, id=15304, stack(0x000000002b750000,0x000000002b850000)]
  0x00000000220d4800 JavaThread "jar transforms Thread 70" [_thread_blocked, id=2672, stack(0x000000002b650000,0x000000002b750000)]
  0x00000000220d4000 JavaThread "jar transforms Thread 69" [_thread_blocked, id=11792, stack(0x000000002b550000,0x000000002b650000)]
  0x00000000220d8800 JavaThread "jar transforms Thread 68" [_thread_blocked, id=25448, stack(0x000000002b450000,0x000000002b550000)]
  0x00000000220d5800 JavaThread "jar transforms Thread 67" [_thread_blocked, id=3516, stack(0x000000002b350000,0x000000002b450000)]
  0x00000000220d9000 JavaThread "jar transforms Thread 66" [_thread_blocked, id=27880, stack(0x000000002b250000,0x000000002b350000)]
  0x00000000220d1800 JavaThread "jar transforms Thread 65" [_thread_blocked, id=22064, stack(0x000000002b150000,0x000000002b250000)]
  0x00000000220ca000 JavaThread "jar transforms Thread 64" [_thread_blocked, id=16224, stack(0x000000002b050000,0x000000002b150000)]
  0x00000000220ce800 JavaThread "jar transforms Thread 63" [_thread_blocked, id=27460, stack(0x000000002af50000,0x000000002b050000)]
  0x00000000220ce000 JavaThread "jar transforms Thread 62" [_thread_blocked, id=16984, stack(0x000000002ae50000,0x000000002af50000)]
  0x00000000220cd000 JavaThread "jar transforms Thread 61" [_thread_blocked, id=4816, stack(0x000000002ad50000,0x000000002ae50000)]
  0x00000000220cc800 JavaThread "jar transforms Thread 60" [_thread_blocked, id=28240, stack(0x000000002ac50000,0x000000002ad50000)]
  0x00000000220d1000 JavaThread "jar transforms Thread 59" [_thread_blocked, id=27336, stack(0x000000002ab50000,0x000000002ac50000)]
  0x00000000220d0000 JavaThread "jar transforms Thread 58" [_thread_blocked, id=24740, stack(0x000000002aa50000,0x000000002ab50000)]
  0x00000000220cb800 JavaThread "jar transforms Thread 57" [_thread_blocked, id=9628, stack(0x000000002a950000,0x000000002aa50000)]
  0x00000000220cf800 JavaThread "jar transforms Thread 56" [_thread_blocked, id=14164, stack(0x000000002a850000,0x000000002a950000)]
  0x00000000220cb000 JavaThread "jar transforms Thread 55" [_thread_blocked, id=19844, stack(0x000000002a750000,0x000000002a850000)]
  0x0000000021ef3000 JavaThread "jar transforms Thread 54" [_thread_blocked, id=11860, stack(0x000000002a650000,0x000000002a750000)]
  0x0000000021ef7000 JavaThread "jar transforms Thread 53" [_thread_blocked, id=12324, stack(0x000000002a550000,0x000000002a650000)]
  0x0000000021ef6800 JavaThread "jar transforms Thread 52" [_thread_blocked, id=8492, stack(0x000000002a450000,0x000000002a550000)]
  0x0000000021ef9800 JavaThread "jar transforms Thread 51" [_thread_blocked, id=2496, stack(0x000000002a350000,0x000000002a450000)]
  0x0000000021ef8800 JavaThread "jar transforms Thread 50" [_thread_blocked, id=22892, stack(0x000000002a250000,0x000000002a350000)]
  0x0000000021ef8000 JavaThread "jar transforms Thread 49" [_thread_blocked, id=26608, stack(0x000000002a150000,0x000000002a250000)]
  0x0000000021ef5800 JavaThread "jar transforms Thread 48" [_thread_blocked, id=21384, stack(0x000000002a050000,0x000000002a150000)]
  0x0000000021ef4000 JavaThread "jar transforms Thread 47" [_thread_blocked, id=10608, stack(0x0000000029f50000,0x000000002a050000)]
  0x0000000021ef4800 JavaThread "jar transforms Thread 46" [_thread_blocked, id=12932, stack(0x0000000029e50000,0x0000000029f50000)]
  0x0000000021eee000 JavaThread "jar transforms Thread 45" [_thread_blocked, id=14828, stack(0x0000000029d50000,0x0000000029e50000)]
  0x0000000021ef2800 JavaThread "jar transforms Thread 44" [_thread_blocked, id=7720, stack(0x0000000029c50000,0x0000000029d50000)]
  0x0000000021eeb800 JavaThread "jar transforms Thread 43" [_thread_blocked, id=19604, stack(0x0000000029b50000,0x0000000029c50000)]
  0x0000000021eed000 JavaThread "jar transforms Thread 42" [_thread_blocked, id=23124, stack(0x0000000029a50000,0x0000000029b50000)]
  0x0000000021ef0000 JavaThread "jar transforms Thread 41" [_thread_blocked, id=19516, stack(0x0000000029950000,0x0000000029a50000)]
  0x0000000021ef1800 JavaThread "jar transforms Thread 40" [_thread_blocked, id=23424, stack(0x0000000029850000,0x0000000029950000)]
  0x0000000021eef800 JavaThread "jar transforms Thread 39" [_thread_blocked, id=16192, stack(0x0000000029750000,0x0000000029850000)]
  0x0000000021eea000 JavaThread "jar transforms Thread 38" [_thread_blocked, id=17232, stack(0x0000000029650000,0x0000000029750000)]
  0x0000000021eee800 JavaThread "jar transforms Thread 37" [_thread_blocked, id=21144, stack(0x0000000029550000,0x0000000029650000)]
  0x0000000021ef1000 JavaThread "jar transforms Thread 36" [_thread_blocked, id=18608, stack(0x0000000029450000,0x0000000029550000)]
  0x0000000021eec800 JavaThread "jar transforms Thread 35" [_thread_blocked, id=22980, stack(0x0000000029350000,0x0000000029450000)]
  0x0000000021eeb000 JavaThread "jar transforms Thread 34" [_thread_blocked, id=24180, stack(0x0000000029250000,0x0000000029350000)]
  0x0000000020bc1000 JavaThread "jar transforms Thread 33" [_thread_blocked, id=3196, stack(0x0000000029150000,0x0000000029250000)]
  0x0000000020bc4000 JavaThread "jar transforms Thread 32" [_thread_blocked, id=16796, stack(0x0000000029050000,0x0000000029150000)]
  0x0000000020bc5800 JavaThread "jar transforms Thread 31" [_thread_blocked, id=18560, stack(0x0000000028f50000,0x0000000029050000)]
  0x0000000020bc2000 JavaThread "jar transforms Thread 30" [_thread_blocked, id=15888, stack(0x0000000028e50000,0x0000000028f50000)]
  0x0000000020bc3800 JavaThread "jar transforms Thread 29" [_thread_blocked, id=9684, stack(0x0000000028d50000,0x0000000028e50000)]
  0x0000000020bc2800 JavaThread "jar transforms Thread 28" [_thread_blocked, id=12220, stack(0x0000000028c50000,0x0000000028d50000)]
  0x0000000020bc5000 JavaThread "jar transforms Thread 27" [_thread_blocked, id=3748, stack(0x0000000028b50000,0x0000000028c50000)]
  0x0000000020bba800 JavaThread "jar transforms Thread 26" [_thread_blocked, id=28420, stack(0x0000000028a50000,0x0000000028b50000)]
  0x0000000020bc0800 JavaThread "jar transforms Thread 25" [_thread_blocked, id=26916, stack(0x0000000028950000,0x0000000028a50000)]
  0x0000000020bb9000 JavaThread "jar transforms Thread 24" [_thread_blocked, id=9928, stack(0x0000000028850000,0x0000000028950000)]
  0x0000000020bbf800 JavaThread "jar transforms Thread 23" [_thread_blocked, id=8308, stack(0x0000000028750000,0x0000000028850000)]
  0x0000000020bbb000 JavaThread "jar transforms Thread 22" [_thread_blocked, id=27452, stack(0x0000000028650000,0x0000000028750000)]
  0x0000000020bb8000 JavaThread "jar transforms Thread 21" [_thread_blocked, id=11044, stack(0x0000000028550000,0x0000000028650000)]
  0x0000000020bb9800 JavaThread "jar transforms Thread 20" [_thread_blocked, id=25112, stack(0x0000000028450000,0x0000000028550000)]
  0x0000000020bbf000 JavaThread "jar transforms Thread 19" [_thread_blocked, id=23408, stack(0x0000000028350000,0x0000000028450000)]
  0x0000000020bbc000 JavaThread "jar transforms Thread 18" [_thread_blocked, id=9636, stack(0x0000000028250000,0x0000000028350000)]
  0x0000000020bb7800 JavaThread "jar transforms Thread 17" [_thread_blocked, id=28456, stack(0x0000000028150000,0x0000000028250000)]
  0x0000000020bbe000 JavaThread "jar transforms Thread 16" [_thread_blocked, id=28608, stack(0x0000000028050000,0x0000000028150000)]
  0x0000000020bbd800 JavaThread "jar transforms Thread 15" [_thread_blocked, id=14564, stack(0x0000000027f50000,0x0000000028050000)]
  0x0000000020bb6800 JavaThread "jar transforms Thread 14" [_thread_blocked, id=25740, stack(0x0000000027e50000,0x0000000027f50000)]
  0x0000000020bbc800 JavaThread "jar transforms Thread 13" [_thread_blocked, id=20360, stack(0x0000000027d50000,0x0000000027e50000)]
  0x000000001e9a8000 JavaThread "jar transforms Thread 12" [_thread_blocked, id=27940, stack(0x0000000027c50000,0x0000000027d50000)]
  0x000000001e9a5000 JavaThread "jar transforms Thread 11" [_thread_blocked, id=10204, stack(0x0000000027b50000,0x0000000027c50000)]
  0x000000001e9a3800 JavaThread "jar transforms Thread 10" [_thread_blocked, id=27952, stack(0x0000000027a50000,0x0000000027b50000)]
  0x000000001e9a6800 JavaThread "jar transforms Thread 9" [_thread_blocked, id=24124, stack(0x0000000027950000,0x0000000027a50000)]
  0x000000001e9a1800 JavaThread "jar transforms Thread 8" [_thread_blocked, id=21140, stack(0x0000000027850000,0x0000000027950000)]
  0x000000001e9a4800 JavaThread "jar transforms Thread 7" [_thread_blocked, id=16624, stack(0x0000000027750000,0x0000000027850000)]
  0x000000001e9a3000 JavaThread "Build operations Thread 16" [_thread_blocked, id=23428, stack(0x0000000027450000,0x0000000027550000)]
  0x000000001e9a6000 JavaThread "Build operations Thread 15" [_thread_blocked, id=21612, stack(0x0000000027350000,0x0000000027450000)]
  0x000000001e9a2000 JavaThread "Build operations Thread 14" [_thread_blocked, id=28588, stack(0x0000000027250000,0x0000000027350000)]
  0x000000001e9a7800 JavaThread "Build operations Thread 13" [_thread_blocked, id=9596, stack(0x0000000027150000,0x0000000027250000)]
  0x000000001e999800 JavaThread "Build operations Thread 12" [_thread_blocked, id=23016, stack(0x0000000027050000,0x0000000027150000)]
  0x000000001e9a0800 JavaThread "Build operations Thread 11" [_thread_blocked, id=8244, stack(0x0000000026f50000,0x0000000027050000)]
  0x000000001e9a0000 JavaThread "Build operations Thread 10" [_thread_blocked, id=11316, stack(0x0000000026e50000,0x0000000026f50000)]
  0x000000001e99d000 JavaThread "Build operations Thread 9" [_thread_blocked, id=12460, stack(0x0000000026d50000,0x0000000026e50000)]
  0x000000001e99f000 JavaThread "Build operations Thread 8" [_thread_blocked, id=20024, stack(0x0000000026c50000,0x0000000026d50000)]
  0x000000001e99b800 JavaThread "Build operations Thread 7" [_thread_blocked, id=16860, stack(0x0000000026b50000,0x0000000026c50000)]
  0x000000001e99a800 JavaThread "Build operations Thread 6" [_thread_blocked, id=10128, stack(0x0000000026a50000,0x0000000026b50000)]
  0x000000001e999000 JavaThread "Build operations Thread 5" [_thread_blocked, id=17600, stack(0x0000000026950000,0x0000000026a50000)]
  0x000000001e99c000 JavaThread "Build operations Thread 4" [_thread_blocked, id=16344, stack(0x0000000026850000,0x0000000026950000)]
  0x000000001e99e800 JavaThread "Build operations Thread 3" [_thread_blocked, id=21404, stack(0x0000000026750000,0x0000000026850000)]
  0x000000001e99d800 JavaThread "Build operations Thread 2" [_thread_blocked, id=19244, stack(0x0000000026650000,0x0000000026750000)]
  0x000000001e580800 JavaThread "Build operations" [_thread_blocked, id=14448, stack(0x0000000024f60000,0x0000000025060000)]
  0x000000001e585000 JavaThread "Cache worker for file content cache (C:\Users\1403\.gradle\caches\6.5\fileContent)" [_thread_blocked, id=13624, stack(0x0000000024e60000,0x0000000024f60000)]
  0x000000001e581800 JavaThread "Cache worker for execution history cache (C:\Users\1403\.gradle\caches\6.5\executionHistory)" [_thread_blocked, id=27700, stack(0x0000000024960000,0x0000000024a60000)]
  0x000000001e582000 JavaThread "Cache worker for cache directory md-rule (C:\Users\1403\.gradle\caches\6.5\md-rule)" [_thread_blocked, id=28372, stack(0x0000000024660000,0x0000000024760000)]
  0x000000001e584800 JavaThread "Cache worker for cache directory md-supplier (C:\Users\1403\.gradle\caches\6.5\md-supplier)" [_thread_blocked, id=14380, stack(0x0000000024560000,0x0000000024660000)]
  0x000000001e576000 JavaThread "Cache worker for checksums cache (C:\camera-samples-main\MyApplication1125_1\.gradle\checksums)" [_thread_blocked, id=26852, stack(0x0000000024460000,0x0000000024560000)]
  0x000000001e577800 JavaThread "jar transforms Thread 6" [_thread_blocked, id=12260, stack(0x0000000024160000,0x0000000024260000)]
  0x000000001e57a000 JavaThread "jar transforms Thread 5" [_thread_blocked, id=27352, stack(0x0000000024060000,0x0000000024160000)]
  0x000000001e57d000 JavaThread "jar transforms Thread 4" [_thread_blocked, id=18676, stack(0x0000000023f60000,0x0000000024060000)]
  0x000000001e57b800 JavaThread "jar transforms Thread 3" [_thread_blocked, id=14620, stack(0x0000000023e60000,0x0000000023f60000)]
  0x000000001e57c000 JavaThread "jar transforms Thread 2" [_thread_blocked, id=4580, stack(0x0000000022bd0000,0x0000000022cd0000)]
  0x000000001e57a800 JavaThread "jar transforms" [_thread_blocked, id=15984, stack(0x0000000022ad0000,0x0000000022bd0000)]
  0x000000001e579000 JavaThread "Cache worker for file hash cache (C:\camera-samples-main\MyApplication1125_1\.gradle\6.5\fileHashes)" [_thread_blocked, id=27932, stack(0x0000000023d60000,0x0000000023e60000)]
  0x000000001e578800 JavaThread "Cache worker for file hash cache (C:\Users\1403\.gradle\caches\6.5\fileHashes)" [_thread_blocked, id=12860, stack(0x0000000020630000,0x0000000020730000)]
  0x000000001e577000 JavaThread "File lock request listener" [_thread_in_native, id=26668, stack(0x0000000020530000,0x0000000020630000)]
  0x000000001e472000 JavaThread "Cache worker for journal cache (C:\Users\1403\.gradle\caches\journal-1)" [_thread_blocked, id=25980, stack(0x0000000020430000,0x0000000020530000)]
  0x000000001e2d6800 JavaThread "Thread-9" [_thread_blocked, id=24608, stack(0x0000000020130000,0x0000000020230000)]
  0x000000001e2c4800 JavaThread "Stdin handler" [_thread_blocked, id=25612, stack(0x0000000020030000,0x0000000020130000)]
  0x000000001e29f800 JavaThread "Asynchronous log dispatcher for DefaultDaemonConnection: socket connection from /127.0.0.1:64035 to /127.0.0.1:64036" [_thread_blocked, id=20792, stack(0x000000001ff30000,0x0000000020030000)]
  0x000000001e29c000 JavaThread "Daemon worker" [_thread_blocked, id=26048, stack(0x000000001fe30000,0x000000001ff30000)]
  0x000000001e29b000 JavaThread "Cancel handler" [_thread_blocked, id=13508, stack(0x000000001fd30000,0x000000001fe30000)]
  0x000000001d8ca000 JavaThread "Handler for socket connection from /127.0.0.1:64035 to /127.0.0.1:64036" [_thread_in_native, id=11320, stack(0x000000001fc30000,0x000000001fd30000)]
  0x000000001e2a5800 JavaThread "Daemon" [_thread_blocked, id=27852, stack(0x000000001fb30000,0x000000001fc30000)]
  0x000000001e246800 JavaThread "Daemon periodic checks" [_thread_blocked, id=28032, stack(0x000000001f830000,0x000000001f930000)]
  0x000000001e244800 JavaThread "Incoming local TCP Connector on port 64035" [_thread_in_native, id=25212, stack(0x000000001f650000,0x000000001f750000)]
  0x000000001de3d000 JavaThread "Daemon health stats" [_thread_blocked, id=21392, stack(0x000000001f350000,0x000000001f450000)]
  0x000000001a01e000 JavaThread "Service Thread" daemon [_thread_blocked, id=25596, stack(0x000000001c7b0000,0x000000001c8b0000)]
  0x0000000019f42000 JavaThread "C1 CompilerThread11" daemon [_thread_blocked, id=28200, stack(0x000000001c6b0000,0x000000001c7b0000)]
  0x0000000019f41800 JavaThread "C1 CompilerThread10" daemon [_thread_blocked, id=21592, stack(0x000000001c5b0000,0x000000001c6b0000)]
  0x0000000019f40000 JavaThread "C1 CompilerThread9" daemon [_thread_blocked, id=22764, stack(0x000000001c3b0000,0x000000001c4b0000)]
  0x0000000019f3f000 JavaThread "C1 CompilerThread8" daemon [_thread_blocked, id=12200, stack(0x000000001c2b0000,0x000000001c3b0000)]
  0x0000000019f40800 JavaThread "C2 CompilerThread7" daemon [_thread_in_native, id=27544, stack(0x000000001c1b0000,0x000000001c2b0000)]
  0x0000000019f43800 JavaThread "C2 CompilerThread6" daemon [_thread_blocked, id=13692, stack(0x000000001c0b0000,0x000000001c1b0000)]
  0x0000000019f3e800 JavaThread "C2 CompilerThread5" daemon [_thread_blocked, id=27680, stack(0x000000001bfb0000,0x000000001c0b0000)]
  0x0000000019f43000 JavaThread "C2 CompilerThread4" daemon [_thread_blocked, id=19540, stack(0x000000001beb0000,0x000000001bfb0000)]
=>0x0000000019f3d800 JavaThread "C2 CompilerThread3" daemon [_thread_in_native, id=21804, stack(0x000000001bdb0000,0x000000001beb0000)]
  0x0000000019f3d000 JavaThread "C2 CompilerThread2" daemon [_thread_in_native, id=19988, stack(0x000000001bcb0000,0x000000001bdb0000)]
  0x0000000019f3b000 JavaThread "C2 CompilerThread1" daemon [_thread_in_native, id=26832, stack(0x000000001bbb0000,0x000000001bcb0000)]
  0x0000000019f30000 JavaThread "C2 CompilerThread0" daemon [_thread_blocked, id=25564, stack(0x000000001bab0000,0x000000001bbb0000)]
  0x0000000019f2e000 JavaThread "Attach Listener" daemon [_thread_blocked, id=21844, stack(0x000000001b9b0000,0x000000001bab0000)]
  0x0000000019ed6800 JavaThread "Signal Dispatcher" daemon [_thread_blocked, id=16068, stack(0x000000001b8b0000,0x000000001b9b0000)]
  0x0000000018443000 JavaThread "Finalizer" daemon [_thread_blocked, id=17508, stack(0x000000001b720000,0x000000001b820000)]
  0x0000000019eb6000 JavaThread "Reference Handler" daemon [_thread_blocked, id=22872, stack(0x000000001b620000,0x000000001b720000)]
  0x0000000002dd2800 JavaThread "main" [_thread_blocked, id=28208, stack(0x0000000002cd0000,0x0000000002dd0000)]

Other Threads:
  0x0000000019e94000 VMThread [stack: 0x000000001b520000,0x000000001b620000] [id=332]
  0x000000001a00d000 WatcherThread [stack: 0x000000001c8b0000,0x000000001c9b0000] [id=22276]

VM state:not at safepoint (normal execution)

VM Mutex/Monitor currently owned by a thread: None

heap address: 0x0000000080000000, size: 2048 MB, Compressed Oops mode: 32-bit
Narrow klass base: 0x0000000000000000, Narrow klass shift: 3
Compressed class space size: 1073741824 Address: 0x0000000100000000

Heap:
 PSYoungGen      total 203776K, used 176393K [0x00000000d5580000, 0x00000000e5500000, 0x0000000100000000)
  eden space 186880K, 85% used [0x00000000d5580000,0x00000000df147258,0x00000000e0c00000)
  from space 16896K, 99% used [0x00000000e0c00000,0x00000000e1c7b448,0x00000000e1c80000)
  to   space 18944K, 0% used [0x00000000e4280000,0x00000000e4280000,0x00000000e5500000)
 ParOldGen       total 132096K, used 34455K [0x0000000080000000, 0x0000000088100000, 0x00000000d5580000)
  object space 132096K, 26% used [0x0000000080000000,0x00000000821a5ef8,0x0000000088100000)
 Metaspace       used 73906K, capacity 79284K, committed 79448K, reserved 1118208K
  class space    used 10137K, capacity 11108K, committed 11136K, reserved 1048576K

Card table byte_map: [0x0000000012290000,0x00000000126a0000] byte_map_base: 0x0000000011e90000

Marking Bits: (ParMarkBitMap*) 0x000000006d62f030
 Begin Bits: [0x0000000013650000, 0x0000000015650000)
 End Bits:   [0x0000000015650000, 0x0000000017650000)

Polling page: 0x0000000002be0000

CodeCache: size=245760Kb used=31413Kb max_used=31455Kb free=214346Kb
 bounds [0x0000000002ed0000, 0x0000000004db0000, 0x0000000011ed0000]
 total_blobs=10186 nmethods=9366 adapters=730
 compilation: enabled

Compilation events (10 events):
Event: 14.139 Thread 0x0000000019f3f000 10538       3       java.lang.ProcessEnvironment::access$300 (4 bytes)
Event: 14.140 Thread 0x0000000019f3f000 nmethod 10538 0x0000000004d68410 code [0x0000000004d68560, 0x0000000004d68690]
Event: 14.140 Thread 0x0000000019f41800 nmethod 10537 0x00000000035acd10 code [0x00000000035acec0, 0x00000000035ad488]
Event: 14.140 Thread 0x0000000019f3f000 10539       3       java.lang.ProcessEnvironment$CheckedEntry::getValue (5 bytes)
Event: 14.140 Thread 0x0000000019f42000 nmethod 10536 0x00000000036cd990 code [0x00000000036cdb60, 0x00000000036ce408]
Event: 14.140 Thread 0x0000000019f41800 10540       3       java.lang.ProcessEnvironment$CheckedEntry::getValue (13 bytes)
Event: 14.140 Thread 0x0000000019f41800 nmethod 10540 0x0000000004d86810 code [0x0000000004d86980, 0x0000000004d86c88]
Event: 14.140 Thread 0x0000000019f3f000 nmethod 10539 0x0000000004d86210 code [0x0000000004d86380, 0x0000000004d866e8]
Event: 14.142 Thread 0x0000000019f30000 nmethod 10528 0x0000000003b5a750 code [0x0000000003b5a960, 0x0000000003b5b3d0]
Event: 14.142 Thread 0x0000000019f43800 nmethod 10527 0x0000000003bd85d0 code [0x0000000003bd8820, 0x0000000003bd9278]

GC Heap History (10 events):
Event: 7.166 GC heap before
{Heap before GC invocations=12 (full 2):
 PSYoungGen      total 120832K, used 109056K [0x00000000d5580000, 0x00000000e0700000, 0x0000000100000000)
  eden space 109056K, 100% used [0x00000000d5580000,0x00000000dc000000,0x00000000dc000000)
  from space 11776K, 0% used [0x00000000dc000000,0x00000000dc000000,0x00000000dcb80000)
  to   space 11776K, 0% used [0x00000000dfb80000,0x00000000dfb80000,0x00000000e0700000)
 ParOldGen       total 81920K, used 14795K [0x0000000080000000, 0x0000000085000000, 0x00000000d5580000)
  object space 81920K, 18% used [0x0000000080000000,0x0000000080e72c78,0x0000000085000000)
 Metaspace       used 40287K, capacity 42270K, committed 42584K, reserved 1085440K
  class space    used 5526K, capacity 5936K, committed 6016K, reserved 1048576K
Event: 7.174 GC heap after
Heap after GC invocations=12 (full 2):
 PSYoungGen      total 153088K, used 10116K [0x00000000d5580000, 0x00000000e0580000, 0x0000000100000000)
  eden space 142848K, 0% used [0x00000000d5580000,0x00000000d5580000,0x00000000de100000)
  from space 10240K, 98% used [0x00000000dfb80000,0x00000000e05611a8,0x00000000e0580000)
  to   space 12288K, 0% used [0x00000000ded80000,0x00000000ded80000,0x00000000df980000)
 ParOldGen       total 81920K, used 14803K [0x0000000080000000, 0x0000000085000000, 0x00000000d5580000)
  object space 81920K, 18% used [0x0000000080000000,0x0000000080e74c78,0x0000000085000000)
 Metaspace       used 40287K, capacity 42270K, committed 42584K, reserved 1085440K
  class space    used 5526K, capacity 5936K, committed 6016K, reserved 1048576K
}
Event: 8.434 GC heap before
{Heap before GC invocations=13 (full 2):
 PSYoungGen      total 153088K, used 152964K [0x00000000d5580000, 0x00000000e0580000, 0x0000000100000000)
  eden space 142848K, 100% used [0x00000000d5580000,0x00000000de100000,0x00000000de100000)
  from space 10240K, 98% used [0x00000000dfb80000,0x00000000e05611a8,0x00000000e0580000)
  to   space 12288K, 0% used [0x00000000ded80000,0x00000000ded80000,0x00000000df980000)
 ParOldGen       total 81920K, used 14803K [0x0000000080000000, 0x0000000085000000, 0x00000000d5580000)
  object space 81920K, 18% used [0x0000000080000000,0x0000000080e74c78,0x0000000085000000)
 Metaspace       used 51866K, capacity 54308K, committed 54360K, reserved 1095680K
  class space    used 7005K, capacity 7541K, committed 7552K, reserved 1048576K
Event: 8.451 GC heap after
Heap after GC invocations=13 (full 2):
 PSYoungGen      total 167936K, used 12268K [0x00000000d5580000, 0x00000000e2d80000, 0x0000000100000000)
  eden space 155648K, 0% used [0x00000000d5580000,0x00000000d5580000,0x00000000ded80000)
  from space 12288K, 99% used [0x00000000ded80000,0x00000000df97b310,0x00000000df980000)
  to   space 17408K, 0% used [0x00000000e1c80000,0x00000000e1c80000,0x00000000e2d80000)
 ParOldGen       total 81920K, used 24925K [0x0000000080000000, 0x0000000085000000, 0x00000000d5580000)
  object space 81920K, 30% used [0x0000000080000000,0x0000000081857500,0x0000000085000000)
 Metaspace       used 51866K, capacity 54308K, committed 54360K, reserved 1095680K
  class space    used 7005K, capacity 7541K, committed 7552K, reserved 1048576K
}
Event: 9.046 GC heap before
{Heap before GC invocations=14 (full 2):
 PSYoungGen      total 167936K, used 78942K [0x00000000d5580000, 0x00000000e2d80000, 0x0000000100000000)
  eden space 155648K, 42% used [0x00000000d5580000,0x00000000d969c658,0x00000000ded80000)
  from space 12288K, 99% used [0x00000000ded80000,0x00000000df97b310,0x00000000df980000)
  to   space 17408K, 0% used [0x00000000e1c80000,0x00000000e1c80000,0x00000000e2d80000)
 ParOldGen       total 81920K, used 24925K [0x0000000080000000, 0x0000000085000000, 0x00000000d5580000)
  object space 81920K, 30% used [0x0000000080000000,0x0000000081857500,0x0000000085000000)
 Metaspace       used 56147K, capacity 58846K, committed 58968K, reserved 1099776K
  class space    used 7661K, capacity 8242K, committed 8320K, reserved 1048576K
Event: 9.061 GC heap after
Heap after GC invocations=14 (full 2):
 PSYoungGen      total 204288K, used 7889K [0x00000000d5580000, 0x00000000e4080000, 0x0000000100000000)
  eden space 186880K, 0% used [0x00000000d5580000,0x00000000d5580000,0x00000000e0c00000)
  from space 17408K, 45% used [0x00000000e1c80000,0x00000000e2434468,0x00000000e2d80000)
  to   space 16896K, 0% used [0x00000000e0c00000,0x00000000e0c00000,0x00000000e1c80000)
 ParOldGen       total 81920K, used 37148K [0x0000000080000000, 0x0000000085000000, 0x00000000d5580000)
  object space 81920K, 45% used [0x0000000080000000,0x00000000824473e8,0x0000000085000000)
 Metaspace       used 56147K, capacity 58846K, committed 58968K, reserved 1099776K
  class space    used 7661K, capacity 8242K, committed 8320K, reserved 1048576K
}
Event: 9.061 GC heap before
{Heap before GC invocations=15 (full 3):
 PSYoungGen      total 204288K, used 7889K [0x00000000d5580000, 0x00000000e4080000, 0x0000000100000000)
  eden space 186880K, 0% used [0x00000000d5580000,0x00000000d5580000,0x00000000e0c00000)
  from space 17408K, 45% used [0x00000000e1c80000,0x00000000e2434468,0x00000000e2d80000)
  to   space 16896K, 0% used [0x00000000e0c00000,0x00000000e0c00000,0x00000000e1c80000)
 ParOldGen       total 81920K, used 37148K [0x0000000080000000, 0x0000000085000000, 0x00000000d5580000)
  object space 81920K, 45% used [0x0000000080000000,0x00000000824473e8,0x0000000085000000)
 Metaspace       used 56147K, capacity 58846K, committed 58968K, reserved 1099776K
  class space    used 7661K, capacity 8242K, committed 8320K, reserved 1048576K
Event: 9.266 GC heap after
Heap after GC invocations=15 (full 3):
 PSYoungGen      total 204288K, used 0K [0x00000000d5580000, 0x00000000e4080000, 0x0000000100000000)
  eden space 186880K, 0% used [0x00000000d5580000,0x00000000d5580000,0x00000000e0c00000)
  from space 17408K, 0% used [0x00000000e1c80000,0x00000000e1c80000,0x00000000e2d80000)
  to   space 16896K, 0% used [0x00000000e0c00000,0x00000000e0c00000,0x00000000e1c80000)
 ParOldGen       total 132096K, used 34079K [0x0000000080000000, 0x0000000088100000, 0x00000000d5580000)
  object space 132096K, 25% used [0x0000000080000000,0x0000000082147e78,0x0000000088100000)
 Metaspace       used 56048K, capacity 58510K, committed 58968K, reserved 1099776K
  class space    used 7630K, capacity 8186K, committed 8320K, reserved 1048576K
}
Event: 11.696 GC heap before
{Heap before GC invocations=16 (full 3):
 PSYoungGen      total 204288K, used 186880K [0x00000000d5580000, 0x00000000e4080000, 0x0000000100000000)
  eden space 186880K, 100% used [0x00000000d5580000,0x00000000e0c00000,0x00000000e0c00000)
  from space 17408K, 0% used [0x00000000e1c80000,0x00000000e1c80000,0x00000000e2d80000)
  to   space 16896K, 0% used [0x00000000e0c00000,0x00000000e0c00000,0x00000000e1c80000)
 ParOldGen       total 132096K, used 34079K [0x0000000080000000, 0x0000000088100000, 0x00000000d5580000)
  object space 132096K, 25% used [0x0000000080000000,0x0000000082147e78,0x0000000088100000)
 Metaspace       used 66189K, capacity 71024K, committed 71256K, reserved 1110016K
  class space    used 9185K, capacity 10019K, committed 10112K, reserved 1048576K
Event: 11.716 GC heap after
Heap after GC invocations=16 (full 3):
 PSYoungGen      total 203776K, used 16877K [0x00000000d5580000, 0x00000000e5500000, 0x0000000100000000)
  eden space 186880K, 0% used [0x00000000d5580000,0x00000000d5580000,0x00000000e0c00000)
  from space 16896K, 99% used [0x00000000e0c00000,0x00000000e1c7b448,0x00000000e1c80000)
  to   space 18944K, 0% used [0x00000000e4280000,0x00000000e4280000,0x00000000e5500000)
 ParOldGen       total 132096K, used 34455K [0x0000000080000000, 0x0000000088100000, 0x00000000d5580000)
  object space 132096K, 26% used [0x0000000080000000,0x00000000821a5ef8,0x0000000088100000)
 Metaspace       used 66189K, capacity 71024K, committed 71256K, reserved 1110016K
  class space    used 9185K, capacity 10019K, committed 10112K, reserved 1048576K
}

Deoptimization events (10 events):
Event: 13.811 Thread 0x0000000025c91800 Uncommon trap: reason=class_check action=maybe_recompile pc=0x0000000004b16fd8 method=com.sun.tools.javac.code.Types.rank(Lcom/sun/tools/javac/code/Type;)I @ 1
Event: 13.811 Thread 0x0000000025c91800 Uncommon trap: reason=bimorphic action=maybe_recompile pc=0x0000000004af8678 method=com.sun.tools.javac.code.Types$UnaryVisitor.visit(Lcom/sun/tools/javac/code/Type;)Ljava/lang/Object; @ 3
Event: 13.811 Thread 0x0000000025c91800 Uncommon trap: reason=class_check action=maybe_recompile pc=0x0000000004b16fd8 method=com.sun.tools.javac.code.Types.rank(Lcom/sun/tools/javac/code/Type;)I @ 1
Event: 13.877 Thread 0x0000000025c91800 Uncommon trap: reason=unstable_if action=reinterpret pc=0x0000000004a02f98 method=com.sun.tools.javac.util.Convert.chars2utf([CI[BII)I @ 35
Event: 13.906 Thread 0x0000000025c91800 Uncommon trap: reason=bimorphic action=maybe_recompile pc=0x0000000004af8678 method=com.sun.tools.javac.code.Types$UnaryVisitor.visit(Lcom/sun/tools/javac/code/Type;)Ljava/lang/Object; @ 3
Event: 13.962 Thread 0x000000001dabf800 Uncommon trap: reason=unstable_if action=reinterpret pc=0x000000000482601c method=com.esotericsoftware.kryo.io.Output.writeString(Ljava/lang/CharSequence;)V @ 50
Event: 13.969 Thread 0x0000000025c91800 Uncommon trap: reason=unstable_if action=reinterpret pc=0x0000000003570c08 method=sun.nio.cs.UTF_8$Encoder.encodeArrayLoop(Ljava/nio/CharBuffer;Ljava/nio/ByteBuffer;)Ljava/nio/charset/CoderResult; @ 134
Event: 14.012 Thread 0x000000001dabe000 Uncommon trap: reason=unstable_if action=reinterpret pc=0x0000000003256dcc method=com.esotericsoftware.kryo.io.Output.writeString(Ljava/lang/CharSequence;)V @ 50
Event: 14.101 Thread 0x000000001e29c000 Uncommon trap: reason=unstable_if action=reinterpret pc=0x0000000003e3956c method=com.google.gson.stream.JsonReader.nextQuotedValue(C)Ljava/lang/String; @ 96
Event: 14.134 Thread 0x000000001e29c000 Uncommon trap: reason=unstable_if action=reinterpret pc=0x0000000004d66960 method=org.apache.commons.io.FilenameUtils.doNormalize(Ljava/lang/String;CZ)Ljava/lang/String; @ 219

Classes redefined (0 events):
No events

Internal exceptions (10 events):
Event: 12.123 Thread 0x0000000025c93800 Exception <a 'sun/nio/fs/WindowsException'> (0x00000000d7513ce0) thrown at [C:\src\AOSP-openjdk-git\hotspot\src\share\vm\prims\jni.cpp, line 710]
Event: 12.124 Thread 0x0000000025c93800 Exception <a 'sun/nio/fs/WindowsException'> (0x00000000d75149d0) thrown at [C:\src\AOSP-openjdk-git\hotspot\src\share\vm\prims\jni.cpp, line 710]
Event: 12.318 Thread 0x0000000025c91800 Exception <a 'java/lang/NoSuchMethodError': <clinit>> (0x00000000d9547eb8) thrown at [C:\src\AOSP-openjdk-git\hotspot\src\share\vm\prims\jni.cpp, line 1615]
Event: 12.486 Thread 0x0000000025c91800 Exception <a 'sun/nio/fs/WindowsException'> (0x00000000d9da2678) thrown at [C:\src\AOSP-openjdk-git\hotspot\src\share\vm\prims\jni.cpp, line 710]
Event: 12.487 Thread 0x0000000025c91800 Exception <a 'sun/nio/fs/WindowsException'> (0x00000000d9da3368) thrown at [C:\src\AOSP-openjdk-git\hotspot\src\share\vm\prims\jni.cpp, line 710]
Event: 12.491 Thread 0x0000000025c91800 Exception <a 'sun/nio/fs/WindowsException'> (0x00000000d9dde428) thrown at [C:\src\AOSP-openjdk-git\hotspot\src\share\vm\prims\jni.cpp, line 710]
Event: 12.491 Thread 0x0000000025c91800 Exception <a 'sun/nio/fs/WindowsException'> (0x00000000d9ddf118) thrown at [C:\src\AOSP-openjdk-git\hotspot\src\share\vm\prims\jni.cpp, line 710]
Event: 12.498 Thread 0x0000000025c91800 Exception <a 'java/lang/NoSuchMethodError': java.lang.Object.lambda$comparingByKey$bbdbfea9$1(Ljava/util/Map$Entry;Ljava/util/Map$Entry;)I> (0x00000000d9e785e8) thrown at [C:\src\AOSP-openjdk-git\hotspot\src\share\vm\interpreter\linkResolver.cpp, line 620
Event: 13.491 Thread 0x0000000025c91800 Implicit null exception at 0x0000000003c03c18 to 0x0000000003c03c4e
Event: 14.015 Thread 0x000000001e2d6800 Exception <a 'java/lang/NoSuchMethodError': <clinit>> (0x00000000de8c3310) thrown at [C:\src\AOSP-openjdk-git\hotspot\src\share\vm\prims\jni.cpp, line 1615]

Events (10 events):
Event: 14.140 Thread 0x0000000019f40000 flushing nmethod 0x0000000003b61cd0
Event: 14.140 Thread 0x0000000019f40000 flushing nmethod 0x0000000003b9c0d0
Event: 14.141 Thread 0x0000000019f40000 flushing nmethod 0x0000000003bb0b50
Event: 14.141 Thread 0x0000000019f40000 flushing nmethod 0x0000000003bd7b90
Event: 14.141 Thread 0x0000000019f40000 flushing nmethod 0x0000000003c03dd0
Event: 14.142 Thread 0x0000000019f30000 flushing nmethod 0x0000000003c33950
Event: 14.151 loading class org/gradle/process/internal/streams/ExecOutputHandleRunner
Event: 14.151 loading class org/gradle/process/internal/streams/ExecOutputHandleRunner done
Event: 14.152 Thread 0x000000001dac1000 Thread added: 0x000000001dac1000
Event: 14.153 Thread 0x000000001daba000 Thread added: 0x000000001daba000


Dynamic libraries:
0x00007ff6235d0000 - 0x00007ff623601000 	C:\Program Files\Android\Android Studio\jre\bin\java.exe
0x00007ffc6c7f0000 - 0x00007ffc6c9e6000 	C:\WINDOWS\SYSTEM32\ntdll.dll
0x00007ffc49500000 - 0x00007ffc49512000 	C:\Program Files\Avast Software\Avast\aswhook.dll
0x00007ffc6a980000 - 0x00007ffc6aa3d000 	C:\WINDOWS\System32\KERNEL32.DLL
0x00007ffc6a320000 - 0x00007ffc6a5e9000 	C:\WINDOWS\System32\KERNELBASE.dll
0x00007ffc6c540000 - 0x00007ffc6c5ec000 	C:\WINDOWS\System32\ADVAPI32.dll
0x00007ffc6bce0000 - 0x00007ffc6bd7e000 	C:\WINDOWS\System32\msvcrt.dll
0x00007ffc6c060000 - 0x00007ffc6c0fc000 	C:\WINDOWS\System32\sechost.dll
0x00007ffc6a850000 - 0x00007ffc6a97b000 	C:\WINDOWS\System32\RPCRT4.dll
0x00007ffc6ba30000 - 0x00007ffc6bbd0000 	C:\WINDOWS\System32\USER32.dll
0x00007ffc6a140000 - 0x00007ffc6a162000 	C:\WINDOWS\System32\win32u.dll
0x00007ffc6ba00000 - 0x00007ffc6ba2a000 	C:\WINDOWS\System32\GDI32.dll
0x00007ffc6a210000 - 0x00007ffc6a319000 	C:\WINDOWS\System32\gdi32full.dll
0x00007ffc6a170000 - 0x00007ffc6a20d000 	C:\WINDOWS\System32\msvcp_win.dll
0x00007ffc69f30000 - 0x00007ffc6a030000 	C:\WINDOWS\System32\ucrtbase.dll
0x00007ffc693d0000 - 0x00007ffc6966b000 	C:\WINDOWS\WinSxS\amd64_microsoft.windows.common-controls_6595b64144ccf1df_6.0.19041.488_none_ca04af081b815d21\COMCTL32.dll
0x00007ffc6c720000 - 0x00007ffc6c750000 	C:\WINDOWS\System32\IMM32.DLL
0x000000006cca0000 - 0x000000006cd72000 	C:\Program Files\Android\Android Studio\jre\jre\bin\msvcr100.dll
0x000000006ce60000 - 0x000000006d6ab000 	C:\Program Files\Android\Android Studio\jre\jre\bin\server\jvm.dll
0x00007ffc6aa40000 - 0x00007ffc6aa48000 	C:\WINDOWS\System32\PSAPI.DLL
0x00007ffc5e230000 - 0x00007ffc5e239000 	C:\WINDOWS\SYSTEM32\WSOCK32.dll
0x00007ffc6b980000 - 0x00007ffc6b9eb000 	C:\WINDOWS\System32\WS2_32.dll
0x00007ffc59180000 - 0x00007ffc591a7000 	C:\WINDOWS\SYSTEM32\WINMM.dll
0x00007ffc680d0000 - 0x00007ffc680da000 	C:\WINDOWS\SYSTEM32\VERSION.dll
0x00007ffc696f0000 - 0x00007ffc696ff000 	C:\Program Files\Android\Android Studio\jre\jre\bin\verify.dll
0x00007ffc63350000 - 0x00007ffc63379000 	C:\Program Files\Android\Android Studio\jre\jre\bin\java.dll
0x00007ffc615a0000 - 0x00007ffc615b6000 	C:\Program Files\Android\Android Studio\jre\jre\bin\zip.dll
0x00007ffc6aa50000 - 0x00007ffc6b192000 	C:\WINDOWS\System32\SHELL32.dll
0x00007ffc67930000 - 0x00007ffc680c5000 	C:\WINDOWS\SYSTEM32\windows.storage.dll
0x00007ffc6c100000 - 0x00007ffc6c456000 	C:\WINDOWS\System32\combase.dll
0x00007ffc69120000 - 0x00007ffc6914c000 	C:\WINDOWS\SYSTEM32\Wldp.dll
0x00007ffc6bbd0000 - 0x00007ffc6bc7e000 	C:\WINDOWS\System32\SHCORE.dll
0x00007ffc6bc80000 - 0x00007ffc6bcd5000 	C:\WINDOWS\System32\shlwapi.dll
0x00007ffc69e60000 - 0x00007ffc69e86000 	C:\WINDOWS\SYSTEM32\profapi.dll
0x00007ffc60ed0000 - 0x00007ffc60eea000 	C:\Program Files\Android\Android Studio\jre\jre\bin\net.dll
0x00007ffc68fa0000 - 0x00007ffc6900a000 	C:\WINDOWS\system32\mswsock.dll
0x00007ffc60680000 - 0x00007ffc60693000 	C:\Program Files\Android\Android Studio\jre\jre\bin\nio.dll
0x00007ffc60ba0000 - 0x00007ffc60bc7000 	C:\Users\1403\.gradle\native\f6784746aeab05261644944871eae4fe03e0ef1612fff0a4a95f87b438bc6780\windows-amd64\native-platform.dll
0x00007ffc68160000 - 0x00007ffc6816d000 	C:\Program Files\Android\Android Studio\jre\jre\bin\management.dll
0x00007ffc69bf0000 - 0x00007ffc69c08000 	C:\WINDOWS\SYSTEM32\CRYPTSP.dll
0x00007ffc68980000 - 0x00007ffc689b4000 	C:\WINDOWS\system32\rsaenh.dll
0x00007ffc6a5f0000 - 0x00007ffc6a617000 	C:\WINDOWS\System32\bcrypt.dll
0x00007ffc69e20000 - 0x00007ffc69e4e000 	C:\WINDOWS\SYSTEM32\USERENV.dll
0x00007ffc6a7d0000 - 0x00007ffc6a850000 	C:\WINDOWS\System32\bcryptprimitives.dll
0x00007ffc69240000 - 0x00007ffc6924c000 	C:\WINDOWS\SYSTEM32\CRYPTBASE.dll
0x00007ffc68cc0000 - 0x00007ffc68cfb000 	C:\WINDOWS\SYSTEM32\IPHLPAPI.DLL
0x00007ffc6bf30000 - 0x00007ffc6bf38000 	C:\WINDOWS\System32\NSI.dll
0x00007ffc63bb0000 - 0x00007ffc63bc7000 	C:\WINDOWS\SYSTEM32\dhcpcsvc6.DLL
0x00007ffc63920000 - 0x00007ffc6393d000 	C:\WINDOWS\SYSTEM32\dhcpcsvc.DLL
0x00007ffc68d00000 - 0x00007ffc68dcb000 	C:\WINDOWS\SYSTEM32\DNSAPI.dll
0x00007ffc63bf0000 - 0x00007ffc63bfb000 	C:\WINDOWS\SYSTEM32\WINNSI.DLL

VM Arguments:
jvm_args: -Xmx2048m -Dfile.encoding=UTF-8 -Duser.country=KR -Duser.language=ko -Duser.variant 
java_command: org.gradle.launcher.daemon.bootstrap.GradleDaemon 6.5
java_class_path (initial): C:\Users\1403\.gradle\wrapper\dists\gradle-6.5-bin\6nifqtx7604sqp1q6g8wikw7p\gradle-6.5\lib\gradle-launcher-6.5.jar
Launcher Type: SUN_STANDARD

Environment Variables:
JAVA_HOME=C:\Program Files\Android\Android Studio\jre
PATH=C:\Users\1403\bin;C:\Users\1403\utils\bin;C:\Program Files (x86)\Common Files\Oracle\Java\javapath;C:\app\1403\product\11.2.0\dbhome_1\bin;C:\ProgramData\Oracle\Java\javapath;C:\WINDOWS\system32;C:\WINDOWS;C:\WINDOWS\System32\Wbem;C:\WINDOWS\System32\WindowsPowerShell\v1.0\;C:\Program Files\dotnet\;C:\Program Files\Microsoft SQL Server\130\Tools\Binn\;C:\Program Files (x86)\Windows Kits\8.1\Windows Performance Toolkit\;C:\WINDOWS\System32\OpenSSH\;C:\opencv\build\x64\vc14\bin;C:\Program Files\MATLAB\R2020a\runtime\win64;C:\Program Files\MATLAB\R2020a\bin;C:\Program Files\Point Grey Research\FlyCapture2\bin64;C:\Program Files\Point Grey Research\FlyCap2 Viewer\bin64\vs2013;C:\Program Files\Point Grey Research\FlyCapture2\bin64;C:\Program Files\Point Grey Research\FlyCap2 Viewer\bin64;%FC2PATH\vs2013;C:\Program Files\Point Grey Research\FlyCapture2\bin64;C:\Program Files\Point Grey Research\FlyCap2 Viewer\bin64\vs2015;C:\Program Files\Point Grey Research\FlyCapture2\bin64\vs2015;c:\ninja;C:\Program Files\Android\Android Studio\jre\bin;C:\Program Files\Git\cmd;C:\OrCAD\OrCAD_16.6_Lite\OpenAccess\bin\win32\opt;C:\OrCAD\OrCAD_16.6_Lite\tools\pcb\bin;C:\OrCAD\OrCAD_16.6_Lite\tools\fet\bin;C:\OrCAD\OrCAD_16.6_Lite\tools\Capture;C:\OrCAD\OrCAD_16.6_Lite\tools\PSpice;C:\OrCAD\OrCAD_16.6_Lite\tools\specctra\bin;C:\OrCAD\OrCAD_16.6_Lite\tools\bin;C:\Users\1403\Desktop\opencv\build\x64\vc14\bin\WindowsApps;C:\Program Files\Point Grey Research\FlyCapture2\bin64\vs2015;C:\Users\1403\AppData\Local\Microsoft\WindowsApps
USERNAME=1403
OS=Windows_NT
PROCESSOR_IDENTIFIER=AMD64 Family 23 Model 1 Stepping 1, AuthenticAMD



---------------  S Y S T E M  ---------------

OS: Windows 10.0 , 64 bit Build 19041 (10.0.19041.662)

CPU:total 16 (initial active 16) (16 cores per cpu, 1 threads per core) family 23 model 1 stepping 1, cmov, cx8, fxsr, mmx, sse, sse2, sse3, ssse3, sse4.1, sse4.2, popcnt, avx, avx2, aes, clmul, mmxext, 3dnowpref, lzcnt, sse4a, tsc, tscinvbit, tscinv, bmi1

Memory: 4k page, physical 8319776k(1328720k free), swap 33485600k(3620k free)

vm_info: OpenJDK 64-Bit Server VM (25.242-b01) for windows-amd64 JRE (1.8.0_242-release-1644-b01), built by "builder" with MS VC++ 10.0 (VS2010)

time: Wed Jan 06 17:56:44 2021
timezone: 대한민국 표준시
elapsed time: 14 seconds (0d 0h 0m 14s)

