#
# There is insufficient memory for the Java Runtime Environment to continue.
# Native memory allocation (malloc) failed to allocate 250176 bytes for Chunk::new
# Possible reasons:
#   The system is out of physical RAM or swap space
#   The process is running with CompressedOops enabled, and the Java Heap may be blocking the growth of the native heap
# Possible solutions:
#   Reduce memory load on the system
#   Increase physical memory or swap space
#   Check if swap backing store is full
#   Decrease Java heap size (-Xmx/-Xms)
#   Decrease number of Java threads
#   Decrease Java thread stack sizes (-Xss)
#   Set larger code cache with -XX:ReservedCodeCacheSize=
#   JVM is running with Unscaled Compressed Oops mode in which the Java heap is
#     placed in the first 4GB address space. The Java Heap base address is the
#     maximum limit for the native heap growth. Please use -XX:HeapBaseMinAddress
#     to set the Java Heap base and to place the Java Heap above 4GB virtual address.
# This output file may be truncated or incomplete.
#
#  Out of Memory Error (allocation.cpp:389), pid=19604, tid=0x0000000000006c70
#
# JRE version: OpenJDK Runtime Environment (8.0_242-b01) (build 1.8.0_242-release-1644-b01)
# Java VM: OpenJDK 64-Bit Server VM (25.242-b01 mixed mode windows-amd64 compressed oops)
# Failed to write core dump. Minidumps are not enabled by default on client versions of Windows
#

---------------  T H R E A D  ---------------

Current thread (0x0000000019bee800):  JavaThread "C2 CompilerThread0" daemon [_thread_in_native, id=27760, stack(0x000000001b790000,0x000000001b890000)]

Stack: [0x000000001b790000,0x000000001b890000]
[error occurred during error reporting (printing stack bounds), id 0xc0000005]

Native frames: (J=compiled Java code, j=interpreted, Vv=VM code, C=native code)


Current CompileTask:
C2:  97023 8840       4       org.gradle.tooling.internal.provider.runner.SubtreeFilteringBuildOperationListener::started (118 bytes)


---------------  P R O C E S S  ---------------

Java Threads: ( => current thread )
  0x00000000259ca800 JavaThread "Cache worker for Build Output Cleanup Cache (C:\camera-samples-main\MyApplication1125_1\.gradle\buildOutputCleanup)" [_thread_blocked, id=17004, stack(0x000000002f790000,0x000000002f890000)]
  0x00000000259be800 JavaThread "jar transforms Thread 166" [_thread_blocked, id=14092, stack(0x000000002e0b0000,0x000000002e1b0000)]
  0x00000000259c5000 JavaThread "jar transforms Thread 165" [_thread_blocked, id=27656, stack(0x000000002d480000,0x000000002d580000)]
  0x00000000259bd800 JavaThread "jar transforms Thread 164" [_thread_blocked, id=21528, stack(0x000000002d380000,0x000000002d480000)]
  0x00000000259c3800 JavaThread "jar transforms Thread 163" [_thread_blocked, id=22560, stack(0x000000002d280000,0x000000002d380000)]
  0x00000000259c2000 JavaThread "jar transforms Thread 162" [_thread_blocked, id=12396, stack(0x000000002d180000,0x000000002d280000)]
  0x00000000259bf000 JavaThread "jar transforms Thread 161" [_thread_blocked, id=24368, stack(0x000000002d080000,0x000000002d180000)]
  0x00000000259c4800 JavaThread "jar transforms Thread 160" [_thread_blocked, id=14456, stack(0x000000002cf80000,0x000000002d080000)]
  0x00000000259c3000 JavaThread "jar transforms Thread 159" [_thread_blocked, id=24420, stack(0x000000002ce80000,0x000000002cf80000)]
  0x00000000259c0800 JavaThread "jar transforms Thread 158" [_thread_blocked, id=14808, stack(0x000000002cd80000,0x000000002ce80000)]
  0x00000000259c0000 JavaThread "jar transforms Thread 157" [_thread_blocked, id=22452, stack(0x000000002cc80000,0x000000002cd80000)]
  0x00000000259c1800 JavaThread "jar transforms Thread 156" [_thread_blocked, id=22800, stack(0x000000002cb80000,0x000000002cc80000)]
  0x000000001ea6d000 JavaThread "jar transforms Thread 155" [_thread_blocked, id=26108, stack(0x000000002ca80000,0x000000002cb80000)]
  0x000000001ea6e800 JavaThread "jar transforms Thread 154" [_thread_blocked, id=13300, stack(0x000000002c980000,0x000000002ca80000)]
  0x000000001ea6c000 JavaThread "jar transforms Thread 153" [_thread_blocked, id=24400, stack(0x000000002c880000,0x000000002c980000)]
  0x000000001ea6a800 JavaThread "jar transforms Thread 152" [_thread_blocked, id=26720, stack(0x000000002c780000,0x000000002c880000)]
  0x000000001ea6e000 JavaThread "jar transforms Thread 151" [_thread_blocked, id=18204, stack(0x000000002c580000,0x000000002c680000)]
  0x000000001ea6a000 JavaThread "jar transforms Thread 150" [_thread_blocked, id=27672, stack(0x000000002c480000,0x000000002c580000)]
  0x000000001ea6b800 JavaThread "jar transforms Thread 149" [_thread_blocked, id=28500, stack(0x000000002c380000,0x000000002c480000)]
  0x000000001ea62800 JavaThread "jar transforms Thread 148" [_thread_blocked, id=15392, stack(0x000000002c280000,0x000000002c380000)]
  0x000000001ea69000 JavaThread "jar transforms Thread 147" [_thread_blocked, id=22200, stack(0x000000002c180000,0x000000002c280000)]
  0x000000001ea61800 JavaThread "jar transforms Thread 146" [_thread_blocked, id=1672, stack(0x000000002c080000,0x000000002c180000)]
  0x000000001ea68800 JavaThread "jar transforms Thread 145" [_thread_blocked, id=23508, stack(0x000000002bf80000,0x000000002c080000)]
  0x000000001ea67800 JavaThread "jar transforms Thread 144" [_thread_blocked, id=13504, stack(0x000000002be80000,0x000000002bf80000)]
  0x000000001ea60000 JavaThread "jar transforms Thread 143" [_thread_blocked, id=28156, stack(0x000000002bd80000,0x000000002be80000)]
  0x000000001ea67000 JavaThread "jar transforms Thread 142" [_thread_blocked, id=24172, stack(0x000000002bc80000,0x000000002bd80000)]
  0x000000001ea65800 JavaThread "jar transforms Thread 141" [_thread_blocked, id=28228, stack(0x000000002bb80000,0x000000002bc80000)]
  0x000000001ea61000 JavaThread "jar transforms Thread 140" [_thread_blocked, id=18372, stack(0x000000002ba80000,0x000000002bb80000)]
  0x000000001ea64800 JavaThread "jar transforms Thread 139" [_thread_blocked, id=22244, stack(0x000000002b980000,0x000000002ba80000)]
  0x000000001ea63000 JavaThread "jar transforms Thread 138" [_thread_blocked, id=21208, stack(0x000000002b880000,0x000000002b980000)]
  0x000000001ea5f800 JavaThread "jar transforms Thread 137" [_thread_blocked, id=20048, stack(0x000000002b780000,0x000000002b880000)]
  0x000000001ea66000 JavaThread "jar transforms Thread 136" [_thread_blocked, id=26172, stack(0x000000002b680000,0x000000002b780000)]
  0x000000001ea64000 JavaThread "jar transforms Thread 135" [_thread_blocked, id=18788, stack(0x000000002b580000,0x000000002b680000)]
  0x000000001e294800 JavaThread "jar transforms Thread 134" [_thread_blocked, id=19656, stack(0x000000002b480000,0x000000002b580000)]
  0x000000001e292000 JavaThread "jar transforms Thread 133" [_thread_blocked, id=18772, stack(0x000000002b380000,0x000000002b480000)]
  0x000000001e296000 JavaThread "jar transforms Thread 132" [_thread_blocked, id=17048, stack(0x000000002b280000,0x000000002b380000)]
  0x000000001e295000 JavaThread "jar transforms Thread 131" [_thread_blocked, id=5544, stack(0x000000002b180000,0x000000002b280000)]
  0x000000001e293800 JavaThread "jar transforms Thread 130" [_thread_blocked, id=2916, stack(0x000000002b080000,0x000000002b180000)]
  0x000000001e291800 JavaThread "jar transforms Thread 129" [_thread_blocked, id=26288, stack(0x000000002af80000,0x000000002b080000)]
  0x000000001e293000 JavaThread "jar transforms Thread 128" [_thread_blocked, id=26360, stack(0x000000002ae80000,0x000000002af80000)]
  0x000000001e298000 JavaThread "jar transforms Thread 127" [_thread_blocked, id=6600, stack(0x000000002ad80000,0x000000002ae80000)]
  0x000000001c95c800 JavaThread "jar transforms Thread 126" [_thread_blocked, id=12348, stack(0x000000002ac80000,0x000000002ad80000)]
  0x000000001c95d000 JavaThread "jar transforms Thread 125" [_thread_blocked, id=24212, stack(0x000000002ab80000,0x000000002ac80000)]
  0x000000001c95b800 JavaThread "jar transforms Thread 124" [_thread_blocked, id=14544, stack(0x000000002aa80000,0x000000002ab80000)]
  0x000000001c95b000 JavaThread "jar transforms Thread 123" [_thread_blocked, id=14812, stack(0x000000002a980000,0x000000002aa80000)]
  0x000000001c95a000 JavaThread "jar transforms Thread 122" [_thread_blocked, id=23720, stack(0x000000002a880000,0x000000002a980000)]
  0x000000001c959800 JavaThread "jar transforms Thread 121" [_thread_blocked, id=26776, stack(0x000000002a780000,0x000000002a880000)]
  0x000000001c958800 JavaThread "jar transforms Thread 120" [_thread_blocked, id=18948, stack(0x000000002a680000,0x000000002a780000)]
  0x000000001c951000 JavaThread "jar transforms Thread 119" [_thread_blocked, id=12536, stack(0x000000002a580000,0x000000002a680000)]
  0x000000001c958000 JavaThread "jar transforms Thread 118" [_thread_blocked, id=22396, stack(0x000000002a480000,0x000000002a580000)]
  0x000000001c957000 JavaThread "jar transforms Thread 117" [_thread_blocked, id=23184, stack(0x000000002a380000,0x000000002a480000)]
  0x000000001c956800 JavaThread "jar transforms Thread 116" [_thread_blocked, id=27512, stack(0x000000002a280000,0x000000002a380000)]
  0x000000001c951800 JavaThread "jar transforms Thread 115" [_thread_blocked, id=26564, stack(0x000000002a180000,0x000000002a280000)]
  0x000000001c955800 JavaThread "jar transforms Thread 114" [_thread_blocked, id=13840, stack(0x000000002a080000,0x000000002a180000)]
  0x000000001c955000 JavaThread "jar transforms Thread 113" [_thread_blocked, id=20412, stack(0x0000000029f80000,0x000000002a080000)]
  0x000000001c94e000 JavaThread "jar transforms Thread 112" [_thread_blocked, id=20548, stack(0x0000000029e80000,0x0000000029f80000)]
  0x00000000208ee800 JavaThread "jar transforms Thread 111" [_thread_blocked, id=1068, stack(0x0000000029d80000,0x0000000029e80000)]
  0x00000000208eb800 JavaThread "jar transforms Thread 110" [_thread_blocked, id=22736, stack(0x0000000029c80000,0x0000000029d80000)]
  0x00000000208ea800 JavaThread "jar transforms Thread 109" [_thread_blocked, id=22680, stack(0x0000000029b80000,0x0000000029c80000)]
  0x00000000208ea000 JavaThread "jar transforms Thread 108" [_thread_blocked, id=23804, stack(0x0000000029a80000,0x0000000029b80000)]
  0x00000000208ed800 JavaThread "jar transforms Thread 107" [_thread_blocked, id=7040, stack(0x0000000029980000,0x0000000029a80000)]
  0x00000000208e2800 JavaThread "jar transforms Thread 106" [_thread_blocked, id=11100, stack(0x0000000029880000,0x0000000029980000)]
  0x00000000208e4800 JavaThread "jar transforms Thread 105" [_thread_blocked, id=19296, stack(0x0000000029780000,0x0000000029880000)]
  0x00000000208e9000 JavaThread "jar transforms Thread 104" [_thread_blocked, id=23528, stack(0x0000000029680000,0x0000000029780000)]
  0x00000000208e3000 JavaThread "jar transforms Thread 103" [_thread_blocked, id=14108, stack(0x0000000029580000,0x0000000029680000)]
  0x00000000208e8800 JavaThread "jar transforms Thread 102" [_thread_blocked, id=16472, stack(0x0000000029480000,0x0000000029580000)]
  0x00000000208e4000 JavaThread "jar transforms Thread 101" [_thread_blocked, id=21628, stack(0x0000000029380000,0x0000000029480000)]
  0x00000000208e1000 JavaThread "jar transforms Thread 100" [_thread_blocked, id=7664, stack(0x0000000029280000,0x0000000029380000)]
  0x00000000208e7000 JavaThread "jar transforms Thread 99" [_thread_blocked, id=23568, stack(0x0000000029180000,0x0000000029280000)]
  0x00000000208e7800 JavaThread "jar transforms Thread 98" [_thread_blocked, id=27716, stack(0x0000000029080000,0x0000000029180000)]
  0x00000000208e6000 JavaThread "jar transforms Thread 97" [_thread_blocked, id=28292, stack(0x0000000028f80000,0x0000000029080000)]
  0x00000000208e5800 JavaThread "jar transforms Thread 96" [_thread_blocked, id=21996, stack(0x0000000028e80000,0x0000000028f80000)]
  0x00000000208e1800 JavaThread "jar transforms Thread 95" [_thread_blocked, id=26548, stack(0x0000000028d80000,0x0000000028e80000)]
  0x0000000020bc0800 JavaThread "jar transforms Thread 94" [_thread_blocked, id=15812, stack(0x0000000028c80000,0x0000000028d80000)]
  0x0000000020bbe000 JavaThread "jar transforms Thread 93" [_thread_blocked, id=21740, stack(0x0000000028b80000,0x0000000028c80000)]
  0x0000000020bb9800 JavaThread "jar transforms Thread 92" [_thread_blocked, id=3692, stack(0x0000000028a80000,0x0000000028b80000)]
  0x0000000020bbf800 JavaThread "jar transforms Thread 91" [_thread_blocked, id=20368, stack(0x0000000028980000,0x0000000028a80000)]
  0x0000000020bbd800 JavaThread "jar transforms Thread 90" [_thread_blocked, id=22020, stack(0x0000000028880000,0x0000000028980000)]
  0x0000000020bbc800 JavaThread "Build operations Thread 16" [_thread_blocked, id=24884, stack(0x0000000028780000,0x0000000028880000)]
  0x0000000020bbc000 JavaThread "Build operations Thread 15" [_thread_blocked, id=13960, stack(0x0000000028680000,0x0000000028780000)]
  0x0000000020bbb000 JavaThread "Build operations Thread 14" [_thread_blocked, id=17764, stack(0x0000000028180000,0x0000000028280000)]
  0x0000000020bba800 JavaThread "Build operations Thread 13" [_thread_blocked, id=3128, stack(0x0000000027050000,0x0000000027150000)]
  0x0000000020bbf000 JavaThread "Build operations Thread 12" [_thread_blocked, id=26260, stack(0x0000000024110000,0x0000000024210000)]
  0x0000000020bb2000 JavaThread "Build operations Thread 11" [_thread_blocked, id=8220, stack(0x0000000024010000,0x0000000024110000)]
  0x0000000020bb9000 JavaThread "Build operations Thread 10" [_thread_blocked, id=25128, stack(0x0000000023f10000,0x0000000024010000)]
  0x0000000020bb3800 JavaThread "Build operations Thread 9" [_thread_blocked, id=20312, stack(0x0000000023bb0000,0x0000000023cb0000)]
  0x0000000020bb1800 JavaThread "Build operations Thread 8" [_thread_blocked, id=18140, stack(0x0000000023ab0000,0x0000000023bb0000)]
  0x0000000020bb8000 JavaThread "Build operations Thread 7" [_thread_blocked, id=24376, stack(0x00000000239b0000,0x0000000023ab0000)]
  0x0000000020bb7800 JavaThread "Build operations Thread 6" [_thread_blocked, id=21036, stack(0x00000000238b0000,0x00000000239b0000)]
  0x0000000020bb3000 JavaThread "Build operations Thread 5" [_thread_blocked, id=23288, stack(0x00000000237b0000,0x00000000238b0000)]
  0x0000000020bb6800 JavaThread "Build operations Thread 4" [_thread_blocked, id=25460, stack(0x00000000236b0000,0x00000000237b0000)]
  0x000000002104b000 JavaThread "Build operations Thread 3" [_thread_blocked, id=4340, stack(0x00000000235b0000,0x00000000236b0000)]
  0x0000000021049800 JavaThread "Build operations Thread 2" [_thread_blocked, id=28560, stack(0x00000000234b0000,0x00000000235b0000)]
  0x000000002104c800 JavaThread "Build operations" [_thread_blocked, id=24924, stack(0x00000000233b0000,0x00000000234b0000)]
  0x0000000021049000 JavaThread "Cache worker for cache directory md-rule (C:\Users\1403\.gradle\caches\6.5\md-rule)" [_thread_blocked, id=24436, stack(0x00000000232b0000,0x00000000233b0000)]
  0x000000002104c000 JavaThread "Cache worker for cache directory md-supplier (C:\Users\1403\.gradle\caches\6.5\md-supplier)" [_thread_blocked, id=24976, stack(0x00000000231b0000,0x00000000232b0000)]
  0x000000002104a800 JavaThread "Cache worker for checksums cache (C:\camera-samples-main\MyApplication1125_1\.gradle\checksums)" [_thread_blocked, id=22368, stack(0x00000000230b0000,0x00000000231b0000)]
  0x0000000021048000 JavaThread "jar transforms Thread 89" [_thread_blocked, id=18224, stack(0x0000000022fb0000,0x00000000230b0000)]
  0x0000000021040800 JavaThread "jar transforms Thread 88" [_thread_blocked, id=27552, stack(0x0000000022eb0000,0x0000000022fb0000)]
  0x0000000021046800 JavaThread "jar transforms Thread 87" [_thread_blocked, id=14560, stack(0x0000000022db0000,0x0000000022eb0000)]
  0x0000000021047800 JavaThread "jar transforms Thread 86" [_thread_blocked, id=23640, stack(0x0000000022cb0000,0x0000000022db0000)]
  0x000000002103f000 JavaThread "jar transforms Thread 85" [_thread_blocked, id=7232, stack(0x0000000022bb0000,0x0000000022cb0000)]
  0x0000000021045800 JavaThread "jar transforms Thread 84" [_thread_blocked, id=14804, stack(0x0000000022ab0000,0x0000000022bb0000)]
  0x000000002103e000 JavaThread "Cache worker for file hash cache (C:\camera-samples-main\MyApplication1125_1\.gradle\6.5\fileHashes)" [_thread_blocked, id=19960, stack(0x00000000229b0000,0x0000000022ab0000)]
  0x0000000021041000 JavaThread "Thread-141" [_thread_blocked, id=27140, stack(0x00000000228b0000,0x00000000229b0000)]
  0x000000002103f800 JavaThread "Stdin handler" [_thread_blocked, id=27300, stack(0x00000000227b0000,0x00000000228b0000)]
  0x0000000021045000 JavaThread "Asynchronous log dispatcher for DefaultDaemonConnection: socket connection from /127.0.0.1:64084 to /127.0.0.1:64097" [_thread_blocked, id=19620, stack(0x000000001fe10000,0x000000001ff10000)]
  0x0000000021044000 JavaThread "Daemon worker Thread 2" [_thread_in_Java, id=21664, stack(0x000000001fd10000,0x000000001fe10000)]
  0x0000000021043800 JavaThread "Cancel handler" [_thread_blocked, id=18548, stack(0x000000001fc10000,0x000000001fd10000)]
  0x0000000021042000 JavaThread "Handler for socket connection from /127.0.0.1:64084 to /127.0.0.1:64097" [_thread_in_native, id=28592, stack(0x000000001fb10000,0x000000001fc10000)]
  0x0000000021042800 JavaThread "Daemon Thread 2" [_thread_blocked, id=25344, stack(0x000000001f810000,0x000000001f910000)]
  0x000000001c950000 JavaThread "Memory manager" [_thread_blocked, id=24824, stack(0x000000002d780000,0x000000002d880000)]
  0x00000000208ed000 JavaThread "Cache worker for file content cache (C:\Users\1403\.gradle\caches\6.5\fileContent)" [_thread_blocked, id=25412, stack(0x0000000024910000,0x0000000024a10000)]
  0x00000000208ec000 JavaThread "Cache worker for execution history cache (C:\Users\1403\.gradle\caches\6.5\executionHistory)" [_thread_blocked, id=25872, stack(0x0000000024410000,0x0000000024510000)]
  0x000000001e297800 JavaThread "Cache worker for file hash cache (C:\Users\1403\.gradle\caches\6.5\fileHashes)" [_thread_blocked, id=5676, stack(0x0000000020310000,0x0000000020410000)]
  0x000000001e296800 JavaThread "File lock request listener" [_thread_in_native, id=12860, stack(0x0000000020210000,0x0000000020310000)]
  0x000000001e01b800 JavaThread "Cache worker for journal cache (C:\Users\1403\.gradle\caches\journal-1)" [_thread_blocked, id=19244, stack(0x0000000020110000,0x0000000020210000)]
  0x000000001df03000 JavaThread "Daemon periodic checks" [_thread_blocked, id=19000, stack(0x000000001f510000,0x000000001f610000)]
  0x000000001df01800 JavaThread "Incoming local TCP Connector on port 64084" [_thread_in_native, id=6608, stack(0x000000001f330000,0x000000001f430000)]
  0x000000001dc23000 JavaThread "Daemon health stats" [_thread_blocked, id=9552, stack(0x000000001f030000,0x000000001f130000)]
  0x0000000019cbd800 JavaThread "Service Thread" daemon [_thread_blocked, id=15244, stack(0x000000001c490000,0x000000001c590000)]
  0x0000000019caa800 JavaThread "C1 CompilerThread11" daemon [_thread_blocked, id=18860, stack(0x000000001c390000,0x000000001c490000)]
  0x0000000019c92000 JavaThread "C1 CompilerThread10" daemon [_thread_blocked, id=19616, stack(0x000000001c290000,0x000000001c390000)]
  0x0000000019c89800 JavaThread "C1 CompilerThread9" daemon [_thread_in_native, id=20428, stack(0x000000001c090000,0x000000001c190000)]
  0x0000000019c7c800 JavaThread "C1 CompilerThread8" daemon [_thread_blocked, id=26472, stack(0x000000001bf90000,0x000000001c090000)]
  0x0000000019c72000 JavaThread "C2 CompilerThread7" daemon [_thread_blocked, id=28064, stack(0x000000001be90000,0x000000001bf90000)]
  0x0000000019c5b800 JavaThread "C2 CompilerThread6" daemon [_thread_blocked, id=27108, stack(0x000000001bd90000,0x000000001be90000)]
  0x0000000019c46800 JavaThread "C2 CompilerThread5" daemon [_thread_blocked, id=25840, stack(0x000000001bc90000,0x000000001bd90000)]
  0x0000000019c24800 JavaThread "C2 CompilerThread4" daemon [_thread_in_native, id=7688, stack(0x000000001bb90000,0x000000001bc90000)]
  0x0000000019bf8000 JavaThread "C2 CompilerThread3" daemon [_thread_in_native, id=28268, stack(0x000000001ba90000,0x000000001bb90000)]
  0x0000000019bf5000 JavaThread "C2 CompilerThread2" daemon [_thread_in_native, id=4132, stack(0x000000001b990000,0x000000001ba90000)]
  0x0000000019bf4800 JavaThread "C2 CompilerThread1" daemon [_thread_in_native, id=2456, stack(0x000000001b890000,0x000000001b990000)]
=>0x0000000019bee800 JavaThread "C2 CompilerThread0" daemon [_thread_in_native, id=27760, stack(0x000000001b790000,0x000000001b890000)]
  0x0000000019b98000 JavaThread "Attach Listener" daemon [_thread_blocked, id=15500, stack(0x000000001b690000,0x000000001b790000)]
  0x0000000019bed000 JavaThread "Signal Dispatcher" daemon [_thread_blocked, id=15304, stack(0x000000001b590000,0x000000001b690000)]
  0x0000000018123000 JavaThread "Finalizer" daemon [_thread_blocked, id=2672, stack(0x000000001b400000,0x000000001b500000)]
  0x0000000019b75800 JavaThread "Reference Handler" daemon [_thread_blocked, id=11792, stack(0x000000001b300000,0x000000001b400000)]
  0x0000000002ab2800 JavaThread "main" [_thread_blocked, id=11860, stack(0x0000000002630000,0x0000000002730000)]

Other Threads:
  0x0000000019b53000 VMThread [stack: 0x000000001b200000,0x000000001b300000] [id=25448]
  0x0000000019cc2000 WatcherThread [stack: 0x000000001c590000,0x000000001c690000] [id=22944]

VM state:not at safepoint (normal execution)

VM Mutex/Monitor currently owned by a thread: None

heap address: 0x0000000080000000, size: 2048 MB, Compressed Oops mode: 32-bit
Narrow klass base: 0x0000000000000000, Narrow klass shift: 3
Compressed class space size: 1073741824 Address: 0x0000000100000000

Heap:
 PSYoungGen      total 194560K, used 181380K [0x00000000d5580000, 0x00000000e4680000, 0x0000000100000000)
  eden space 175104K, 94% used [0x00000000d5580000,0x00000000df71cf10,0x00000000e0080000)
  from space 19456K, 81% used [0x00000000e0080000,0x00000000e10044b0,0x00000000e1380000)
  to   space 20480K, 0% used [0x00000000e3280000,0x00000000e3280000,0x00000000e4680000)
 ParOldGen       total 136192K, used 36339K [0x0000000080000000, 0x0000000088500000, 0x00000000d5580000)
  object space 136192K, 26% used [0x0000000080000000,0x000000008237cf40,0x0000000088500000)
 Metaspace       used 76007K, capacity 79845K, committed 80088K, reserved 1118208K
  class space    used 10177K, capacity 10978K, committed 11008K, reserved 1048576K

Card table byte_map: [0x0000000011f70000,0x0000000012380000] byte_map_base: 0x0000000011b70000

Marking Bits: (ParMarkBitMap*) 0x000000006d62f030
 Begin Bits: [0x0000000013330000, 0x0000000015330000)
 End Bits:   [0x0000000015330000, 0x0000000017330000)

Polling page: 0x0000000000d90000

CodeCache: size=245760Kb used=26856Kb max_used=26856Kb free=218903Kb
 bounds [0x0000000002bb0000, 0x0000000004610000, 0x0000000011bb0000]
 total_blobs=8607 nmethods=7796 adapters=720
 compilation: enabled

Compilation events (10 events):
Event: 97.017 Thread 0x0000000019c89800 nmethod 8848 0x00000000045c5d10 code [0x00000000045c5f40, 0x00000000045c6df8]
Event: 97.017 Thread 0x0000000019c7c800 nmethod 8853 0x00000000045c5910 code [0x00000000045c5a80, 0x00000000045c5c88]
Event: 97.017 Thread 0x0000000019caa800 nmethod 8855 0x00000000045c55d0 code [0x00000000045c5720, 0x00000000045c5870]
Event: 97.017 Thread 0x0000000019c7c800 8856       3       java.util.AbstractCollection::containsAll (38 bytes)
Event: 97.018 Thread 0x0000000019c89800 8857       1       org.gradle.api.internal.artifacts.transform.LegacyTransformer::isIsolated (2 bytes)
Event: 97.018 Thread 0x0000000019c24800 8858       4       org.gradle.internal.instantiation.generator.DependencyInjectingInstantiator::newInstance (8 bytes)
Event: 97.018 Thread 0x0000000019c89800 nmethod 8857 0x00000000045c5290 code [0x00000000045c53e0, 0x00000000045c54f0]
Event: 97.018 Thread 0x0000000019c92000 nmethod 8851 0x00000000045ca9d0 code [0x00000000045cabe0, 0x00000000045cb558]
Event: 97.018 Thread 0x0000000019c7c800 nmethod 8856 0x00000000045cba90 code [0x00000000045cbc40, 0x00000000045cc198]
Event: 97.018 Thread 0x0000000019bf5000 8859   !   4       org.gradle.api.internal.attributes.DefaultImmutableAttributesFactory::doConcatIsolatable (128 bytes)

GC Heap History (10 events):
Event: 7.098 GC heap before
{Heap before GC invocations=12 (full 2):
 PSYoungGen      total 120320K, used 108544K [0x00000000d5580000, 0x00000000e0480000, 0x0000000100000000)
  eden space 108544K, 100% used [0x00000000d5580000,0x00000000dbf80000,0x00000000dbf80000)
  from space 11776K, 0% used [0x00000000dbf80000,0x00000000dbf80000,0x00000000dcb00000)
  to   space 12288K, 0% used [0x00000000df880000,0x00000000df880000,0x00000000e0480000)
 ParOldGen       total 84992K, used 15606K [0x0000000080000000, 0x0000000085300000, 0x00000000d5580000)
  object space 84992K, 18% used [0x0000000080000000,0x0000000080f3dbf0,0x0000000085300000)
 Metaspace       used 38801K, capacity 40872K, committed 41048K, reserved 1085440K
  class space    used 5331K, capacity 5747K, committed 5760K, reserved 1048576K
Event: 7.107 GC heap after
Heap after GC invocations=12 (full 2):
 PSYoungGen      total 148992K, used 9493K [0x00000000d5580000, 0x00000000e0200000, 0x0000000100000000)
  eden space 139264K, 0% used [0x00000000d5580000,0x00000000d5580000,0x00000000ddd80000)
  from space 9728K, 97% used [0x00000000df880000,0x00000000e01c5588,0x00000000e0200000)
  to   space 12800K, 0% used [0x00000000de900000,0x00000000de900000,0x00000000df580000)
 ParOldGen       total 84992K, used 15614K [0x0000000080000000, 0x0000000085300000, 0x00000000d5580000)
  object space 84992K, 18% used [0x0000000080000000,0x0000000080f3fbf0,0x0000000085300000)
 Metaspace       used 38801K, capacity 40872K, committed 41048K, reserved 1085440K
  class space    used 5331K, capacity 5747K, committed 5760K, reserved 1048576K
}
Event: 8.541 GC heap before
{Heap before GC invocations=13 (full 2):
 PSYoungGen      total 148992K, used 148757K [0x00000000d5580000, 0x00000000e0200000, 0x0000000100000000)
  eden space 139264K, 100% used [0x00000000d5580000,0x00000000ddd80000,0x00000000ddd80000)
  from space 9728K, 97% used [0x00000000df880000,0x00000000e01c5588,0x00000000e0200000)
  to   space 12800K, 0% used [0x00000000de900000,0x00000000de900000,0x00000000df580000)
 ParOldGen       total 84992K, used 15614K [0x0000000080000000, 0x0000000085300000, 0x00000000d5580000)
  object space 84992K, 18% used [0x0000000080000000,0x0000000080f3fbf0,0x0000000085300000)
 Metaspace       used 49780K, capacity 52048K, committed 52184K, reserved 1093632K
  class space    used 6697K, capacity 7140K, committed 7168K, reserved 1048576K
Event: 8.556 GC heap after
Heap after GC invocations=13 (full 2):
 PSYoungGen      total 163840K, used 12796K [0x00000000d5580000, 0x00000000e2400000, 0x0000000100000000)
  eden space 151040K, 0% used [0x00000000d5580000,0x00000000d5580000,0x00000000de900000)
  from space 12800K, 99% used [0x00000000de900000,0x00000000df57f320,0x00000000df580000)
  to   space 16896K, 0% used [0x00000000e1380000,0x00000000e1380000,0x00000000e2400000)
 ParOldGen       total 84992K, used 23974K [0x0000000080000000, 0x0000000085300000, 0x00000000d5580000)
  object space 84992K, 28% used [0x0000000080000000,0x0000000081769a20,0x0000000085300000)
 Metaspace       used 49780K, capacity 52048K, committed 52184K, reserved 1093632K
  class space    used 6697K, capacity 7140K, committed 7168K, reserved 1048576K
}
Event: 9.294 GC heap before
{Heap before GC invocations=14 (full 2):
 PSYoungGen      total 163840K, used 101364K [0x00000000d5580000, 0x00000000e2400000, 0x0000000100000000)
  eden space 151040K, 58% used [0x00000000d5580000,0x00000000dabfdea0,0x00000000de900000)
  from space 12800K, 99% used [0x00000000de900000,0x00000000df57f320,0x00000000df580000)
  to   space 16896K, 0% used [0x00000000e1380000,0x00000000e1380000,0x00000000e2400000)
 ParOldGen       total 84992K, used 23974K [0x0000000080000000, 0x0000000085300000, 0x00000000d5580000)
  object space 84992K, 28% used [0x0000000080000000,0x0000000081769a20,0x0000000085300000)
 Metaspace       used 56246K, capacity 59011K, committed 59028K, reserved 1099776K
  class space    used 7650K, capacity 8192K, committed 8192K, reserved 1048576K
Event: 9.309 GC heap after
Heap after GC invocations=14 (full 2):
 PSYoungGen      total 192000K, used 16784K [0x00000000d5580000, 0x00000000e3b00000, 0x0000000100000000)
  eden space 175104K, 0% used [0x00000000d5580000,0x00000000d5580000,0x00000000e0080000)
  from space 16896K, 99% used [0x00000000e1380000,0x00000000e23e41f0,0x00000000e2400000)
  to   space 19456K, 0% used [0x00000000e0080000,0x00000000e0080000,0x00000000e1380000)
 ParOldGen       total 84992K, used 29156K [0x0000000080000000, 0x0000000085300000, 0x00000000d5580000)
  object space 84992K, 34% used [0x0000000080000000,0x0000000081c79190,0x0000000085300000)
 Metaspace       used 56246K, capacity 59011K, committed 59028K, reserved 1099776K
  class space    used 7650K, capacity 8192K, committed 8192K, reserved 1048576K
}
Event: 9.309 GC heap before
{Heap before GC invocations=15 (full 3):
 PSYoungGen      total 192000K, used 16784K [0x00000000d5580000, 0x00000000e3b00000, 0x0000000100000000)
  eden space 175104K, 0% used [0x00000000d5580000,0x00000000d5580000,0x00000000e0080000)
  from space 16896K, 99% used [0x00000000e1380000,0x00000000e23e41f0,0x00000000e2400000)
  to   space 19456K, 0% used [0x00000000e0080000,0x00000000e0080000,0x00000000e1380000)
 ParOldGen       total 84992K, used 29156K [0x0000000080000000, 0x0000000085300000, 0x00000000d5580000)
  object space 84992K, 34% used [0x0000000080000000,0x0000000081c79190,0x0000000085300000)
 Metaspace       used 56246K, capacity 59011K, committed 59028K, reserved 1099776K
  class space    used 7650K, capacity 8192K, committed 8192K, reserved 1048576K
Event: 9.525 GC heap after
Heap after GC invocations=15 (full 3):
 PSYoungGen      total 192000K, used 0K [0x00000000d5580000, 0x00000000e3b00000, 0x0000000100000000)
  eden space 175104K, 0% used [0x00000000d5580000,0x00000000d5580000,0x00000000e0080000)
  from space 16896K, 0% used [0x00000000e1380000,0x00000000e1380000,0x00000000e2400000)
  to   space 19456K, 0% used [0x00000000e0080000,0x00000000e0080000,0x00000000e1380000)
 ParOldGen       total 136192K, used 36267K [0x0000000080000000, 0x0000000088500000, 0x00000000d5580000)
  object space 136192K, 26% used [0x0000000080000000,0x000000008236af30,0x0000000088500000)
 Metaspace       used 56159K, capacity 58717K, committed 59028K, reserved 1099776K
  class space    used 7623K, capacity 8143K, committed 8192K, reserved 1048576K
}
Event: 11.265 GC heap before
{Heap before GC invocations=16 (full 3):
 PSYoungGen      total 192000K, used 175104K [0x00000000d5580000, 0x00000000e3b00000, 0x0000000100000000)
  eden space 175104K, 100% used [0x00000000d5580000,0x00000000e0080000,0x00000000e0080000)
  from space 16896K, 0% used [0x00000000e1380000,0x00000000e1380000,0x00000000e2400000)
  to   space 19456K, 0% used [0x00000000e0080000,0x00000000e0080000,0x00000000e1380000)
 ParOldGen       total 136192K, used 36267K [0x0000000080000000, 0x0000000088500000, 0x00000000d5580000)
  object space 136192K, 26% used [0x0000000080000000,0x000000008236af30,0x0000000088500000)
 Metaspace       used 65641K, capacity 68993K, committed 69080K, reserved 1107968K
  class space    used 9007K, capacity 9658K, committed 9728K, reserved 1048576K
Event: 11.279 GC heap after
Heap after GC invocations=16 (full 3):
 PSYoungGen      total 194560K, used 15889K [0x00000000d5580000, 0x00000000e4680000, 0x0000000100000000)
  eden space 175104K, 0% used [0x00000000d5580000,0x00000000d5580000,0x00000000e0080000)
  from space 19456K, 81% used [0x00000000e0080000,0x00000000e10044b0,0x00000000e1380000)
  to   space 20480K, 0% used [0x00000000e3280000,0x00000000e3280000,0x00000000e4680000)
 ParOldGen       total 136192K, used 36339K [0x0000000080000000, 0x0000000088500000, 0x00000000d5580000)
  object space 136192K, 26% used [0x0000000080000000,0x000000008237cf40,0x0000000088500000)
 Metaspace       used 65641K, capacity 68993K, committed 69080K, reserved 1107968K
  class space    used 9007K, capacity 9658K, committed 9728K, reserved 1048576K
}

Deoptimization events (10 events):
Event: 13.004 Thread 0x00000000208ee800 Uncommon trap: reason=class_check action=maybe_recompile pc=0x0000000003b0bafc method=java.util.concurrent.locks.ReentrantLock.lock()V @ 4
Event: 13.059 Thread 0x000000001df58800 Uncommon trap: reason=unstable_if action=reinterpret pc=0x0000000003f7d994 method=com.esotericsoftware.kryo.io.Input.require(I)I @ 180
Event: 43.452 Thread 0x000000001df03000 Uncommon trap: reason=bimorphic action=maybe_recompile pc=0x00000000030141a8 method=java.util.HashMap.removeNode(ILjava/lang/Object;Ljava/lang/Object;ZZ)Ljava/util/HashMap$Node; @ 283
Event: 43.452 Thread 0x000000001df03000 Uncommon trap: reason=bimorphic action=maybe_recompile pc=0x00000000030141a8 method=java.util.HashMap.removeNode(ILjava/lang/Object;Ljava/lang/Object;ZZ)Ljava/util/HashMap$Node; @ 283
Event: 53.454 Thread 0x000000001df03000 Uncommon trap: reason=bimorphic action=maybe_recompile pc=0x00000000030141a8 method=java.util.HashMap.removeNode(ILjava/lang/Object;Ljava/lang/Object;ZZ)Ljava/util/HashMap$Node; @ 283
Event: 73.454 Thread 0x000000001df03000 Uncommon trap: reason=bimorphic action=maybe_recompile pc=0x00000000030141a8 method=java.util.HashMap.removeNode(ILjava/lang/Object;Ljava/lang/Object;ZZ)Ljava/util/HashMap$Node; @ 283
Event: 96.496 Thread 0x0000000021042000 Uncommon trap: reason=unstable_if action=reinterpret pc=0x0000000003f7f1dc method=com.esotericsoftware.kryo.io.Input.readString()Ljava/lang/String; @ 38
Event: 96.530 Thread 0x0000000021044000 Uncommon trap: reason=unstable_if action=reinterpret pc=0x0000000003972998 method=org.gradle.internal.logging.sink.OutputEventTransformer.onOutput(Lorg/gradle/internal/logging/events/OutputEvent;)V @ 84
Event: 97.012 Thread 0x0000000021044000 Uncommon trap: reason=bimorphic action=maybe_recompile pc=0x0000000003d20624 method=org.codehaus.groovy.util.SingleKeyHashMap.get(Ljava/lang/Object;)Ljava/lang/Object; @ 1
Event: 97.013 Thread 0x0000000021044000 Uncommon trap: reason=bimorphic action=maybe_recompile pc=0x0000000003d20624 method=org.codehaus.groovy.util.SingleKeyHashMap.get(Ljava/lang/Object;)Ljava/lang/Object; @ 1

Classes redefined (0 events):
No events

Internal exceptions (10 events):
Event: 96.616 Thread 0x0000000021041000 Exception <a 'java/lang/NoSuchMethodError': <clinit>> (0x00000000dd4b9060) thrown at [C:\src\AOSP-openjdk-git\hotspot\src\share\vm\prims\jni.cpp, line 1615]
Event: 96.617 Thread 0x0000000021041000 Exception <a 'java/lang/NoSuchMethodError': <clinit>> (0x00000000dd4c8468) thrown at [C:\src\AOSP-openjdk-git\hotspot\src\share\vm\prims\jni.cpp, line 1615]
Event: 96.617 Thread 0x0000000021041000 Exception <a 'java/lang/NoSuchMethodError': <clinit>> (0x00000000dd4cb588) thrown at [C:\src\AOSP-openjdk-git\hotspot\src\share\vm\prims\jni.cpp, line 1615]
Event: 96.918 Thread 0x0000000021041000 Exception <a 'java/lang/NoSuchMethodError': <clinit>> (0x00000000ded4d298) thrown at [C:\src\AOSP-openjdk-git\hotspot\src\share\vm\prims\jni.cpp, line 1615]
Event: 96.919 Thread 0x0000000021041000 Exception <a 'java/lang/NoSuchMethodError': <clinit>> (0x00000000ded64948) thrown at [C:\src\AOSP-openjdk-git\hotspot\src\share\vm\prims\jni.cpp, line 1615]
Event: 96.919 Thread 0x0000000021041000 Exception <a 'java/lang/NoSuchMethodError': <clinit>> (0x00000000ded65e80) thrown at [C:\src\AOSP-openjdk-git\hotspot\src\share\vm\prims\jni.cpp, line 1615]
Event: 96.919 Thread 0x0000000021041000 Exception <a 'java/lang/NoSuchMethodError': <clinit>> (0x00000000ded67778) thrown at [C:\src\AOSP-openjdk-git\hotspot\src\share\vm\prims\jni.cpp, line 1615]
Event: 96.920 Thread 0x0000000021041000 Exception <a 'java/lang/NoSuchMethodError': <clinit>> (0x00000000ded8ff98) thrown at [C:\src\AOSP-openjdk-git\hotspot\src\share\vm\prims\jni.cpp, line 1615]
Event: 96.920 Thread 0x0000000021041000 Exception <a 'java/lang/NoSuchMethodError': <clinit>> (0x00000000ded9ae78) thrown at [C:\src\AOSP-openjdk-git\hotspot\src\share\vm\prims\jni.cpp, line 1615]
Event: 96.921 Thread 0x0000000021041000 Exception <a 'java/lang/NoSuchMethodError': <clinit>> (0x00000000dedcd648) thrown at [C:\src\AOSP-openjdk-git\hotspot\src\share\vm\prims\jni.cpp, line 1615]

Events (10 events):
Event: 97.011 Executing VM operation: RevokeBias
Event: 97.012 Executing VM operation: RevokeBias done
Event: 97.012 Executing VM operation: RevokeBias
Event: 97.012 Executing VM operation: RevokeBias done
Event: 97.012 Thread 0x0000000021044000 Uncommon trap: trap_request=0xffffffc6 fr.pc=0x0000000003d20624
Event: 97.012 Thread 0x0000000021044000 DEOPT PACKING pc=0x0000000003d20624 sp=0x000000001fe061a0
Event: 97.013 Thread 0x0000000021044000 DEOPT UNPACKING pc=0x0000000002bf557b sp=0x000000001fe06138 mode 2
Event: 97.013 Thread 0x0000000021044000 Uncommon trap: trap_request=0xffffffc6 fr.pc=0x0000000003d20624
Event: 97.013 Thread 0x0000000021044000 DEOPT PACKING pc=0x0000000003d20624 sp=0x000000001fe05ed0
Event: 97.013 Thread 0x0000000021044000 DEOPT UNPACKING pc=0x0000000002bf557b sp=0x000000001fe05e68 mode 2


Dynamic libraries:
0x00007ff6235d0000 - 0x00007ff623601000 	C:\Program Files\Android\Android Studio\jre\bin\java.exe
0x00007ffc6c7f0000 - 0x00007ffc6c9e6000 	C:\WINDOWS\SYSTEM32\ntdll.dll
0x00007ffc49500000 - 0x00007ffc49512000 	C:\Program Files\Avast Software\Avast\aswhook.dll
0x00007ffc6a980000 - 0x00007ffc6aa3d000 	C:\WINDOWS\System32\KERNEL32.DLL
0x00007ffc6a320000 - 0x00007ffc6a5e9000 	C:\WINDOWS\System32\KERNELBASE.dll
0x00007ffc6c540000 - 0x00007ffc6c5ec000 	C:\WINDOWS\System32\ADVAPI32.dll
0x00007ffc6bce0000 - 0x00007ffc6bd7e000 	C:\WINDOWS\System32\msvcrt.dll
0x00007ffc6c060000 - 0x00007ffc6c0fc000 	C:\WINDOWS\System32\sechost.dll
0x00007ffc6a850000 - 0x00007ffc6a97b000 	C:\WINDOWS\System32\RPCRT4.dll
0x00007ffc6ba30000 - 0x00007ffc6bbd0000 	C:\WINDOWS\System32\USER32.dll
0x00007ffc6a140000 - 0x00007ffc6a162000 	C:\WINDOWS\System32\win32u.dll
0x00007ffc6ba00000 - 0x00007ffc6ba2a000 	C:\WINDOWS\System32\GDI32.dll
0x00007ffc6a210000 - 0x00007ffc6a319000 	C:\WINDOWS\System32\gdi32full.dll
0x00007ffc6a170000 - 0x00007ffc6a20d000 	C:\WINDOWS\System32\msvcp_win.dll
0x00007ffc69f30000 - 0x00007ffc6a030000 	C:\WINDOWS\System32\ucrtbase.dll
0x00007ffc693d0000 - 0x00007ffc6966b000 	C:\WINDOWS\WinSxS\amd64_microsoft.windows.common-controls_6595b64144ccf1df_6.0.19041.488_none_ca04af081b815d21\COMCTL32.dll
0x00007ffc6c720000 - 0x00007ffc6c750000 	C:\WINDOWS\System32\IMM32.DLL
0x000000006cca0000 - 0x000000006cd72000 	C:\Program Files\Android\Android Studio\jre\jre\bin\msvcr100.dll
0x000000006ce60000 - 0x000000006d6ab000 	C:\Program Files\Android\Android Studio\jre\jre\bin\server\jvm.dll
0x00007ffc6aa40000 - 0x00007ffc6aa48000 	C:\WINDOWS\System32\PSAPI.DLL
0x00007ffc5e230000 - 0x00007ffc5e239000 	C:\WINDOWS\SYSTEM32\WSOCK32.dll
0x00007ffc6b980000 - 0x00007ffc6b9eb000 	C:\WINDOWS\System32\WS2_32.dll
0x00007ffc59180000 - 0x00007ffc591a7000 	C:\WINDOWS\SYSTEM32\WINMM.dll
0x00007ffc680d0000 - 0x00007ffc680da000 	C:\WINDOWS\SYSTEM32\VERSION.dll
0x00007ffc696f0000 - 0x00007ffc696ff000 	C:\Program Files\Android\Android Studio\jre\jre\bin\verify.dll
0x00007ffc63350000 - 0x00007ffc63379000 	C:\Program Files\Android\Android Studio\jre\jre\bin\java.dll
0x00007ffc615a0000 - 0x00007ffc615b6000 	C:\Program Files\Android\Android Studio\jre\jre\bin\zip.dll
0x00007ffc6aa50000 - 0x00007ffc6b192000 	C:\WINDOWS\System32\SHELL32.dll
0x00007ffc67930000 - 0x00007ffc680c5000 	C:\WINDOWS\SYSTEM32\windows.storage.dll
0x00007ffc6c100000 - 0x00007ffc6c456000 	C:\WINDOWS\System32\combase.dll
0x00007ffc69120000 - 0x00007ffc6914c000 	C:\WINDOWS\SYSTEM32\Wldp.dll
0x00007ffc6bbd0000 - 0x00007ffc6bc7e000 	C:\WINDOWS\System32\SHCORE.dll
0x00007ffc6bc80000 - 0x00007ffc6bcd5000 	C:\WINDOWS\System32\shlwapi.dll
0x00007ffc69e60000 - 0x00007ffc69e86000 	C:\WINDOWS\SYSTEM32\profapi.dll
0x00007ffc60ed0000 - 0x00007ffc60eea000 	C:\Program Files\Android\Android Studio\jre\jre\bin\net.dll
0x00007ffc68fa0000 - 0x00007ffc6900a000 	C:\WINDOWS\system32\mswsock.dll
0x00007ffc60680000 - 0x00007ffc60693000 	C:\Program Files\Android\Android Studio\jre\jre\bin\nio.dll
0x00007ffc60ba0000 - 0x00007ffc60bc7000 	C:\Users\1403\.gradle\native\f6784746aeab05261644944871eae4fe03e0ef1612fff0a4a95f87b438bc6780\windows-amd64\native-platform.dll
0x00007ffc68160000 - 0x00007ffc6816d000 	C:\Program Files\Android\Android Studio\jre\jre\bin\management.dll
0x00007ffc69bf0000 - 0x00007ffc69c08000 	C:\WINDOWS\SYSTEM32\CRYPTSP.dll
0x00007ffc68980000 - 0x00007ffc689b4000 	C:\WINDOWS\system32\rsaenh.dll
0x00007ffc6a5f0000 - 0x00007ffc6a617000 	C:\WINDOWS\System32\bcrypt.dll
0x00007ffc69e20000 - 0x00007ffc69e4e000 	C:\WINDOWS\SYSTEM32\USERENV.dll
0x00007ffc6a7d0000 - 0x00007ffc6a850000 	C:\WINDOWS\System32\bcryptprimitives.dll
0x00007ffc69240000 - 0x00007ffc6924c000 	C:\WINDOWS\SYSTEM32\CRYPTBASE.dll
0x00007ffc68cc0000 - 0x00007ffc68cfb000 	C:\WINDOWS\SYSTEM32\IPHLPAPI.DLL
0x00007ffc6bf30000 - 0x00007ffc6bf38000 	C:\WINDOWS\System32\NSI.dll
0x00007ffc63bb0000 - 0x00007ffc63bc7000 	C:\WINDOWS\SYSTEM32\dhcpcsvc6.DLL
0x00007ffc63920000 - 0x00007ffc6393d000 	C:\WINDOWS\SYSTEM32\dhcpcsvc.DLL
0x00007ffc68d00000 - 0x00007ffc68dcb000 	C:\WINDOWS\SYSTEM32\DNSAPI.dll
0x00007ffc63bf0000 - 0x00007ffc63bfb000 	C:\WINDOWS\SYSTEM32\WINNSI.DLL

VM Arguments:
jvm_args: -Xmx2048m -Dfile.encoding=UTF-8 -Duser.country=KR -Duser.language=ko -Duser.variant 
java_command: org.gradle.launcher.daemon.bootstrap.GradleDaemon 6.5
java_class_path (initial): C:\Users\1403\.gradle\wrapper\dists\gradle-6.5-bin\6nifqtx7604sqp1q6g8wikw7p\gradle-6.5\lib\gradle-launcher-6.5.jar
Launcher Type: SUN_STANDARD

Environment Variables:
JAVA_HOME=C:\Program Files\Android\Android Studio\jre
PATH=C:\Users\1403\bin;C:\Users\1403\utils\bin;C:\Program Files (x86)\Common Files\Oracle\Java\javapath;C:\app\1403\product\11.2.0\dbhome_1\bin;C:\ProgramData\Oracle\Java\javapath;C:\WINDOWS\system32;C:\WINDOWS;C:\WINDOWS\System32\Wbem;C:\WINDOWS\System32\WindowsPowerShell\v1.0\;C:\Program Files\dotnet\;C:\Program Files\Microsoft SQL Server\130\Tools\Binn\;C:\Program Files (x86)\Windows Kits\8.1\Windows Performance Toolkit\;C:\WINDOWS\System32\OpenSSH\;C:\opencv\build\x64\vc14\bin;C:\Program Files\MATLAB\R2020a\runtime\win64;C:\Program Files\MATLAB\R2020a\bin;C:\Program Files\Point Grey Research\FlyCapture2\bin64;C:\Program Files\Point Grey Research\FlyCap2 Viewer\bin64\vs2013;C:\Program Files\Point Grey Research\FlyCapture2\bin64;C:\Program Files\Point Grey Research\FlyCap2 Viewer\bin64;%FC2PATH\vs2013;C:\Program Files\Point Grey Research\FlyCapture2\bin64;C:\Program Files\Point Grey Research\FlyCap2 Viewer\bin64\vs2015;C:\Program Files\Point Grey Research\FlyCapture2\bin64\vs2015;c:\ninja;C:\Program Files\Android\Android Studio\jre\bin;C:\Program Files\Git\cmd;C:\OrCAD\OrCAD_16.6_Lite\OpenAccess\bin\win32\opt;C:\OrCAD\OrCAD_16.6_Lite\tools\pcb\bin;C:\OrCAD\OrCAD_16.6_Lite\tools\fet\bin;C:\OrCAD\OrCAD_16.6_Lite\tools\Capture;C:\OrCAD\OrCAD_16.6_Lite\tools\PSpice;C:\OrCAD\OrCAD_16.6_Lite\tools\specctra\bin;C:\OrCAD\OrCAD_16.6_Lite\tools\bin;C:\Users\1403\Desktop\opencv\build\x64\vc14\bin\WindowsApps;C:\Program Files\Point Grey Research\FlyCapture2\bin64\vs2015;C:\Users\1403\AppData\Local\Microsoft\WindowsApps
USERNAME=1403
OS=Windows_NT
PROCESSOR_IDENTIFIER=AMD64 Family 23 Model 1 Stepping 1, AuthenticAMD



---------------  S Y S T E M  ---------------

OS: Windows 10.0 , 64 bit Build 19041 (10.0.19041.662)

CPU:total 16 (initial active 16) (16 cores per cpu, 1 threads per core) family 23 model 1 stepping 1, cmov, cx8, fxsr, mmx, sse, sse2, sse3, ssse3, sse4.1, sse4.2, popcnt, avx, avx2, aes, clmul, mmxext, 3dnowpref, lzcnt, sse4a, tsc, tscinvbit, tscinv, bmi1

Memory: 4k page, physical 8319776k(954076k free), swap 33485600k(5164k free)

vm_info: OpenJDK 64-Bit Server VM (25.242-b01) for windows-amd64 JRE (1.8.0_242-release-1644-b01), built by "builder" with MS VC++ 10.0 (VS2010)

time: Wed Jan 06 18:00:42 2021
timezone: 대한민국 표준시
elapsed time: 97 seconds (0d 0h 1m 37s)

